
AVRASM ver. 2.1.30  C:\cvavreval\BIN\practica8\Debug\List\practica8.asm Mon Feb 11 04:22:41 2019

C:\cvavreval\BIN\practica8\Debug\List\practica8.asm(1093): warning: Register r5 already defined by the .DEF directive
C:\cvavreval\BIN\practica8\Debug\List\practica8.asm(1094): warning: Register r4 already defined by the .DEF directive
C:\cvavreval\BIN\practica8\Debug\List\practica8.asm(1095): warning: Register r7 already defined by the .DEF directive
C:\cvavreval\BIN\practica8\Debug\List\practica8.asm(1096): warning: Register r6 already defined by the .DEF directive
C:\cvavreval\BIN\practica8\Debug\List\practica8.asm(1097): warning: Register r9 already defined by the .DEF directive
                 
                 
                 ;CodeVisionAVR C Compiler V3.34 Evaluation
                 ;(C) Copyright 1998-2018 Pavel Haiduc, HP InfoTech s.r.l.
                 ;http://www.hpinfotech.com
                 
                 ;Build configuration    : Debug
                 ;Chip type              : ATmega8535
                 ;Program type           : Application
                 ;Clock frequency        : 1,000000 MHz
                 ;Memory model           : Small
                 ;Optimize for           : Size
                 ;(s)printf features     : int, width
                 ;(s)scanf features      : int, width
                 ;External RAM size      : 0
                 ;Data Stack size        : 128 byte(s)
                 ;Heap size              : 0 byte(s)
                 ;Promote 'char' to 'int': Yes
                 ;'char' is unsigned     : Yes
                 ;8 bit enums            : Yes
                 ;Global 'const' stored in FLASH: Yes
                 ;Enhanced function parameter passing: Mode 2
                 ;Enhanced core instructions: On
                 ;Automatic register allocation for global variables: On
                 ;Smart register allocation: On
                 
                 	#define _MODEL_SMALL_
                 
                 	#pragma AVRPART ADMIN PART_NAME ATmega8535
                 	#pragma AVRPART MEMORY PROG_FLASH 8192
                 	#pragma AVRPART MEMORY EEPROM 512
                 	#pragma AVRPART MEMORY INT_SRAM SIZE 512
                 	#pragma AVRPART MEMORY INT_SRAM START_ADDR 0x60
                 
                 	.LISTMAC
                 	.EQU UDRE=0x5
                 	.EQU RXC=0x7
                 	.EQU USR=0xB
                 	.EQU UDR=0xC
                 	.EQU SPSR=0xE
                 	.EQU SPDR=0xF
                 	.EQU EERE=0x0
                 	.EQU EEWE=0x1
                 	.EQU EEMWE=0x2
                 	.EQU EECR=0x1C
                 	.EQU EEDR=0x1D
                 	.EQU EEARL=0x1E
                 	.EQU EEARH=0x1F
                 	.EQU WDTCR=0x21
                 	.EQU MCUCR=0x35
                 	.EQU GICR=0x3B
                 	.EQU SPL=0x3D
                 	.EQU SPH=0x3E
                 	.EQU SREG=0x3F
                 
                 	.DEF R0X0=R0
                 	.DEF R0X1=R1
                 	.DEF R0X2=R2
                 	.DEF R0X3=R3
                 	.DEF R0X4=R4
                 	.DEF R0X5=R5
                 	.DEF R0X6=R6
                 	.DEF R0X7=R7
                 	.DEF R0X8=R8
                 	.DEF R0X9=R9
                 	.DEF R0XA=R10
                 	.DEF R0XB=R11
                 	.DEF R0XC=R12
                 	.DEF R0XD=R13
                 	.DEF R0XE=R14
                 	.DEF R0XF=R15
                 	.DEF R0X10=R16
                 	.DEF R0X11=R17
                 	.DEF R0X12=R18
                 	.DEF R0X13=R19
                 	.DEF R0X14=R20
                 	.DEF R0X15=R21
                 	.DEF R0X16=R22
                 	.DEF R0X17=R23
                 	.DEF R0X18=R24
                 	.DEF R0X19=R25
                 	.DEF R0X1A=R26
                 	.DEF R0X1B=R27
                 	.DEF R0X1C=R28
                 	.DEF R0X1D=R29
                 	.DEF R0X1E=R30
                 	.DEF R0X1F=R31
                 
                 	.EQU __SRAM_START=0x0060
                 	.EQU __SRAM_END=0x025F
                 	.EQU __DSTACK_SIZE=0x0080
                 	.EQU __HEAP_SIZE=0x0000
                 	.EQU __CLEAR_SRAM_SIZE=__SRAM_END-__SRAM_START+1
                 
                 	.MACRO __CPD1N
                 	CPI  R30,LOW(@0)
                 	LDI  R26,HIGH(@0)
                 	CPC  R31,R26
                 	LDI  R26,BYTE3(@0)
                 	CPC  R22,R26
                 	LDI  R26,BYTE4(@0)
                 	CPC  R23,R26
                 	.ENDM
                 
                 	.MACRO __CPD2N
                 	CPI  R26,LOW(@0)
                 	LDI  R30,HIGH(@0)
                 	CPC  R27,R30
                 	LDI  R30,BYTE3(@0)
                 	CPC  R24,R30
                 	LDI  R30,BYTE4(@0)
                 	CPC  R25,R30
                 	.ENDM
                 
                 	.MACRO __CPWRR
                 	CP   R@0,R@2
                 	CPC  R@1,R@3
                 	.ENDM
                 
                 	.MACRO __CPWRN
                 	CPI  R@0,LOW(@2)
                 	LDI  R30,HIGH(@2)
                 	CPC  R@1,R30
                 	.ENDM
                 
                 	.MACRO __ADDB1MN
                 	SUBI R30,LOW(-@0-(@1))
                 	.ENDM
                 
                 	.MACRO __ADDB2MN
                 	SUBI R26,LOW(-@0-(@1))
                 	.ENDM
                 
                 	.MACRO __ADDW1MN
                 	SUBI R30,LOW(-@0-(@1))
                 	SBCI R31,HIGH(-@0-(@1))
                 	.ENDM
                 
                 	.MACRO __ADDW2MN
                 	SUBI R26,LOW(-@0-(@1))
                 	SBCI R27,HIGH(-@0-(@1))
                 	.ENDM
                 
                 	.MACRO __ADDW1FN
                 	SUBI R30,LOW(-2*@0-(@1))
                 	SBCI R31,HIGH(-2*@0-(@1))
                 	.ENDM
                 
                 	.MACRO __ADDD1FN
                 	SUBI R30,LOW(-2*@0-(@1))
                 	SBCI R31,HIGH(-2*@0-(@1))
                 	SBCI R22,BYTE3(-2*@0-(@1))
                 	.ENDM
                 
                 	.MACRO __ADDD1N
                 	SUBI R30,LOW(-@0)
                 	SBCI R31,HIGH(-@0)
                 	SBCI R22,BYTE3(-@0)
                 	SBCI R23,BYTE4(-@0)
                 	.ENDM
                 
                 	.MACRO __ADDD2N
                 	SUBI R26,LOW(-@0)
                 	SBCI R27,HIGH(-@0)
                 	SBCI R24,BYTE3(-@0)
                 	SBCI R25,BYTE4(-@0)
                 	.ENDM
                 
                 	.MACRO __SUBD1N
                 	SUBI R30,LOW(@0)
                 	SBCI R31,HIGH(@0)
                 	SBCI R22,BYTE3(@0)
                 	SBCI R23,BYTE4(@0)
                 	.ENDM
                 
                 	.MACRO __SUBD2N
                 	SUBI R26,LOW(@0)
                 	SBCI R27,HIGH(@0)
                 	SBCI R24,BYTE3(@0)
                 	SBCI R25,BYTE4(@0)
                 	.ENDM
                 
                 	.MACRO __ANDBMNN
                 	LDS  R30,@0+(@1)
                 	ANDI R30,LOW(@2)
                 	STS  @0+(@1),R30
                 	.ENDM
                 
                 	.MACRO __ANDWMNN
                 	LDS  R30,@0+(@1)
                 	ANDI R30,LOW(@2)
                 	STS  @0+(@1),R30
                 	LDS  R30,@0+(@1)+1
                 	ANDI R30,HIGH(@2)
                 	STS  @0+(@1)+1,R30
                 	.ENDM
                 
                 	.MACRO __ANDD1N
                 	ANDI R30,LOW(@0)
                 	ANDI R31,HIGH(@0)
                 	ANDI R22,BYTE3(@0)
                 	ANDI R23,BYTE4(@0)
                 	.ENDM
                 
                 	.MACRO __ANDD2N
                 	ANDI R26,LOW(@0)
                 	ANDI R27,HIGH(@0)
                 	ANDI R24,BYTE3(@0)
                 	ANDI R25,BYTE4(@0)
                 	.ENDM
                 
                 	.MACRO __ORBMNN
                 	LDS  R30,@0+(@1)
                 	ORI  R30,LOW(@2)
                 	STS  @0+(@1),R30
                 	.ENDM
                 
                 	.MACRO __ORWMNN
                 	LDS  R30,@0+(@1)
                 	ORI  R30,LOW(@2)
                 	STS  @0+(@1),R30
                 	LDS  R30,@0+(@1)+1
                 	ORI  R30,HIGH(@2)
                 	STS  @0+(@1)+1,R30
                 	.ENDM
                 
                 	.MACRO __ORD1N
                 	ORI  R30,LOW(@0)
                 	ORI  R31,HIGH(@0)
                 	ORI  R22,BYTE3(@0)
                 	ORI  R23,BYTE4(@0)
                 	.ENDM
                 
                 	.MACRO __ORD2N
                 	ORI  R26,LOW(@0)
                 	ORI  R27,HIGH(@0)
                 	ORI  R24,BYTE3(@0)
                 	ORI  R25,BYTE4(@0)
                 	.ENDM
                 
                 	.MACRO __DELAY_USB
                 	LDI  R24,LOW(@0)
                 __DELAY_USB_LOOP:
                 	DEC  R24
                 	BRNE __DELAY_USB_LOOP
                 	.ENDM
                 
                 	.MACRO __DELAY_USW
                 	LDI  R24,LOW(@0)
                 	LDI  R25,HIGH(@0)
                 __DELAY_USW_LOOP:
                 	SBIW R24,1
                 	BRNE __DELAY_USW_LOOP
                 	.ENDM
                 
                 	.MACRO __GETD1S
                 	LDD  R30,Y+@0
                 	LDD  R31,Y+@0+1
                 	LDD  R22,Y+@0+2
                 	LDD  R23,Y+@0+3
                 	.ENDM
                 
                 	.MACRO __GETD2S
                 	LDD  R26,Y+@0
                 	LDD  R27,Y+@0+1
                 	LDD  R24,Y+@0+2
                 	LDD  R25,Y+@0+3
                 	.ENDM
                 
                 	.MACRO __PUTD1S
                 	STD  Y+@0,R30
                 	STD  Y+@0+1,R31
                 	STD  Y+@0+2,R22
                 	STD  Y+@0+3,R23
                 	.ENDM
                 
                 	.MACRO __PUTD2S
                 	STD  Y+@0,R26
                 	STD  Y+@0+1,R27
                 	STD  Y+@0+2,R24
                 	STD  Y+@0+3,R25
                 	.ENDM
                 
                 	.MACRO __PUTDZ2
                 	STD  Z+@0,R26
                 	STD  Z+@0+1,R27
                 	STD  Z+@0+2,R24
                 	STD  Z+@0+3,R25
                 	.ENDM
                 
                 	.MACRO __CLRD1S
                 	STD  Y+@0,R30
                 	STD  Y+@0+1,R30
                 	STD  Y+@0+2,R30
                 	STD  Y+@0+3,R30
                 	.ENDM
                 
                 	.MACRO __POINTB1MN
                 	LDI  R30,LOW(@0+(@1))
                 	.ENDM
                 
                 	.MACRO __POINTW1MN
                 	LDI  R30,LOW(@0+(@1))
                 	LDI  R31,HIGH(@0+(@1))
                 	.ENDM
                 
                 	.MACRO __POINTD1M
                 	LDI  R30,LOW(@0)
                 	LDI  R31,HIGH(@0)
                 	LDI  R22,BYTE3(@0)
                 	LDI  R23,BYTE4(@0)
                 	.ENDM
                 
                 	.MACRO __POINTW1FN
                 	LDI  R30,LOW(2*@0+(@1))
                 	LDI  R31,HIGH(2*@0+(@1))
                 	.ENDM
                 
                 	.MACRO __POINTD1FN
                 	LDI  R30,LOW(2*@0+(@1))
                 	LDI  R31,HIGH(2*@0+(@1))
                 	LDI  R22,BYTE3(2*@0+(@1))
                 	LDI  R23,BYTE4(2*@0+(@1))
                 	.ENDM
                 
                 	.MACRO __POINTB2MN
                 	LDI  R26,LOW(@0+(@1))
                 	.ENDM
                 
                 	.MACRO __POINTW2MN
                 	LDI  R26,LOW(@0+(@1))
                 	LDI  R27,HIGH(@0+(@1))
                 	.ENDM
                 
                 	.MACRO __POINTD2M
                 	LDI  R26,LOW(@0)
                 	LDI  R27,HIGH(@0)
                 	LDI  R24,BYTE3(@0)
                 	LDI  R25,BYTE4(@0)
                 	.ENDM
                 
                 	.MACRO __POINTW2FN
                 	LDI  R26,LOW(2*@0+(@1))
                 	LDI  R27,HIGH(2*@0+(@1))
                 	.ENDM
                 
                 	.MACRO __POINTD2FN
                 	LDI  R26,LOW(2*@0+(@1))
                 	LDI  R27,HIGH(2*@0+(@1))
                 	LDI  R24,BYTE3(2*@0+(@1))
                 	LDI  R25,BYTE4(2*@0+(@1))
                 	.ENDM
                 
                 	.MACRO __POINTBRM
                 	LDI  R@0,LOW(@1)
                 	.ENDM
                 
                 	.MACRO __POINTWRM
                 	LDI  R@0,LOW(@2)
                 	LDI  R@1,HIGH(@2)
                 	.ENDM
                 
                 	.MACRO __POINTBRMN
                 	LDI  R@0,LOW(@1+(@2))
                 	.ENDM
                 
                 	.MACRO __POINTWRMN
                 	LDI  R@0,LOW(@2+(@3))
                 	LDI  R@1,HIGH(@2+(@3))
                 	.ENDM
                 
                 	.MACRO __POINTWRFN
                 	LDI  R@0,LOW(@2*2+(@3))
                 	LDI  R@1,HIGH(@2*2+(@3))
                 	.ENDM
                 
                 	.MACRO __GETD1N
                 	LDI  R30,LOW(@0)
                 	LDI  R31,HIGH(@0)
                 	LDI  R22,BYTE3(@0)
                 	LDI  R23,BYTE4(@0)
                 	.ENDM
                 
                 	.MACRO __GETD2N
                 	LDI  R26,LOW(@0)
                 	LDI  R27,HIGH(@0)
                 	LDI  R24,BYTE3(@0)
                 	LDI  R25,BYTE4(@0)
                 	.ENDM
                 
                 	.MACRO __GETB1MN
                 	LDS  R30,@0+(@1)
                 	.ENDM
                 
                 	.MACRO __GETB1HMN
                 	LDS  R31,@0+(@1)
                 	.ENDM
                 
                 	.MACRO __GETW1MN
                 	LDS  R30,@0+(@1)
                 	LDS  R31,@0+(@1)+1
                 	.ENDM
                 
                 	.MACRO __GETD1MN
                 	LDS  R30,@0+(@1)
                 	LDS  R31,@0+(@1)+1
                 	LDS  R22,@0+(@1)+2
                 	LDS  R23,@0+(@1)+3
                 	.ENDM
                 
                 	.MACRO __GETBRMN
                 	LDS  R@0,@1+(@2)
                 	.ENDM
                 
                 	.MACRO __GETWRMN
                 	LDS  R@0,@2+(@3)
                 	LDS  R@1,@2+(@3)+1
                 	.ENDM
                 
                 	.MACRO __GETWRZ
                 	LDD  R@0,Z+@2
                 	LDD  R@1,Z+@2+1
                 	.ENDM
                 
                 	.MACRO __GETD2Z
                 	LDD  R26,Z+@0
                 	LDD  R27,Z+@0+1
                 	LDD  R24,Z+@0+2
                 	LDD  R25,Z+@0+3
                 	.ENDM
                 
                 	.MACRO __GETB2MN
                 	LDS  R26,@0+(@1)
                 	.ENDM
                 
                 	.MACRO __GETW2MN
                 	LDS  R26,@0+(@1)
                 	LDS  R27,@0+(@1)+1
                 	.ENDM
                 
                 	.MACRO __GETD2MN
                 	LDS  R26,@0+(@1)
                 	LDS  R27,@0+(@1)+1
                 	LDS  R24,@0+(@1)+2
                 	LDS  R25,@0+(@1)+3
                 	.ENDM
                 
                 	.MACRO __PUTB1MN
                 	STS  @0+(@1),R30
                 	.ENDM
                 
                 	.MACRO __PUTW1MN
                 	STS  @0+(@1),R30
                 	STS  @0+(@1)+1,R31
                 	.ENDM
                 
                 	.MACRO __PUTD1MN
                 	STS  @0+(@1),R30
                 	STS  @0+(@1)+1,R31
                 	STS  @0+(@1)+2,R22
                 	STS  @0+(@1)+3,R23
                 	.ENDM
                 
                 	.MACRO __PUTB1EN
                 	LDI  R26,LOW(@0+(@1))
                 	LDI  R27,HIGH(@0+(@1))
                 	RCALL __EEPROMWRB
                 	.ENDM
                 
                 	.MACRO __PUTW1EN
                 	LDI  R26,LOW(@0+(@1))
                 	LDI  R27,HIGH(@0+(@1))
                 	RCALL __EEPROMWRW
                 	.ENDM
                 
                 	.MACRO __PUTD1EN
                 	LDI  R26,LOW(@0+(@1))
                 	LDI  R27,HIGH(@0+(@1))
                 	RCALL __EEPROMWRD
                 	.ENDM
                 
                 	.MACRO __PUTBR0MN
                 	STS  @0+(@1),R0
                 	.ENDM
                 
                 	.MACRO __PUTBMRN
                 	STS  @0+(@1),R@2
                 	.ENDM
                 
                 	.MACRO __PUTWMRN
                 	STS  @0+(@1),R@2
                 	STS  @0+(@1)+1,R@3
                 	.ENDM
                 
                 	.MACRO __PUTBZR
                 	STD  Z+@1,R@0
                 	.ENDM
                 
                 	.MACRO __PUTWZR
                 	STD  Z+@2,R@0
                 	STD  Z+@2+1,R@1
                 	.ENDM
                 
                 	.MACRO __GETW1R
                 	MOV  R30,R@0
                 	MOV  R31,R@1
                 	.ENDM
                 
                 	.MACRO __GETW2R
                 	MOV  R26,R@0
                 	MOV  R27,R@1
                 	.ENDM
                 
                 	.MACRO __GETWRN
                 	LDI  R@0,LOW(@2)
                 	LDI  R@1,HIGH(@2)
                 	.ENDM
                 
                 	.MACRO __PUTW1R
                 	MOV  R@0,R30
                 	MOV  R@1,R31
                 	.ENDM
                 
                 	.MACRO __PUTW2R
                 	MOV  R@0,R26
                 	MOV  R@1,R27
                 	.ENDM
                 
                 	.MACRO __ADDWRN
                 	SUBI R@0,LOW(-@2)
                 	SBCI R@1,HIGH(-@2)
                 	.ENDM
                 
                 	.MACRO __ADDWRR
                 	ADD  R@0,R@2
                 	ADC  R@1,R@3
                 	.ENDM
                 
                 	.MACRO __SUBWRN
                 	SUBI R@0,LOW(@2)
                 	SBCI R@1,HIGH(@2)
                 	.ENDM
                 
                 	.MACRO __SUBWRR
                 	SUB  R@0,R@2
                 	SBC  R@1,R@3
                 	.ENDM
                 
                 	.MACRO __ANDWRN
                 	ANDI R@0,LOW(@2)
                 	ANDI R@1,HIGH(@2)
                 	.ENDM
                 
                 	.MACRO __ANDWRR
                 	AND  R@0,R@2
                 	AND  R@1,R@3
                 	.ENDM
                 
                 	.MACRO __ORWRN
                 	ORI  R@0,LOW(@2)
                 	ORI  R@1,HIGH(@2)
                 	.ENDM
                 
                 	.MACRO __ORWRR
                 	OR   R@0,R@2
                 	OR   R@1,R@3
                 	.ENDM
                 
                 	.MACRO __EORWRR
                 	EOR  R@0,R@2
                 	EOR  R@1,R@3
                 	.ENDM
                 
                 	.MACRO __GETWRS
                 	LDD  R@0,Y+@2
                 	LDD  R@1,Y+@2+1
                 	.ENDM
                 
                 	.MACRO __PUTBSR
                 	STD  Y+@1,R@0
                 	.ENDM
                 
                 	.MACRO __PUTWSR
                 	STD  Y+@2,R@0
                 	STD  Y+@2+1,R@1
                 	.ENDM
                 
                 	.MACRO __MOVEWRR
                 	MOV  R@0,R@2
                 	MOV  R@1,R@3
                 	.ENDM
                 
                 	.MACRO __INWR
                 	IN   R@0,@2
                 	IN   R@1,@2+1
                 	.ENDM
                 
                 	.MACRO __OUTWR
                 	OUT  @2+1,R@1
                 	OUT  @2,R@0
                 	.ENDM
                 
                 	.MACRO __CALL1MN
                 	LDS  R30,@0+(@1)
                 	LDS  R31,@0+(@1)+1
                 	ICALL
                 	.ENDM
                 
                 	.MACRO __CALL1FN
                 	LDI  R30,LOW(2*@0+(@1))
                 	LDI  R31,HIGH(2*@0+(@1))
                 	RCALL __GETW1PF
                 	ICALL
                 	.ENDM
                 
                 	.MACRO __CALL2EN
                 	PUSH R26
                 	PUSH R27
                 	LDI  R26,LOW(@0+(@1))
                 	LDI  R27,HIGH(@0+(@1))
                 	RCALL __EEPROMRDW
                 	POP  R27
                 	POP  R26
                 	ICALL
                 	.ENDM
                 
                 	.MACRO __CALL2EX
                 	SUBI R26,LOW(-@0)
                 	SBCI R27,HIGH(-@0)
                 	RCALL __EEPROMRDD
                 	ICALL
                 	.ENDM
                 
                 	.MACRO __GETW1STACK
                 	IN   R30,SPL
                 	IN   R31,SPH
                 	ADIW R30,@0+1
                 	LD   R0,Z+
                 	LD   R31,Z
                 	MOV  R30,R0
                 	.ENDM
                 
                 	.MACRO __GETD1STACK
                 	IN   R30,SPL
                 	IN   R31,SPH
                 	ADIW R30,@0+1
                 	LD   R0,Z+
                 	LD   R1,Z+
                 	LD   R22,Z
                 	MOVW R30,R0
                 	.ENDM
                 
                 	.MACRO __NBST
                 	BST  R@0,@1
                 	IN   R30,SREG
                 	LDI  R31,0x40
                 	EOR  R30,R31
                 	OUT  SREG,R30
                 	.ENDM
                 
                 
                 	.MACRO __PUTB1SN
                 	LDD  R26,Y+@0
                 	LDD  R27,Y+@0+1
                 	SUBI R26,LOW(-@1)
                 	SBCI R27,HIGH(-@1)
                 	ST   X,R30
                 	.ENDM
                 
                 	.MACRO __PUTW1SN
                 	LDD  R26,Y+@0
                 	LDD  R27,Y+@0+1
                 	SUBI R26,LOW(-@1)
                 	SBCI R27,HIGH(-@1)
                 	ST   X+,R30
                 	ST   X,R31
                 	.ENDM
                 
                 	.MACRO __PUTD1SN
                 	LDD  R26,Y+@0
                 	LDD  R27,Y+@0+1
                 	SUBI R26,LOW(-@1)
                 	SBCI R27,HIGH(-@1)
                 	RCALL __PUTDP1
                 	.ENDM
                 
                 	.MACRO __PUTB1SNS
                 	LDD  R26,Y+@0
                 	LDD  R27,Y+@0+1
                 	ADIW R26,@1
                 	ST   X,R30
                 	.ENDM
                 
                 	.MACRO __PUTW1SNS
                 	LDD  R26,Y+@0
                 	LDD  R27,Y+@0+1
                 	ADIW R26,@1
                 	ST   X+,R30
                 	ST   X,R31
                 	.ENDM
                 
                 	.MACRO __PUTD1SNS
                 	LDD  R26,Y+@0
                 	LDD  R27,Y+@0+1
                 	ADIW R26,@1
                 	RCALL __PUTDP1
                 	.ENDM
                 
                 	.MACRO __PUTB1PMN
                 	LDS  R26,@0
                 	LDS  R27,@0+1
                 	SUBI R26,LOW(-@1)
                 	SBCI R27,HIGH(-@1)
                 	ST   X,R30
                 	.ENDM
                 
                 	.MACRO __PUTW1PMN
                 	LDS  R26,@0
                 	LDS  R27,@0+1
                 	SUBI R26,LOW(-@1)
                 	SBCI R27,HIGH(-@1)
                 	ST   X+,R30
                 	ST   X,R31
                 	.ENDM
                 
                 	.MACRO __PUTD1PMN
                 	LDS  R26,@0
                 	LDS  R27,@0+1
                 	SUBI R26,LOW(-@1)
                 	SBCI R27,HIGH(-@1)
                 	RCALL __PUTDP1
                 	.ENDM
                 
                 	.MACRO __PUTB1PMNS
                 	LDS  R26,@0
                 	LDS  R27,@0+1
                 	ADIW R26,@1
                 	ST   X,R30
                 	.ENDM
                 
                 	.MACRO __PUTW1PMNS
                 	LDS  R26,@0
                 	LDS  R27,@0+1
                 	ADIW R26,@1
                 	ST   X+,R30
                 	ST   X,R31
                 	.ENDM
                 
                 	.MACRO __PUTD1PMNS
                 	LDS  R26,@0
                 	LDS  R27,@0+1
                 	ADIW R26,@1
                 	RCALL __PUTDP1
                 	.ENDM
                 
                 	.MACRO __PUTB1RN
                 	MOVW R26,R@0
                 	SUBI R26,LOW(-@1)
                 	SBCI R27,HIGH(-@1)
                 	ST   X,R30
                 	.ENDM
                 
                 	.MACRO __PUTW1RN
                 	MOVW R26,R@0
                 	SUBI R26,LOW(-@1)
                 	SBCI R27,HIGH(-@1)
                 	ST   X+,R30
                 	ST   X,R31
                 	.ENDM
                 
                 	.MACRO __PUTD1RN
                 	MOVW R26,R@0
                 	SUBI R26,LOW(-@1)
                 	SBCI R27,HIGH(-@1)
                 	RCALL __PUTDP1
                 	.ENDM
                 
                 	.MACRO __PUTB1RNS
                 	MOVW R26,R@0
                 	ADIW R26,@1
                 	ST   X,R30
                 	.ENDM
                 
                 	.MACRO __PUTW1RNS
                 	MOVW R26,R@0
                 	ADIW R26,@1
                 	ST   X+,R30
                 	ST   X,R31
                 	.ENDM
                 
                 	.MACRO __PUTD1RNS
                 	MOVW R26,R@0
                 	ADIW R26,@1
                 	RCALL __PUTDP1
                 	.ENDM
                 
                 	.MACRO __PUTB1RON
                 	MOV  R26,R@0
                 	MOV  R27,R@1
                 	SUBI R26,LOW(-@2)
                 	SBCI R27,HIGH(-@2)
                 	ST   X,R30
                 	.ENDM
                 
                 	.MACRO __PUTW1RON
                 	MOV  R26,R@0
                 	MOV  R27,R@1
                 	SUBI R26,LOW(-@2)
                 	SBCI R27,HIGH(-@2)
                 	ST   X+,R30
                 	ST   X,R31
                 	.ENDM
                 
                 	.MACRO __PUTD1RON
                 	MOV  R26,R@0
                 	MOV  R27,R@1
                 	SUBI R26,LOW(-@2)
                 	SBCI R27,HIGH(-@2)
                 	RCALL __PUTDP1
                 	.ENDM
                 
                 	.MACRO __PUTB1RONS
                 	MOV  R26,R@0
                 	MOV  R27,R@1
                 	ADIW R26,@2
                 	ST   X,R30
                 	.ENDM
                 
                 	.MACRO __PUTW1RONS
                 	MOV  R26,R@0
                 	MOV  R27,R@1
                 	ADIW R26,@2
                 	ST   X+,R30
                 	ST   X,R31
                 	.ENDM
                 
                 	.MACRO __PUTD1RONS
                 	MOV  R26,R@0
                 	MOV  R27,R@1
                 	ADIW R26,@2
                 	RCALL __PUTDP1
                 	.ENDM
                 
                 
                 	.MACRO __GETB1SX
                 	MOVW R30,R28
                 	SUBI R30,LOW(-@0)
                 	SBCI R31,HIGH(-@0)
                 	LD   R30,Z
                 	.ENDM
                 
                 	.MACRO __GETB1HSX
                 	MOVW R30,R28
                 	SUBI R30,LOW(-@0)
                 	SBCI R31,HIGH(-@0)
                 	LD   R31,Z
                 	.ENDM
                 
                 	.MACRO __GETW1SX
                 	MOVW R30,R28
                 	SUBI R30,LOW(-@0)
                 	SBCI R31,HIGH(-@0)
                 	LD   R0,Z+
                 	LD   R31,Z
                 	MOV  R30,R0
                 	.ENDM
                 
                 	.MACRO __GETD1SX
                 	MOVW R30,R28
                 	SUBI R30,LOW(-@0)
                 	SBCI R31,HIGH(-@0)
                 	LD   R0,Z+
                 	LD   R1,Z+
                 	LD   R22,Z+
                 	LD   R23,Z
                 	MOVW R30,R0
                 	.ENDM
                 
                 	.MACRO __GETB2SX
                 	MOVW R26,R28
                 	SUBI R26,LOW(-@0)
                 	SBCI R27,HIGH(-@0)
                 	LD   R26,X
                 	.ENDM
                 
                 	.MACRO __GETW2SX
                 	MOVW R26,R28
                 	SUBI R26,LOW(-@0)
                 	SBCI R27,HIGH(-@0)
                 	LD   R0,X+
                 	LD   R27,X
                 	MOV  R26,R0
                 	.ENDM
                 
                 	.MACRO __GETD2SX
                 	MOVW R26,R28
                 	SUBI R26,LOW(-@0)
                 	SBCI R27,HIGH(-@0)
                 	LD   R0,X+
                 	LD   R1,X+
                 	LD   R24,X+
                 	LD   R25,X
                 	MOVW R26,R0
                 	.ENDM
                 
                 	.MACRO __GETBRSX
                 	MOVW R30,R28
                 	SUBI R30,LOW(-@1)
                 	SBCI R31,HIGH(-@1)
                 	LD   R@0,Z
                 	.ENDM
                 
                 	.MACRO __GETWRSX
                 	MOVW R30,R28
                 	SUBI R30,LOW(-@2)
                 	SBCI R31,HIGH(-@2)
                 	LD   R@0,Z+
                 	LD   R@1,Z
                 	.ENDM
                 
                 	.MACRO __GETBRSX2
                 	MOVW R26,R28
                 	SUBI R26,LOW(-@1)
                 	SBCI R27,HIGH(-@1)
                 	LD   R@0,X
                 	.ENDM
                 
                 	.MACRO __GETWRSX2
                 	MOVW R26,R28
                 	SUBI R26,LOW(-@2)
                 	SBCI R27,HIGH(-@2)
                 	LD   R@0,X+
                 	LD   R@1,X
                 	.ENDM
                 
                 	.MACRO __LSLW8SX
                 	MOVW R30,R28
                 	SUBI R30,LOW(-@0)
                 	SBCI R31,HIGH(-@0)
                 	LD   R31,Z
                 	CLR  R30
                 	.ENDM
                 
                 	.MACRO __PUTB1SX
                 	MOVW R26,R28
                 	SUBI R26,LOW(-@0)
                 	SBCI R27,HIGH(-@0)
                 	ST   X,R30
                 	.ENDM
                 
                 	.MACRO __PUTW1SX
                 	MOVW R26,R28
                 	SUBI R26,LOW(-@0)
                 	SBCI R27,HIGH(-@0)
                 	ST   X+,R30
                 	ST   X,R31
                 	.ENDM
                 
                 	.MACRO __PUTD1SX
                 	MOVW R26,R28
                 	SUBI R26,LOW(-@0)
                 	SBCI R27,HIGH(-@0)
                 	ST   X+,R30
                 	ST   X+,R31
                 	ST   X+,R22
                 	ST   X,R23
                 	.ENDM
                 
                 	.MACRO __CLRW1SX
                 	MOVW R26,R28
                 	SUBI R26,LOW(-@0)
                 	SBCI R27,HIGH(-@0)
                 	ST   X+,R30
                 	ST   X,R30
                 	.ENDM
                 
                 	.MACRO __CLRD1SX
                 	MOVW R26,R28
                 	SUBI R26,LOW(-@0)
                 	SBCI R27,HIGH(-@0)
                 	ST   X+,R30
                 	ST   X+,R30
                 	ST   X+,R30
                 	ST   X,R30
                 	.ENDM
                 
                 	.MACRO __PUTB2SX
                 	MOVW R30,R28
                 	SUBI R30,LOW(-@0)
                 	SBCI R31,HIGH(-@0)
                 	ST   Z,R26
                 	.ENDM
                 
                 	.MACRO __PUTW2SX
                 	MOVW R30,R28
                 	SUBI R30,LOW(-@0)
                 	SBCI R31,HIGH(-@0)
                 	ST   Z+,R26
                 	ST   Z,R27
                 	.ENDM
                 
                 	.MACRO __PUTD2SX
                 	MOVW R30,R28
                 	SUBI R30,LOW(-@0)
                 	SBCI R31,HIGH(-@0)
                 	ST   Z+,R26
                 	ST   Z+,R27
                 	ST   Z+,R24
                 	ST   Z,R25
                 	.ENDM
                 
                 	.MACRO __PUTBSRX
                 	MOVW R30,R28
                 	SUBI R30,LOW(-@1)
                 	SBCI R31,HIGH(-@1)
                 	ST   Z,R@0
                 	.ENDM
                 
                 	.MACRO __PUTWSRX
                 	MOVW R30,R28
                 	SUBI R30,LOW(-@2)
                 	SBCI R31,HIGH(-@2)
                 	ST   Z+,R@0
                 	ST   Z,R@1
                 	.ENDM
                 
                 	.MACRO __PUTB1SNX
                 	MOVW R26,R28
                 	SUBI R26,LOW(-@0)
                 	SBCI R27,HIGH(-@0)
                 	LD   R0,X+
                 	LD   R27,X
                 	MOV  R26,R0
                 	SUBI R26,LOW(-@1)
                 	SBCI R27,HIGH(-@1)
                 	ST   X,R30
                 	.ENDM
                 
                 	.MACRO __PUTW1SNX
                 	MOVW R26,R28
                 	SUBI R26,LOW(-@0)
                 	SBCI R27,HIGH(-@0)
                 	LD   R0,X+
                 	LD   R27,X
                 	MOV  R26,R0
                 	SUBI R26,LOW(-@1)
                 	SBCI R27,HIGH(-@1)
                 	ST   X+,R30
                 	ST   X,R31
                 	.ENDM
                 
                 	.MACRO __PUTD1SNX
                 	MOVW R26,R28
                 	SUBI R26,LOW(-@0)
                 	SBCI R27,HIGH(-@0)
                 	LD   R0,X+
                 	LD   R27,X
                 	MOV  R26,R0
                 	SUBI R26,LOW(-@1)
                 	SBCI R27,HIGH(-@1)
                 	ST   X+,R30
                 	ST   X+,R31
                 	ST   X+,R22
                 	ST   X,R23
                 	.ENDM
                 
                 	.MACRO __MULBRR
                 	MULS R@0,R@1
                 	MOVW R30,R0
                 	.ENDM
                 
                 	.MACRO __MULBRRU
                 	MUL  R@0,R@1
                 	MOVW R30,R0
                 	.ENDM
                 
                 	.MACRO __MULBRR0
                 	MULS R@0,R@1
                 	.ENDM
                 
                 	.MACRO __MULBRRU0
                 	MUL  R@0,R@1
                 	.ENDM
                 
                 	.MACRO __MULBNWRU
                 	LDI  R26,@2
                 	MUL  R26,R@0
                 	MOVW R30,R0
                 	MUL  R26,R@1
                 	ADD  R31,R0
                 	.ENDM
                 
                 ;NAME DEFINITIONS FOR GLOBAL VARIABLES ALLOCATED TO REGISTERS
                 	.DEF _aux2=R5
                 	.DEF _aux3=R4
                 	.DEF _var1=R7
                 	.DEF _var2=R6
                 	.DEF _var3=R9
                 
                 	.CSEG
                 	.ORG 0x00
                 
                 ;START OF CODE MARKER
                 __START_OF_CODE:
                 
                 ;INTERRUPT VECTORS
000000 c01e      	RJMP __RESET
000001 cffe      	RJMP 0x00
000002 cffd      	RJMP 0x00
000003 cffc      	RJMP 0x00
000004 cffb      	RJMP 0x00
000005 cffa      	RJMP 0x00
000006 cff9      	RJMP 0x00
000007 cff8      	RJMP 0x00
000008 cff7      	RJMP 0x00
000009 cff6      	RJMP 0x00
00000a cff5      	RJMP 0x00
00000b cff4      	RJMP 0x00
00000c cff3      	RJMP 0x00
00000d cff2      	RJMP 0x00
00000e cff1      	RJMP 0x00
00000f cff0      	RJMP 0x00
000010 cfef      	RJMP 0x00
000011 cfee      	RJMP 0x00
000012 cfed      	RJMP 0x00
000013 cfec      	RJMP 0x00
000014 cfeb      	RJMP 0x00
                 
                 _tabla7segmentos:
000015 063f
000016 4f5b
000017 6d66
000018 077c      	.DB  0x3F,0x6,0x5B,0x4F,0x66,0x6D,0x7C,0x7
000019 6f7f      	.DB  0x7F,0x6F
                 
                 ;REGISTER BIT VARIABLES INITIALIZATION
                 __REG_BIT_VARS:
00001a 0000      	.DW  0x0000
                 
                 
                 __GLOBAL_INI_TBL:
00001b 0001      	.DW  0x01
00001c 0002      	.DW  0x02
00001d 0034      	.DW  __REG_BIT_VARS*2
                 
                 _0xFFFFFFFF:
00001e 0000      	.DW  0
                 
                 #define __GLOBAL_INI_TBL_PRESENT 1
                 
                 __RESET:
00001f 94f8      	CLI
000020 27ee      	CLR  R30
000021 bbec      	OUT  EECR,R30
                 
                 ;INTERRUPT VECTORS ARE PLACED
                 ;AT THE START OF FLASH
000022 e0f1      	LDI  R31,1
000023 bffb      	OUT  GICR,R31
000024 bfeb      	OUT  GICR,R30
000025 bfe5      	OUT  MCUCR,R30
                 
                 ;CLEAR R2-R14
000026 e08d      	LDI  R24,(14-2)+1
000027 e0a2      	LDI  R26,2
000028 27bb      	CLR  R27
                 __CLEAR_REG:
000029 93ed      	ST   X+,R30
00002a 958a      	DEC  R24
00002b f7e9      	BRNE __CLEAR_REG
                 
                 ;CLEAR SRAM
00002c e080      	LDI  R24,LOW(__CLEAR_SRAM_SIZE)
00002d e092      	LDI  R25,HIGH(__CLEAR_SRAM_SIZE)
00002e e6a0      	LDI  R26,__SRAM_START
                 __CLEAR_SRAM:
00002f 93ed      	ST   X+,R30
000030 9701      	SBIW R24,1
000031 f7e9      	BRNE __CLEAR_SRAM
                 
                 ;GLOBAL VARIABLES INITIALIZATION
000032 e3e6      	LDI  R30,LOW(__GLOBAL_INI_TBL*2)
000033 e0f0      	LDI  R31,HIGH(__GLOBAL_INI_TBL*2)
                 __GLOBAL_INI_NEXT:
000034 9185      	LPM  R24,Z+
000035 9195      	LPM  R25,Z+
000036 9700      	SBIW R24,0
000037 f061      	BREQ __GLOBAL_INI_END
000038 91a5      	LPM  R26,Z+
000039 91b5      	LPM  R27,Z+
00003a 9005      	LPM  R0,Z+
00003b 9015      	LPM  R1,Z+
00003c 01bf      	MOVW R22,R30
00003d 01f0      	MOVW R30,R0
                 __GLOBAL_INI_LOOP:
00003e 9005      	LPM  R0,Z+
00003f 920d      	ST   X+,R0
000040 9701      	SBIW R24,1
000041 f7e1      	BRNE __GLOBAL_INI_LOOP
000042 01fb      	MOVW R30,R22
000043 cff0      	RJMP __GLOBAL_INI_NEXT
                 __GLOBAL_INI_END:
                 
                 ;HARDWARE STACK POINTER INITIALIZATION
000044 e5ef      	LDI  R30,LOW(__SRAM_END-__HEAP_SIZE)
000045 bfed      	OUT  SPL,R30
000046 e0e2      	LDI  R30,HIGH(__SRAM_END-__HEAP_SIZE)
000047 bfee      	OUT  SPH,R30
                 
                 ;DATA STACK POINTER INITIALIZATION
000048 eec0      	LDI  R28,LOW(__SRAM_START+__DSTACK_SIZE)
000049 e0d0      	LDI  R29,HIGH(__SRAM_START+__DSTACK_SIZE)
                 
00004a c000      	RJMP _main
                 
                 	.ESEG
                 	.ORG 0x00
                 
                 	.DSEG
                 	.ORG 0xE0
                 
                 	.CSEG
                 ;/*******************************************************
                 ;This program was created by the CodeWizardAVR V3.34
                 ;Automatic Program Generator
                 ;© Copyright 1998-2018 Pavel Haiduc, HP InfoTech s.r.l.
                 ;http://www.hpinfotech.com
                 ;
                 ;Project :
                 ;Version :
                 ;Date    : 10/02/2019
                 ;Author  :
                 ;Company :
                 ;Comments:
                 ;
                 ;
                 ;Chip type               : ATmega8535
                 ;Program type            : Application
                 ;AVR Core Clock frequency: 1,000000 MHz
                 ;Memory model            : Small
                 ;External RAM size       : 0
                 ;Data Stack size         : 128
                 ;*******************************************************/
                 ;
                 ;#include <mega8535.h>
                 	#ifndef __SLEEP_DEFINED__
                 	#define __SLEEP_DEFINED__
                 	.EQU __se_bit=0x40
                 	.EQU __sm_mask=0xB0
                 	.EQU __sm_powerdown=0x20
                 	.EQU __sm_powersave=0x30
                 	.EQU __sm_standby=0xA0
                 	.EQU __sm_ext_standby=0xB0
                 	.EQU __sm_adc_noise_red=0x10
                 	.SET power_ctrl_reg=mcucr
                 	#endif
                 ;#define boton0 PIND.0
                 ;#define boton1 PIND.1
                 ;#define boton2 PIND.2
                 ;#include <delay.h>
                 ;bit botonp0;
                 ;bit botona0;
                 ;bit botonp1;
                 ;bit botona1;
                 ;bit botonp2;
                 ;bit botona2;
                 ;unsigned char aux2,aux3;
                 ;unsigned char var1;
                 ;unsigned char var2;
                 ;unsigned char var3;
                 ;const char tabla7segmentos [10] = {0x3f,0x06,0x5b,0x4f,0x66,0x6d,0x7c,0x07,0x7f,0x6f};
                 ;
                 ;// Declare your global variables here
                 ;
                 ;void main(void)
                 ; 0000 002B {
                 
                 	.CSEG
                 _main:
                 ; .FSTART _main
                 ; 0000 002C // Declare your local variables here
                 ; 0000 002D 
                 ; 0000 002E // Input/Output Ports initialization
                 ; 0000 002F // Port A initialization
                 ; 0000 0030 // Function: Bit7=Out Bit6=Out Bit5=Out Bit4=Out Bit3=Out Bit2=Out Bit1=Out Bit0=Out
                 ; 0000 0031 DDRA=(1<<DDA7) | (1<<DDA6) | (1<<DDA5) | (1<<DDA4) | (1<<DDA3) | (1<<DDA2) | (1<<DDA1) | (1<<DDA0);
00004b efef      	LDI  R30,LOW(255)
00004c bbea      	OUT  0x1A,R30
                 ; 0000 0032 // State: Bit7=1 Bit6=1 Bit5=1 Bit4=1 Bit3=1 Bit2=1 Bit1=1 Bit0=1
                 ; 0000 0033 PORTA=(1<<PORTA7) | (1<<PORTA6) | (1<<PORTA5) | (1<<PORTA4) | (1<<PORTA3) | (1<<PORTA2) | (1<<PORTA1) | (1<<PORTA0);
00004d bbeb      	OUT  0x1B,R30
                 ; 0000 0034 
                 ; 0000 0035 // Port B initialization
                 ; 0000 0036 // Function: Bit7=Out Bit6=Out Bit5=Out Bit4=Out Bit3=Out Bit2=Out Bit1=Out Bit0=Out
                 ; 0000 0037 DDRB=(1<<DDB7) | (1<<DDB6) | (1<<DDB5) | (1<<DDB4) | (1<<DDB3) | (1<<DDB2) | (1<<DDB1) | (1<<DDB0);
00004e bbe7      	OUT  0x17,R30
                 ; 0000 0038 // State: Bit7=0 Bit6=0 Bit5=0 Bit4=0 Bit3=0 Bit2=0 Bit1=0 Bit0=0
                 ; 0000 0039 PORTB=(0<<PORTB7) | (0<<PORTB6) | (0<<PORTB5) | (0<<PORTB4) | (0<<PORTB3) | (0<<PORTB2) | (0<<PORTB1) | (0<<PORTB0);
00004f e0e0      	LDI  R30,LOW(0)
000050 bbe8      	OUT  0x18,R30
                 ; 0000 003A 
                 ; 0000 003B // Port C initialization
                 ; 0000 003C // Function: Bit7=Out Bit6=Out Bit5=Out Bit4=Out Bit3=Out Bit2=Out Bit1=Out Bit0=Out
                 ; 0000 003D DDRC=(1<<DDC7) | (1<<DDC6) | (1<<DDC5) | (1<<DDC4) | (1<<DDC3) | (1<<DDC2) | (1<<DDC1) | (1<<DDC0);
000051 efef      	LDI  R30,LOW(255)
000052 bbe4      	OUT  0x14,R30
                 ; 0000 003E // State: Bit7=0 Bit6=0 Bit5=0 Bit4=0 Bit3=0 Bit2=0 Bit1=0 Bit0=0
                 ; 0000 003F PORTC=(0<<PORTC7) | (0<<PORTC6) | (0<<PORTC5) | (0<<PORTC4) | (0<<PORTC3) | (0<<PORTC2) | (0<<PORTC1) | (0<<PORTC0);
000053 e0e0      	LDI  R30,LOW(0)
000054 bbe5      	OUT  0x15,R30
                 ; 0000 0040 
                 ; 0000 0041 // Port D initialization
                 ; 0000 0042 // Function: Bit7=In Bit6=In Bit5=In Bit4=In Bit3=In Bit2=In Bit1=In Bit0=In
                 ; 0000 0043 DDRD=(0<<DDD7) | (0<<DDD6) | (0<<DDD5) | (0<<DDD4) | (0<<DDD3) | (0<<DDD2) | (0<<DDD1) | (0<<DDD0);
000055 bbe1      	OUT  0x11,R30
                 ; 0000 0044 // State: Bit7=T Bit6=T Bit5=T Bit4=T Bit3=T Bit2=P Bit1=P Bit0=P
                 ; 0000 0045 PORTD=(0<<PORTD7) | (0<<PORTD6) | (0<<PORTD5) | (0<<PORTD4) | (0<<PORTD3) | (1<<PORTD2) | (1<<PORTD1) | (1<<PORTD0);
000056 e0e7      	LDI  R30,LOW(7)
000057 bbe2      	OUT  0x12,R30
                 ; 0000 0046 
                 ; 0000 0047 // Timer/Counter 0 initialization
                 ; 0000 0048 // Clock source: System Clock
                 ; 0000 0049 // Clock value: Timer 0 Stopped
                 ; 0000 004A // Mode: Normal top=0xFF
                 ; 0000 004B // OC0 output: Disconnected
                 ; 0000 004C TCCR0=(0<<WGM00) | (0<<COM01) | (0<<COM00) | (0<<WGM01) | (0<<CS02) | (0<<CS01) | (0<<CS00);
000058 e0e0      	LDI  R30,LOW(0)
000059 bfe3      	OUT  0x33,R30
                 ; 0000 004D TCNT0=0x00;
00005a bfe2      	OUT  0x32,R30
                 ; 0000 004E OCR0=0x00;
00005b bfec      	OUT  0x3C,R30
                 ; 0000 004F 
                 ; 0000 0050 // Timer/Counter 1 initialization
                 ; 0000 0051 // Clock source: System Clock
                 ; 0000 0052 // Clock value: Timer1 Stopped
                 ; 0000 0053 // Mode: Normal top=0xFFFF
                 ; 0000 0054 // OC1A output: Disconnected
                 ; 0000 0055 // OC1B output: Disconnected
                 ; 0000 0056 // Noise Canceler: Off
                 ; 0000 0057 // Input Capture on Falling Edge
                 ; 0000 0058 // Timer1 Overflow Interrupt: Off
                 ; 0000 0059 // Input Capture Interrupt: Off
                 ; 0000 005A // Compare A Match Interrupt: Off
                 ; 0000 005B // Compare B Match Interrupt: Off
                 ; 0000 005C TCCR1A=(0<<COM1A1) | (0<<COM1A0) | (0<<COM1B1) | (0<<COM1B0) | (0<<WGM11) | (0<<WGM10);
00005c bdef      	OUT  0x2F,R30
                 ; 0000 005D TCCR1B=(0<<ICNC1) | (0<<ICES1) | (0<<WGM13) | (0<<WGM12) | (0<<CS12) | (0<<CS11) | (0<<CS10);
00005d bdee      	OUT  0x2E,R30
                 ; 0000 005E TCNT1H=0x00;
00005e bded      	OUT  0x2D,R30
                 ; 0000 005F TCNT1L=0x00;
00005f bdec      	OUT  0x2C,R30
                 ; 0000 0060 ICR1H=0x00;
000060 bde7      	OUT  0x27,R30
                 ; 0000 0061 ICR1L=0x00;
000061 bde6      	OUT  0x26,R30
                 ; 0000 0062 OCR1AH=0x00;
000062 bdeb      	OUT  0x2B,R30
                 ; 0000 0063 OCR1AL=0x00;
000063 bdea      	OUT  0x2A,R30
                 ; 0000 0064 OCR1BH=0x00;
000064 bde9      	OUT  0x29,R30
                 ; 0000 0065 OCR1BL=0x00;
000065 bde8      	OUT  0x28,R30
                 ; 0000 0066 
                 ; 0000 0067 // Timer/Counter 2 initialization
                 ; 0000 0068 // Clock source: System Clock
                 ; 0000 0069 // Clock value: Timer2 Stopped
                 ; 0000 006A // Mode: Normal top=0xFF
                 ; 0000 006B // OC2 output: Disconnected
                 ; 0000 006C ASSR=0<<AS2;
000066 bde2      	OUT  0x22,R30
                 ; 0000 006D TCCR2=(0<<WGM20) | (0<<COM21) | (0<<COM20) | (0<<WGM21) | (0<<CS22) | (0<<CS21) | (0<<CS20);
000067 bde5      	OUT  0x25,R30
                 ; 0000 006E TCNT2=0x00;
000068 bde4      	OUT  0x24,R30
                 ; 0000 006F OCR2=0x00;
000069 bde3      	OUT  0x23,R30
                 ; 0000 0070 
                 ; 0000 0071 // Timer(s)/Counter(s) Interrupt(s) initialization
                 ; 0000 0072 TIMSK=(0<<OCIE2) | (0<<TOIE2) | (0<<TICIE1) | (0<<OCIE1A) | (0<<OCIE1B) | (0<<TOIE1) | (0<<OCIE0) | (0<<TOIE0);
00006a bfe9      	OUT  0x39,R30
                 ; 0000 0073 
                 ; 0000 0074 // External Interrupt(s) initialization
                 ; 0000 0075 // INT0: Off
                 ; 0000 0076 // INT1: Off
                 ; 0000 0077 // INT2: Off
                 ; 0000 0078 MCUCR=(0<<ISC11) | (0<<ISC10) | (0<<ISC01) | (0<<ISC00);
00006b bfe5      	OUT  0x35,R30
                 ; 0000 0079 MCUCSR=(0<<ISC2);
00006c bfe4      	OUT  0x34,R30
                 ; 0000 007A 
                 ; 0000 007B // USART initialization
                 ; 0000 007C // USART disabled
                 ; 0000 007D UCSRB=(0<<RXCIE) | (0<<TXCIE) | (0<<UDRIE) | (0<<RXEN) | (0<<TXEN) | (0<<UCSZ2) | (0<<RXB8) | (0<<TXB8);
00006d b9ea      	OUT  0xA,R30
                 ; 0000 007E 
                 ; 0000 007F // Analog Comparator initialization
                 ; 0000 0080 // Analog Comparator: Off
                 ; 0000 0081 // The Analog Comparator's positive input is
                 ; 0000 0082 // connected to the AIN0 pin
                 ; 0000 0083 // The Analog Comparator's negative input is
                 ; 0000 0084 // connected to the AIN1 pin
                 ; 0000 0085 ACSR=(1<<ACD) | (0<<ACBG) | (0<<ACO) | (0<<ACI) | (0<<ACIE) | (0<<ACIC) | (0<<ACIS1) | (0<<ACIS0);
00006e e8e0      	LDI  R30,LOW(128)
00006f b9e8      	OUT  0x8,R30
                 ; 0000 0086 SFIOR=(0<<ACME);
000070 e0e0      	LDI  R30,LOW(0)
000071 bfe0      	OUT  0x30,R30
                 ; 0000 0087 
                 ; 0000 0088 // ADC initialization
                 ; 0000 0089 // ADC disabled
                 ; 0000 008A ADCSRA=(0<<ADEN) | (0<<ADSC) | (0<<ADATE) | (0<<ADIF) | (0<<ADIE) | (0<<ADPS2) | (0<<ADPS1) | (0<<ADPS0);
000072 b9e6      	OUT  0x6,R30
                 ; 0000 008B 
                 ; 0000 008C // SPI initialization
                 ; 0000 008D // SPI disabled
                 ; 0000 008E SPCR=(0<<SPIE) | (0<<SPE) | (0<<DORD) | (0<<MSTR) | (0<<CPOL) | (0<<CPHA) | (0<<SPR1) | (0<<SPR0);
000073 b9ed      	OUT  0xD,R30
                 ; 0000 008F 
                 ; 0000 0090 // TWI initialization
                 ; 0000 0091 // TWI disabled
                 ; 0000 0092 TWCR=(0<<TWEA) | (0<<TWSTA) | (0<<TWSTO) | (0<<TWEN) | (0<<TWIE);
000074 bfe6      	OUT  0x36,R30
                 ; 0000 0093 
                 ; 0000 0094 while (1)
                 _0x3:
                 ; 0000 0095       {
                 ; 0000 0096        if(boton0==0)
000075 9980      	SBIC 0x10,0
000076 c002      	RJMP _0x6
                 ; 0000 0097             botona0 = 0;
000077 94e8      	CLT
000078 c001      	RJMP _0x2F
                 ; 0000 0098         else
                 _0x6:
                 ; 0000 0099             botona0=1;
000079 9468      	SET
                 _0x2F:
00007a f821      	BLD  R2,1
                 ; 0000 009A         if(boton1==0)
00007b 9981      	SBIC 0x10,1
00007c c002      	RJMP _0x8
                 ; 0000 009B             botona1 = 0;
00007d 94e8      	CLT
00007e c001      	RJMP _0x30
                 ; 0000 009C         else
                 _0x8:
                 ; 0000 009D             botona1=1;
00007f 9468      	SET
                 _0x30:
000080 f823      	BLD  R2,3
                 ; 0000 009E         if(boton2==0)
000081 9982      	SBIC 0x10,2
000082 c002      	RJMP _0xA
                 ; 0000 009F             botona2 = 0;
000083 94e8      	CLT
000084 c001      	RJMP _0x31
                 ; 0000 00A0         else
                 _0xA:
                 ; 0000 00A1             botona2=1;
000085 9468      	SET
                 _0x31:
000086 f825      	BLD  R2,5
                 ; 0000 00A2 
                 ; 0000 00A3         if((botonp0==1)&&(botona0==0)) //Boton de reset
000087 fe20      	SBRS R2,0
000088 c002      	RJMP _0xD
000089 fe21      	SBRS R2,1
00008a c001      	RJMP _0xE
                 _0xD:
00008b c005      	RJMP _0xC
                 _0xE:
                 ; 0000 00A4         {
                 ; 0000 00A5            var1 = 0;
00008c 2477      	CLR  R7
                 ; 0000 00A6            var2 = 0;
00008d 2466      	CLR  R6
                 ; 0000 00A7            var3 = 0;
00008e 2499      	CLR  R9
                 ; 0000 00A8            aux2 = 0;
00008f 2455      	CLR  R5
                 ; 0000 00A9            aux3 = 0;
000090 d05d      	RCALL SUBOPT_0x0
                 ; 0000 00AA            delay_ms(40);
                 ; 0000 00AB         }
                 ; 0000 00AC         if((botonp1==1)&&(botona1==0)) //Boton de stop
                 _0xC:
000091 fe22      	SBRS R2,2
000092 c002      	RJMP _0x10
000093 fe23      	SBRS R2,3
000094 c001      	RJMP _0x11
                 _0x10:
000095 c003      	RJMP _0xF
                 _0x11:
                 ; 0000 00AD         {
                 ; 0000 00AE            aux2 = 1;
000096 e0e1      	LDI  R30,LOW(1)
000097 2e5e      	MOV  R5,R30
                 ; 0000 00AF            aux3 = 0;
000098 d055      	RCALL SUBOPT_0x0
                 ; 0000 00B0            delay_ms(40);
                 ; 0000 00B1         }
                 ; 0000 00B2         if((botonp2==1)&&(botona2==0)) //Boton de start
                 _0xF:
000099 fe24      	SBRS R2,4
00009a c002      	RJMP _0x13
00009b fe25      	SBRS R2,5
00009c c001      	RJMP _0x14
                 _0x13:
00009d c004      	RJMP _0x12
                 _0x14:
                 ; 0000 00B3         {
                 ; 0000 00B4            aux2 = 0;
00009e 2455      	CLR  R5
                 ; 0000 00B5            aux3 = 1;
00009f e0e1      	LDI  R30,LOW(1)
0000a0 2e4e      	MOV  R4,R30
                 ; 0000 00B6            delay_ms(40);
0000a1 d050      	RCALL SUBOPT_0x1
                 ; 0000 00B7         }
                 ; 0000 00B8         if((botonp0==0) && (botona0==1))
                 _0x12:
0000a2 fc20      	SBRC R2,0
0000a3 c002      	RJMP _0x16
0000a4 fc21      	SBRC R2,1
0000a5 c001      	RJMP _0x17
                 _0x16:
0000a6 c001      	RJMP _0x15
                 _0x17:
                 ; 0000 00B9             delay_ms(40);
0000a7 d04a      	RCALL SUBOPT_0x1
                 ; 0000 00BA         if((botonp1==0) && (botona1==1))
                 _0x15:
0000a8 fc22      	SBRC R2,2
0000a9 c002      	RJMP _0x19
0000aa fc23      	SBRC R2,3
0000ab c001      	RJMP _0x1A
                 _0x19:
0000ac c001      	RJMP _0x18
                 _0x1A:
                 ; 0000 00BB             delay_ms(40);
0000ad d044      	RCALL SUBOPT_0x1
                 ; 0000 00BC         if((botonp2==0) && (botona2==1))
                 _0x18:
0000ae fc24      	SBRC R2,4
0000af c002      	RJMP _0x1C
0000b0 fc25      	SBRC R2,5
0000b1 c001      	RJMP _0x1D
                 _0x1C:
0000b2 c001      	RJMP _0x1B
                 _0x1D:
                 ; 0000 00BD             delay_ms(40);
0000b3 d03e      	RCALL SUBOPT_0x1
                 ; 0000 00BE         if(aux2==0 && aux3==0) // No se ha apretado ningun boton
                 _0x1B:
0000b4 2055      	TST  R5
0000b5 f411      	BRNE _0x1F
0000b6 2044      	TST  R4
0000b7 f009      	BREQ _0x20
                 _0x1F:
0000b8 c004      	RJMP _0x1E
                 _0x20:
                 ; 0000 00BF         {
                 ; 0000 00C0             var1=0;
0000b9 2477      	CLR  R7
                 ; 0000 00C1             var2=0;
0000ba 2466      	CLR  R6
                 ; 0000 00C2             var3=0;
0000bb 2499      	CLR  R9
                 ; 0000 00C3         }else if(aux2==1 && aux3==0){    // se ha apretado boton de reset
0000bc c028      	RJMP _0x21
                 _0x1E:
0000bd e0e1      	LDI  R30,LOW(1)
0000be 15e5      	CP   R30,R5
0000bf f411      	BRNE _0x23
0000c0 2044      	TST  R4
0000c1 f009      	BREQ _0x24
                 _0x23:
0000c2 c002      	RJMP _0x22
                 _0x24:
                 ; 0000 00C4             PORTB=tabla7segmentos[var1];
0000c3 d031      	RCALL SUBOPT_0x2
                 ; 0000 00C5             PORTA=~tabla7segmentos[var2];
                 ; 0000 00C6             PORTC=tabla7segmentos[var3];
                 ; 0000 00C7         }else if(aux2==0 && aux3==1){   //se ha apretado boton de start
0000c4 c020      	RJMP _0x25
                 _0x22:
0000c5 2055      	TST  R5
0000c6 f419      	BRNE _0x27
0000c7 e0e1      	LDI  R30,LOW(1)
0000c8 15e4      	CP   R30,R4
0000c9 f009      	BREQ _0x28
                 _0x27:
0000ca c01a      	RJMP _0x26
                 _0x28:
                 ; 0000 00C8             delay_ms(1000*10);
0000cb e1a0      	LDI  R26,LOW(10000)
0000cc e2b7      	LDI  R27,HIGH(10000)
0000cd d03b      	RCALL _delay_ms
                 ; 0000 00C9             var3++;
0000ce 9493      	INC  R9
                 ; 0000 00CA             if(var3 == 10)
0000cf e0ea      	LDI  R30,LOW(10)
0000d0 15e9      	CP   R30,R9
0000d1 f411      	BRNE _0x29
                 ; 0000 00CB             {
                 ; 0000 00CC                 var2++;
0000d2 9463      	INC  R6
                 ; 0000 00CD                 var3 = 0;
0000d3 2499      	CLR  R9
                 ; 0000 00CE             }
                 ; 0000 00CF             if(var2 == 10)
                 _0x29:
0000d4 e0ea      	LDI  R30,LOW(10)
0000d5 15e6      	CP   R30,R6
0000d6 f411      	BRNE _0x2A
                 ; 0000 00D0             {
                 ; 0000 00D1                 var1++;
0000d7 9473      	INC  R7
                 ; 0000 00D2                 var2 = 0;
0000d8 2466      	CLR  R6
                 ; 0000 00D3 
                 ; 0000 00D4             }
                 ; 0000 00D5             if(var1 == 5 && var2==9 && var3==9)
                 _0x2A:
0000d9 e0e5      	LDI  R30,LOW(5)
0000da 15e7      	CP   R30,R7
0000db f429      	BRNE _0x2C
0000dc e0e9      	LDI  R30,LOW(9)
0000dd 15e6      	CP   R30,R6
0000de f411      	BRNE _0x2C
0000df 15e9      	CP   R30,R9
0000e0 f009      	BREQ _0x2D
                 _0x2C:
0000e1 c003      	RJMP _0x2B
                 _0x2D:
                 ; 0000 00D6             {
                 ; 0000 00D7                 aux2 = 1;
0000e2 e0e1      	LDI  R30,LOW(1)
0000e3 2e5e      	MOV  R5,R30
                 ; 0000 00D8                 aux3 = 0;
0000e4 2444      	CLR  R4
                 ; 0000 00D9             }
                 ; 0000 00DA 
                 ; 0000 00DB         }
                 _0x2B:
                 ; 0000 00DC 
                 ; 0000 00DD         botonp0=botona0;
                 _0x26:
                 _0x25:
                 _0x21:
0000e5 fa21      	BST  R2,1
0000e6 f820      	BLD  R2,0
                 ; 0000 00DE         botonp1=botona1;
0000e7 fa23      	BST  R2,3
0000e8 f822      	BLD  R2,2
                 ; 0000 00DF         botonp2=botona2;
0000e9 fa25      	BST  R2,5
0000ea f824      	BLD  R2,4
                 ; 0000 00E0         PORTB=tabla7segmentos[var1];
0000eb d009      	RCALL SUBOPT_0x2
                 ; 0000 00E1         PORTA=~tabla7segmentos[var2];
                 ; 0000 00E2         PORTC=tabla7segmentos[var3];
                 ; 0000 00E3 
                 ; 0000 00E4       }
0000ec cf88      	RJMP _0x3
                 ; 0000 00E5 }
                 _0x2E:
0000ed cfff      	RJMP _0x2E
                 ; .FEND
                 
                 	.CSEG
                 ;OPTIMIZER ADDED SUBROUTINE, CALLED 2 TIMES, CODE SIZE REDUCTION:1 WORDS
                 SUBOPT_0x0:
0000ee 2444      	CLR  R4
0000ef e2a8      	LDI  R26,LOW(40)
0000f0 e0b0      	LDI  R27,0
0000f1 c017      	RJMP _delay_ms
                 
                 ;OPTIMIZER ADDED SUBROUTINE, CALLED 4 TIMES, CODE SIZE REDUCTION:4 WORDS
                 SUBOPT_0x1:
0000f2 e2a8      	LDI  R26,LOW(40)
0000f3 e0b0      	LDI  R27,0
0000f4 c014      	RJMP _delay_ms
                 
                 ;OPTIMIZER ADDED SUBROUTINE, CALLED 2 TIMES, CODE SIZE REDUCTION:16 WORDS
                 SUBOPT_0x2:
0000f5 2de7      	MOV  R30,R7
0000f6 e0f0      	LDI  R31,0
0000f7 5de6      	SUBI R30,LOW(-_tabla7segmentos*2)
0000f8 4fff      	SBCI R31,HIGH(-_tabla7segmentos*2)
0000f9 9004      	LPM  R0,Z
0000fa ba08      	OUT  0x18,R0
0000fb 2de6      	MOV  R30,R6
0000fc e0f0      	LDI  R31,0
0000fd 5de6      	SUBI R30,LOW(-_tabla7segmentos*2)
0000fe 4fff      	SBCI R31,HIGH(-_tabla7segmentos*2)
0000ff 91e4      	LPM  R30,Z
000100 95e0      	COM  R30
000101 bbeb      	OUT  0x1B,R30
000102 2de9      	MOV  R30,R9
000103 e0f0      	LDI  R31,0
000104 5de6      	SUBI R30,LOW(-_tabla7segmentos*2)
000105 4fff      	SBCI R31,HIGH(-_tabla7segmentos*2)
000106 9004      	LPM  R0,Z
000107 ba05      	OUT  0x15,R0
000108 9508      	RET
                 
                 ;RUNTIME LIBRARY
                 
                 	.CSEG
                 _delay_ms:
000109 9610      	adiw r26,0
00010a f039      	breq __delay_ms1
                 __delay_ms0:
00010b 95a8      	wdr
                +
00010c ef8a     +LDI R24 , LOW ( 0xFA )
00010d e090     +LDI R25 , HIGH ( 0xFA )
                +__DELAY_USW_LOOP :
00010e 9701     +SBIW R24 , 1
00010f f7f1     +BRNE __DELAY_USW_LOOP
                 	__DELAY_USW 0xFA
000110 9711      	sbiw r26,1
000111 f7c9      	brne __delay_ms0
                 __delay_ms1:
000112 9508      	ret
                 
                 ;END OF CODE MARKER
                 __END_OF_CODE:


RESOURCE USE INFORMATION
------------------------

Notice:
The register and instruction counts are symbol table hit counts,
and hence implicitly used resources are not counted, eg, the
'lpm' instruction without operands implicitly uses r0 and z,
none of which are counted.

x,y,z are separate entities in the symbol table and are
counted separately from r26..r31 here.

.dseg memory usage only counts static data declared with .byte

ATmega8535 register use summary:
r0 :   8 r1 :   1 r2 :  21 r3 :   0 r4 :   6 r5 :   7 r6 :   7 r7 :   5 
r8 :   0 r9 :   7 r10:   0 r11:   0 r12:   0 r13:   0 r14:   0 r15:   0 
r16:   0 r17:   0 r18:   0 r19:   0 r20:   0 r21:   0 r22:   2 r23:   0 
r24:   9 r25:   3 r26:   8 r27:   5 r28:   1 r29:   1 r30:  84 r31:   9 
x  :   3 y  :   0 z  :  10 
Registers used: 19 out of 35 (54.3%)

ATmega8535 instruction use summary:
.lds  :   0 .lds.l:   0 .sts  :   0 .sts.l:   0 adc   :   0 add   :   0 
adiw  :   1 and   :   0 andi  :   0 asr   :   0 bclr  :   0 bld   :   6 
brbc  :   0 brbs  :   0 brcc  :   0 brcs  :   0 break :   0 breq  :   6 
brge  :   0 brhc  :   0 brhs  :   0 brid  :   0 brie  :   0 brlo  :   0 
brlt  :   0 brmi  :   0 brne  :  12 brpl  :   0 brsh  :   0 brtc  :   0 
brts  :   0 brvc  :   0 brvs  :   0 bset  :   0 bst   :   3 cbi   :   0 
cbr   :   0 clc   :   0 clh   :   0 cli   :   1 cln   :   0 clr   :  14 
cls   :   0 clt   :   3 clv   :   0 clz   :   0 com   :   1 cp    :   7 
cpc   :   0 cpi   :   0 cpse  :   0 dec   :   1 des   :   0 eor   :   0 
fmul  :   0 fmuls :   0 fmulsu:   0 icall :   0 ijmp  :   0 in    :   0 
inc   :   3 ld    :   0 ldd   :   0 ldi   :  40 lds   :   0 lpm   :  13 
lsl   :   0 lsr   :   0 mov   :   6 movw  :   3 mul   :   0 muls  :   0 
mulsu :   0 neg   :   0 nop   :   0 or    :   0 ori   :   0 out   :  43 
pop   :   0 push  :   0 rcall :   9 ret   :   2 reti  :   0 rjmp  :  57 
rol   :   0 ror   :   0 sbc   :   0 sbci  :   3 sbi   :   0 sbic  :   3 
sbis  :   0 sbiw  :   5 sbr   :   0 sbrc  :   6 sbrs  :   6 sec   :   0 
seh   :   0 sei   :   0 sen   :   0 ser   :   0 ses   :   0 set   :   3 
sev   :   0 sez   :   0 sleep :   0 spm   :   0 st    :   3 std   :   0 
sts   :   0 sub   :   0 subi  :   3 swap  :   0 tst   :   4 wdr   :   1 

Instructions used: 30 out of 114 (26.3%)

ATmega8535 memory use summary [bytes]:
Segment   Begin    End      Code   Data   Used    Size   Use%
---------------------------------------------------------------
[.cseg] 0x000000 0x000226    530     20    550    8192   6.7%
[.dseg] 0x000060 0x0000e0      0      0      0     512   0.0%
[.eseg] 0x000000 0x000000      0      0      0     512   0.0%

Assembly complete, 0 errors, 5 warnings
