
AVRASM ver. 2.1.30  C:\Users\agust\Documents\ESCOM\Microcontroladores\FAS\Practicas FAS - Segundo parcial\EEPROM\List\practica11.asm Thu Apr 04 15:54:13 2019

C:\Users\agust\Documents\ESCOM\Microcontroladores\FAS\Practicas FAS - Segundo parcial\EEPROM\List\practica11.asm(1093): warning: Register r5 already defined by the .DEF directive
                 
                 
                 ;CodeVisionAVR C Compiler V3.34 Evaluation
                 ;(C) Copyright 1998-2018 Pavel Haiduc, HP InfoTech s.r.l.
                 ;http://www.hpinfotech.com
                 
                 ;Build configuration    : Release
                 ;Chip type              : ATmega8535
                 ;Program type           : Application
                 ;Clock frequency        : 1.000000 MHz
                 ;Memory model           : Small
                 ;Optimize for           : Size
                 ;(s)printf features     : int, width
                 ;(s)scanf features      : int, width
                 ;External RAM size      : 0
                 ;Data Stack size        : 128 byte(s)
                 ;Heap size              : 0 byte(s)
                 ;Promote 'char' to 'int': Yes
                 ;'char' is unsigned     : Yes
                 ;8 bit enums            : Yes
                 ;Global 'const' stored in FLASH: No
                 ;Enhanced function parameter passing: Mode 1
                 ;Enhanced core instructions: On
                 ;Automatic register allocation for global variables: On
                 ;Smart register allocation: On
                 
                 	#define _MODEL_SMALL_
                 
                 	#pragma AVRPART ADMIN PART_NAME ATmega8535
                 	#pragma AVRPART MEMORY PROG_FLASH 8192
                 	#pragma AVRPART MEMORY EEPROM 512
                 	#pragma AVRPART MEMORY INT_SRAM SIZE 512
                 	#pragma AVRPART MEMORY INT_SRAM START_ADDR 0x60
                 
                 	.LISTMAC
                 	.EQU UDRE=0x5
                 	.EQU RXC=0x7
                 	.EQU USR=0xB
                 	.EQU UDR=0xC
                 	.EQU SPSR=0xE
                 	.EQU SPDR=0xF
                 	.EQU EERE=0x0
                 	.EQU EEWE=0x1
                 	.EQU EEMWE=0x2
                 	.EQU EECR=0x1C
                 	.EQU EEDR=0x1D
                 	.EQU EEARL=0x1E
                 	.EQU EEARH=0x1F
                 	.EQU WDTCR=0x21
                 	.EQU MCUCR=0x35
                 	.EQU GICR=0x3B
                 	.EQU SPL=0x3D
                 	.EQU SPH=0x3E
                 	.EQU SREG=0x3F
                 
                 	.DEF R0X0=R0
                 	.DEF R0X1=R1
                 	.DEF R0X2=R2
                 	.DEF R0X3=R3
                 	.DEF R0X4=R4
                 	.DEF R0X5=R5
                 	.DEF R0X6=R6
                 	.DEF R0X7=R7
                 	.DEF R0X8=R8
                 	.DEF R0X9=R9
                 	.DEF R0XA=R10
                 	.DEF R0XB=R11
                 	.DEF R0XC=R12
                 	.DEF R0XD=R13
                 	.DEF R0XE=R14
                 	.DEF R0XF=R15
                 	.DEF R0X10=R16
                 	.DEF R0X11=R17
                 	.DEF R0X12=R18
                 	.DEF R0X13=R19
                 	.DEF R0X14=R20
                 	.DEF R0X15=R21
                 	.DEF R0X16=R22
                 	.DEF R0X17=R23
                 	.DEF R0X18=R24
                 	.DEF R0X19=R25
                 	.DEF R0X1A=R26
                 	.DEF R0X1B=R27
                 	.DEF R0X1C=R28
                 	.DEF R0X1D=R29
                 	.DEF R0X1E=R30
                 	.DEF R0X1F=R31
                 
                 	.EQU __SRAM_START=0x0060
                 	.EQU __SRAM_END=0x025F
                 	.EQU __DSTACK_SIZE=0x0080
                 	.EQU __HEAP_SIZE=0x0000
                 	.EQU __CLEAR_SRAM_SIZE=__SRAM_END-__SRAM_START+1
                 
                 	.MACRO __CPD1N
                 	CPI  R30,LOW(@0)
                 	LDI  R26,HIGH(@0)
                 	CPC  R31,R26
                 	LDI  R26,BYTE3(@0)
                 	CPC  R22,R26
                 	LDI  R26,BYTE4(@0)
                 	CPC  R23,R26
                 	.ENDM
                 
                 	.MACRO __CPD2N
                 	CPI  R26,LOW(@0)
                 	LDI  R30,HIGH(@0)
                 	CPC  R27,R30
                 	LDI  R30,BYTE3(@0)
                 	CPC  R24,R30
                 	LDI  R30,BYTE4(@0)
                 	CPC  R25,R30
                 	.ENDM
                 
                 	.MACRO __CPWRR
                 	CP   R@0,R@2
                 	CPC  R@1,R@3
                 	.ENDM
                 
                 	.MACRO __CPWRN
                 	CPI  R@0,LOW(@2)
                 	LDI  R30,HIGH(@2)
                 	CPC  R@1,R30
                 	.ENDM
                 
                 	.MACRO __ADDB1MN
                 	SUBI R30,LOW(-@0-(@1))
                 	.ENDM
                 
                 	.MACRO __ADDB2MN
                 	SUBI R26,LOW(-@0-(@1))
                 	.ENDM
                 
                 	.MACRO __ADDW1MN
                 	SUBI R30,LOW(-@0-(@1))
                 	SBCI R31,HIGH(-@0-(@1))
                 	.ENDM
                 
                 	.MACRO __ADDW2MN
                 	SUBI R26,LOW(-@0-(@1))
                 	SBCI R27,HIGH(-@0-(@1))
                 	.ENDM
                 
                 	.MACRO __ADDW1FN
                 	SUBI R30,LOW(-2*@0-(@1))
                 	SBCI R31,HIGH(-2*@0-(@1))
                 	.ENDM
                 
                 	.MACRO __ADDD1FN
                 	SUBI R30,LOW(-2*@0-(@1))
                 	SBCI R31,HIGH(-2*@0-(@1))
                 	SBCI R22,BYTE3(-2*@0-(@1))
                 	.ENDM
                 
                 	.MACRO __ADDD1N
                 	SUBI R30,LOW(-@0)
                 	SBCI R31,HIGH(-@0)
                 	SBCI R22,BYTE3(-@0)
                 	SBCI R23,BYTE4(-@0)
                 	.ENDM
                 
                 	.MACRO __ADDD2N
                 	SUBI R26,LOW(-@0)
                 	SBCI R27,HIGH(-@0)
                 	SBCI R24,BYTE3(-@0)
                 	SBCI R25,BYTE4(-@0)
                 	.ENDM
                 
                 	.MACRO __SUBD1N
                 	SUBI R30,LOW(@0)
                 	SBCI R31,HIGH(@0)
                 	SBCI R22,BYTE3(@0)
                 	SBCI R23,BYTE4(@0)
                 	.ENDM
                 
                 	.MACRO __SUBD2N
                 	SUBI R26,LOW(@0)
                 	SBCI R27,HIGH(@0)
                 	SBCI R24,BYTE3(@0)
                 	SBCI R25,BYTE4(@0)
                 	.ENDM
                 
                 	.MACRO __ANDBMNN
                 	LDS  R30,@0+(@1)
                 	ANDI R30,LOW(@2)
                 	STS  @0+(@1),R30
                 	.ENDM
                 
                 	.MACRO __ANDWMNN
                 	LDS  R30,@0+(@1)
                 	ANDI R30,LOW(@2)
                 	STS  @0+(@1),R30
                 	LDS  R30,@0+(@1)+1
                 	ANDI R30,HIGH(@2)
                 	STS  @0+(@1)+1,R30
                 	.ENDM
                 
                 	.MACRO __ANDD1N
                 	ANDI R30,LOW(@0)
                 	ANDI R31,HIGH(@0)
                 	ANDI R22,BYTE3(@0)
                 	ANDI R23,BYTE4(@0)
                 	.ENDM
                 
                 	.MACRO __ANDD2N
                 	ANDI R26,LOW(@0)
                 	ANDI R27,HIGH(@0)
                 	ANDI R24,BYTE3(@0)
                 	ANDI R25,BYTE4(@0)
                 	.ENDM
                 
                 	.MACRO __ORBMNN
                 	LDS  R30,@0+(@1)
                 	ORI  R30,LOW(@2)
                 	STS  @0+(@1),R30
                 	.ENDM
                 
                 	.MACRO __ORWMNN
                 	LDS  R30,@0+(@1)
                 	ORI  R30,LOW(@2)
                 	STS  @0+(@1),R30
                 	LDS  R30,@0+(@1)+1
                 	ORI  R30,HIGH(@2)
                 	STS  @0+(@1)+1,R30
                 	.ENDM
                 
                 	.MACRO __ORD1N
                 	ORI  R30,LOW(@0)
                 	ORI  R31,HIGH(@0)
                 	ORI  R22,BYTE3(@0)
                 	ORI  R23,BYTE4(@0)
                 	.ENDM
                 
                 	.MACRO __ORD2N
                 	ORI  R26,LOW(@0)
                 	ORI  R27,HIGH(@0)
                 	ORI  R24,BYTE3(@0)
                 	ORI  R25,BYTE4(@0)
                 	.ENDM
                 
                 	.MACRO __DELAY_USB
                 	LDI  R24,LOW(@0)
                 __DELAY_USB_LOOP:
                 	DEC  R24
                 	BRNE __DELAY_USB_LOOP
                 	.ENDM
                 
                 	.MACRO __DELAY_USW
                 	LDI  R24,LOW(@0)
                 	LDI  R25,HIGH(@0)
                 __DELAY_USW_LOOP:
                 	SBIW R24,1
                 	BRNE __DELAY_USW_LOOP
                 	.ENDM
                 
                 	.MACRO __GETD1S
                 	LDD  R30,Y+@0
                 	LDD  R31,Y+@0+1
                 	LDD  R22,Y+@0+2
                 	LDD  R23,Y+@0+3
                 	.ENDM
                 
                 	.MACRO __GETD2S
                 	LDD  R26,Y+@0
                 	LDD  R27,Y+@0+1
                 	LDD  R24,Y+@0+2
                 	LDD  R25,Y+@0+3
                 	.ENDM
                 
                 	.MACRO __PUTD1S
                 	STD  Y+@0,R30
                 	STD  Y+@0+1,R31
                 	STD  Y+@0+2,R22
                 	STD  Y+@0+3,R23
                 	.ENDM
                 
                 	.MACRO __PUTD2S
                 	STD  Y+@0,R26
                 	STD  Y+@0+1,R27
                 	STD  Y+@0+2,R24
                 	STD  Y+@0+3,R25
                 	.ENDM
                 
                 	.MACRO __PUTDZ2
                 	STD  Z+@0,R26
                 	STD  Z+@0+1,R27
                 	STD  Z+@0+2,R24
                 	STD  Z+@0+3,R25
                 	.ENDM
                 
                 	.MACRO __CLRD1S
                 	STD  Y+@0,R30
                 	STD  Y+@0+1,R30
                 	STD  Y+@0+2,R30
                 	STD  Y+@0+3,R30
                 	.ENDM
                 
                 	.MACRO __POINTB1MN
                 	LDI  R30,LOW(@0+(@1))
                 	.ENDM
                 
                 	.MACRO __POINTW1MN
                 	LDI  R30,LOW(@0+(@1))
                 	LDI  R31,HIGH(@0+(@1))
                 	.ENDM
                 
                 	.MACRO __POINTD1M
                 	LDI  R30,LOW(@0)
                 	LDI  R31,HIGH(@0)
                 	LDI  R22,BYTE3(@0)
                 	LDI  R23,BYTE4(@0)
                 	.ENDM
                 
                 	.MACRO __POINTW1FN
                 	LDI  R30,LOW(2*@0+(@1))
                 	LDI  R31,HIGH(2*@0+(@1))
                 	.ENDM
                 
                 	.MACRO __POINTD1FN
                 	LDI  R30,LOW(2*@0+(@1))
                 	LDI  R31,HIGH(2*@0+(@1))
                 	LDI  R22,BYTE3(2*@0+(@1))
                 	LDI  R23,BYTE4(2*@0+(@1))
                 	.ENDM
                 
                 	.MACRO __POINTB2MN
                 	LDI  R26,LOW(@0+(@1))
                 	.ENDM
                 
                 	.MACRO __POINTW2MN
                 	LDI  R26,LOW(@0+(@1))
                 	LDI  R27,HIGH(@0+(@1))
                 	.ENDM
                 
                 	.MACRO __POINTD2M
                 	LDI  R26,LOW(@0)
                 	LDI  R27,HIGH(@0)
                 	LDI  R24,BYTE3(@0)
                 	LDI  R25,BYTE4(@0)
                 	.ENDM
                 
                 	.MACRO __POINTW2FN
                 	LDI  R26,LOW(2*@0+(@1))
                 	LDI  R27,HIGH(2*@0+(@1))
                 	.ENDM
                 
                 	.MACRO __POINTD2FN
                 	LDI  R26,LOW(2*@0+(@1))
                 	LDI  R27,HIGH(2*@0+(@1))
                 	LDI  R24,BYTE3(2*@0+(@1))
                 	LDI  R25,BYTE4(2*@0+(@1))
                 	.ENDM
                 
                 	.MACRO __POINTBRM
                 	LDI  R@0,LOW(@1)
                 	.ENDM
                 
                 	.MACRO __POINTWRM
                 	LDI  R@0,LOW(@2)
                 	LDI  R@1,HIGH(@2)
                 	.ENDM
                 
                 	.MACRO __POINTBRMN
                 	LDI  R@0,LOW(@1+(@2))
                 	.ENDM
                 
                 	.MACRO __POINTWRMN
                 	LDI  R@0,LOW(@2+(@3))
                 	LDI  R@1,HIGH(@2+(@3))
                 	.ENDM
                 
                 	.MACRO __POINTWRFN
                 	LDI  R@0,LOW(@2*2+(@3))
                 	LDI  R@1,HIGH(@2*2+(@3))
                 	.ENDM
                 
                 	.MACRO __GETD1N
                 	LDI  R30,LOW(@0)
                 	LDI  R31,HIGH(@0)
                 	LDI  R22,BYTE3(@0)
                 	LDI  R23,BYTE4(@0)
                 	.ENDM
                 
                 	.MACRO __GETD2N
                 	LDI  R26,LOW(@0)
                 	LDI  R27,HIGH(@0)
                 	LDI  R24,BYTE3(@0)
                 	LDI  R25,BYTE4(@0)
                 	.ENDM
                 
                 	.MACRO __GETB1MN
                 	LDS  R30,@0+(@1)
                 	.ENDM
                 
                 	.MACRO __GETB1HMN
                 	LDS  R31,@0+(@1)
                 	.ENDM
                 
                 	.MACRO __GETW1MN
                 	LDS  R30,@0+(@1)
                 	LDS  R31,@0+(@1)+1
                 	.ENDM
                 
                 	.MACRO __GETD1MN
                 	LDS  R30,@0+(@1)
                 	LDS  R31,@0+(@1)+1
                 	LDS  R22,@0+(@1)+2
                 	LDS  R23,@0+(@1)+3
                 	.ENDM
                 
                 	.MACRO __GETBRMN
                 	LDS  R@0,@1+(@2)
                 	.ENDM
                 
                 	.MACRO __GETWRMN
                 	LDS  R@0,@2+(@3)
                 	LDS  R@1,@2+(@3)+1
                 	.ENDM
                 
                 	.MACRO __GETWRZ
                 	LDD  R@0,Z+@2
                 	LDD  R@1,Z+@2+1
                 	.ENDM
                 
                 	.MACRO __GETD2Z
                 	LDD  R26,Z+@0
                 	LDD  R27,Z+@0+1
                 	LDD  R24,Z+@0+2
                 	LDD  R25,Z+@0+3
                 	.ENDM
                 
                 	.MACRO __GETB2MN
                 	LDS  R26,@0+(@1)
                 	.ENDM
                 
                 	.MACRO __GETW2MN
                 	LDS  R26,@0+(@1)
                 	LDS  R27,@0+(@1)+1
                 	.ENDM
                 
                 	.MACRO __GETD2MN
                 	LDS  R26,@0+(@1)
                 	LDS  R27,@0+(@1)+1
                 	LDS  R24,@0+(@1)+2
                 	LDS  R25,@0+(@1)+3
                 	.ENDM
                 
                 	.MACRO __PUTB1MN
                 	STS  @0+(@1),R30
                 	.ENDM
                 
                 	.MACRO __PUTW1MN
                 	STS  @0+(@1),R30
                 	STS  @0+(@1)+1,R31
                 	.ENDM
                 
                 	.MACRO __PUTD1MN
                 	STS  @0+(@1),R30
                 	STS  @0+(@1)+1,R31
                 	STS  @0+(@1)+2,R22
                 	STS  @0+(@1)+3,R23
                 	.ENDM
                 
                 	.MACRO __PUTB1EN
                 	LDI  R26,LOW(@0+(@1))
                 	LDI  R27,HIGH(@0+(@1))
                 	RCALL __EEPROMWRB
                 	.ENDM
                 
                 	.MACRO __PUTW1EN
                 	LDI  R26,LOW(@0+(@1))
                 	LDI  R27,HIGH(@0+(@1))
                 	RCALL __EEPROMWRW
                 	.ENDM
                 
                 	.MACRO __PUTD1EN
                 	LDI  R26,LOW(@0+(@1))
                 	LDI  R27,HIGH(@0+(@1))
                 	RCALL __EEPROMWRD
                 	.ENDM
                 
                 	.MACRO __PUTBR0MN
                 	STS  @0+(@1),R0
                 	.ENDM
                 
                 	.MACRO __PUTBMRN
                 	STS  @0+(@1),R@2
                 	.ENDM
                 
                 	.MACRO __PUTWMRN
                 	STS  @0+(@1),R@2
                 	STS  @0+(@1)+1,R@3
                 	.ENDM
                 
                 	.MACRO __PUTBZR
                 	STD  Z+@1,R@0
                 	.ENDM
                 
                 	.MACRO __PUTWZR
                 	STD  Z+@2,R@0
                 	STD  Z+@2+1,R@1
                 	.ENDM
                 
                 	.MACRO __GETW1R
                 	MOV  R30,R@0
                 	MOV  R31,R@1
                 	.ENDM
                 
                 	.MACRO __GETW2R
                 	MOV  R26,R@0
                 	MOV  R27,R@1
                 	.ENDM
                 
                 	.MACRO __GETWRN
                 	LDI  R@0,LOW(@2)
                 	LDI  R@1,HIGH(@2)
                 	.ENDM
                 
                 	.MACRO __PUTW1R
                 	MOV  R@0,R30
                 	MOV  R@1,R31
                 	.ENDM
                 
                 	.MACRO __PUTW2R
                 	MOV  R@0,R26
                 	MOV  R@1,R27
                 	.ENDM
                 
                 	.MACRO __ADDWRN
                 	SUBI R@0,LOW(-@2)
                 	SBCI R@1,HIGH(-@2)
                 	.ENDM
                 
                 	.MACRO __ADDWRR
                 	ADD  R@0,R@2
                 	ADC  R@1,R@3
                 	.ENDM
                 
                 	.MACRO __SUBWRN
                 	SUBI R@0,LOW(@2)
                 	SBCI R@1,HIGH(@2)
                 	.ENDM
                 
                 	.MACRO __SUBWRR
                 	SUB  R@0,R@2
                 	SBC  R@1,R@3
                 	.ENDM
                 
                 	.MACRO __ANDWRN
                 	ANDI R@0,LOW(@2)
                 	ANDI R@1,HIGH(@2)
                 	.ENDM
                 
                 	.MACRO __ANDWRR
                 	AND  R@0,R@2
                 	AND  R@1,R@3
                 	.ENDM
                 
                 	.MACRO __ORWRN
                 	ORI  R@0,LOW(@2)
                 	ORI  R@1,HIGH(@2)
                 	.ENDM
                 
                 	.MACRO __ORWRR
                 	OR   R@0,R@2
                 	OR   R@1,R@3
                 	.ENDM
                 
                 	.MACRO __EORWRR
                 	EOR  R@0,R@2
                 	EOR  R@1,R@3
                 	.ENDM
                 
                 	.MACRO __GETWRS
                 	LDD  R@0,Y+@2
                 	LDD  R@1,Y+@2+1
                 	.ENDM
                 
                 	.MACRO __PUTBSR
                 	STD  Y+@1,R@0
                 	.ENDM
                 
                 	.MACRO __PUTWSR
                 	STD  Y+@2,R@0
                 	STD  Y+@2+1,R@1
                 	.ENDM
                 
                 	.MACRO __MOVEWRR
                 	MOV  R@0,R@2
                 	MOV  R@1,R@3
                 	.ENDM
                 
                 	.MACRO __INWR
                 	IN   R@0,@2
                 	IN   R@1,@2+1
                 	.ENDM
                 
                 	.MACRO __OUTWR
                 	OUT  @2+1,R@1
                 	OUT  @2,R@0
                 	.ENDM
                 
                 	.MACRO __CALL1MN
                 	LDS  R30,@0+(@1)
                 	LDS  R31,@0+(@1)+1
                 	ICALL
                 	.ENDM
                 
                 	.MACRO __CALL1FN
                 	LDI  R30,LOW(2*@0+(@1))
                 	LDI  R31,HIGH(2*@0+(@1))
                 	RCALL __GETW1PF
                 	ICALL
                 	.ENDM
                 
                 	.MACRO __CALL2EN
                 	PUSH R26
                 	PUSH R27
                 	LDI  R26,LOW(@0+(@1))
                 	LDI  R27,HIGH(@0+(@1))
                 	RCALL __EEPROMRDW
                 	POP  R27
                 	POP  R26
                 	ICALL
                 	.ENDM
                 
                 	.MACRO __CALL2EX
                 	SUBI R26,LOW(-@0)
                 	SBCI R27,HIGH(-@0)
                 	RCALL __EEPROMRDD
                 	ICALL
                 	.ENDM
                 
                 	.MACRO __GETW1STACK
                 	IN   R30,SPL
                 	IN   R31,SPH
                 	ADIW R30,@0+1
                 	LD   R0,Z+
                 	LD   R31,Z
                 	MOV  R30,R0
                 	.ENDM
                 
                 	.MACRO __GETD1STACK
                 	IN   R30,SPL
                 	IN   R31,SPH
                 	ADIW R30,@0+1
                 	LD   R0,Z+
                 	LD   R1,Z+
                 	LD   R22,Z
                 	MOVW R30,R0
                 	.ENDM
                 
                 	.MACRO __NBST
                 	BST  R@0,@1
                 	IN   R30,SREG
                 	LDI  R31,0x40
                 	EOR  R30,R31
                 	OUT  SREG,R30
                 	.ENDM
                 
                 
                 	.MACRO __PUTB1SN
                 	LDD  R26,Y+@0
                 	LDD  R27,Y+@0+1
                 	SUBI R26,LOW(-@1)
                 	SBCI R27,HIGH(-@1)
                 	ST   X,R30
                 	.ENDM
                 
                 	.MACRO __PUTW1SN
                 	LDD  R26,Y+@0
                 	LDD  R27,Y+@0+1
                 	SUBI R26,LOW(-@1)
                 	SBCI R27,HIGH(-@1)
                 	ST   X+,R30
                 	ST   X,R31
                 	.ENDM
                 
                 	.MACRO __PUTD1SN
                 	LDD  R26,Y+@0
                 	LDD  R27,Y+@0+1
                 	SUBI R26,LOW(-@1)
                 	SBCI R27,HIGH(-@1)
                 	RCALL __PUTDP1
                 	.ENDM
                 
                 	.MACRO __PUTB1SNS
                 	LDD  R26,Y+@0
                 	LDD  R27,Y+@0+1
                 	ADIW R26,@1
                 	ST   X,R30
                 	.ENDM
                 
                 	.MACRO __PUTW1SNS
                 	LDD  R26,Y+@0
                 	LDD  R27,Y+@0+1
                 	ADIW R26,@1
                 	ST   X+,R30
                 	ST   X,R31
                 	.ENDM
                 
                 	.MACRO __PUTD1SNS
                 	LDD  R26,Y+@0
                 	LDD  R27,Y+@0+1
                 	ADIW R26,@1
                 	RCALL __PUTDP1
                 	.ENDM
                 
                 	.MACRO __PUTB1PMN
                 	LDS  R26,@0
                 	LDS  R27,@0+1
                 	SUBI R26,LOW(-@1)
                 	SBCI R27,HIGH(-@1)
                 	ST   X,R30
                 	.ENDM
                 
                 	.MACRO __PUTW1PMN
                 	LDS  R26,@0
                 	LDS  R27,@0+1
                 	SUBI R26,LOW(-@1)
                 	SBCI R27,HIGH(-@1)
                 	ST   X+,R30
                 	ST   X,R31
                 	.ENDM
                 
                 	.MACRO __PUTD1PMN
                 	LDS  R26,@0
                 	LDS  R27,@0+1
                 	SUBI R26,LOW(-@1)
                 	SBCI R27,HIGH(-@1)
                 	RCALL __PUTDP1
                 	.ENDM
                 
                 	.MACRO __PUTB1PMNS
                 	LDS  R26,@0
                 	LDS  R27,@0+1
                 	ADIW R26,@1
                 	ST   X,R30
                 	.ENDM
                 
                 	.MACRO __PUTW1PMNS
                 	LDS  R26,@0
                 	LDS  R27,@0+1
                 	ADIW R26,@1
                 	ST   X+,R30
                 	ST   X,R31
                 	.ENDM
                 
                 	.MACRO __PUTD1PMNS
                 	LDS  R26,@0
                 	LDS  R27,@0+1
                 	ADIW R26,@1
                 	RCALL __PUTDP1
                 	.ENDM
                 
                 	.MACRO __PUTB1RN
                 	MOVW R26,R@0
                 	SUBI R26,LOW(-@1)
                 	SBCI R27,HIGH(-@1)
                 	ST   X,R30
                 	.ENDM
                 
                 	.MACRO __PUTW1RN
                 	MOVW R26,R@0
                 	SUBI R26,LOW(-@1)
                 	SBCI R27,HIGH(-@1)
                 	ST   X+,R30
                 	ST   X,R31
                 	.ENDM
                 
                 	.MACRO __PUTD1RN
                 	MOVW R26,R@0
                 	SUBI R26,LOW(-@1)
                 	SBCI R27,HIGH(-@1)
                 	RCALL __PUTDP1
                 	.ENDM
                 
                 	.MACRO __PUTB1RNS
                 	MOVW R26,R@0
                 	ADIW R26,@1
                 	ST   X,R30
                 	.ENDM
                 
                 	.MACRO __PUTW1RNS
                 	MOVW R26,R@0
                 	ADIW R26,@1
                 	ST   X+,R30
                 	ST   X,R31
                 	.ENDM
                 
                 	.MACRO __PUTD1RNS
                 	MOVW R26,R@0
                 	ADIW R26,@1
                 	RCALL __PUTDP1
                 	.ENDM
                 
                 	.MACRO __PUTB1RON
                 	MOV  R26,R@0
                 	MOV  R27,R@1
                 	SUBI R26,LOW(-@2)
                 	SBCI R27,HIGH(-@2)
                 	ST   X,R30
                 	.ENDM
                 
                 	.MACRO __PUTW1RON
                 	MOV  R26,R@0
                 	MOV  R27,R@1
                 	SUBI R26,LOW(-@2)
                 	SBCI R27,HIGH(-@2)
                 	ST   X+,R30
                 	ST   X,R31
                 	.ENDM
                 
                 	.MACRO __PUTD1RON
                 	MOV  R26,R@0
                 	MOV  R27,R@1
                 	SUBI R26,LOW(-@2)
                 	SBCI R27,HIGH(-@2)
                 	RCALL __PUTDP1
                 	.ENDM
                 
                 	.MACRO __PUTB1RONS
                 	MOV  R26,R@0
                 	MOV  R27,R@1
                 	ADIW R26,@2
                 	ST   X,R30
                 	.ENDM
                 
                 	.MACRO __PUTW1RONS
                 	MOV  R26,R@0
                 	MOV  R27,R@1
                 	ADIW R26,@2
                 	ST   X+,R30
                 	ST   X,R31
                 	.ENDM
                 
                 	.MACRO __PUTD1RONS
                 	MOV  R26,R@0
                 	MOV  R27,R@1
                 	ADIW R26,@2
                 	RCALL __PUTDP1
                 	.ENDM
                 
                 
                 	.MACRO __GETB1SX
                 	MOVW R30,R28
                 	SUBI R30,LOW(-@0)
                 	SBCI R31,HIGH(-@0)
                 	LD   R30,Z
                 	.ENDM
                 
                 	.MACRO __GETB1HSX
                 	MOVW R30,R28
                 	SUBI R30,LOW(-@0)
                 	SBCI R31,HIGH(-@0)
                 	LD   R31,Z
                 	.ENDM
                 
                 	.MACRO __GETW1SX
                 	MOVW R30,R28
                 	SUBI R30,LOW(-@0)
                 	SBCI R31,HIGH(-@0)
                 	LD   R0,Z+
                 	LD   R31,Z
                 	MOV  R30,R0
                 	.ENDM
                 
                 	.MACRO __GETD1SX
                 	MOVW R30,R28
                 	SUBI R30,LOW(-@0)
                 	SBCI R31,HIGH(-@0)
                 	LD   R0,Z+
                 	LD   R1,Z+
                 	LD   R22,Z+
                 	LD   R23,Z
                 	MOVW R30,R0
                 	.ENDM
                 
                 	.MACRO __GETB2SX
                 	MOVW R26,R28
                 	SUBI R26,LOW(-@0)
                 	SBCI R27,HIGH(-@0)
                 	LD   R26,X
                 	.ENDM
                 
                 	.MACRO __GETW2SX
                 	MOVW R26,R28
                 	SUBI R26,LOW(-@0)
                 	SBCI R27,HIGH(-@0)
                 	LD   R0,X+
                 	LD   R27,X
                 	MOV  R26,R0
                 	.ENDM
                 
                 	.MACRO __GETD2SX
                 	MOVW R26,R28
                 	SUBI R26,LOW(-@0)
                 	SBCI R27,HIGH(-@0)
                 	LD   R0,X+
                 	LD   R1,X+
                 	LD   R24,X+
                 	LD   R25,X
                 	MOVW R26,R0
                 	.ENDM
                 
                 	.MACRO __GETBRSX
                 	MOVW R30,R28
                 	SUBI R30,LOW(-@1)
                 	SBCI R31,HIGH(-@1)
                 	LD   R@0,Z
                 	.ENDM
                 
                 	.MACRO __GETWRSX
                 	MOVW R30,R28
                 	SUBI R30,LOW(-@2)
                 	SBCI R31,HIGH(-@2)
                 	LD   R@0,Z+
                 	LD   R@1,Z
                 	.ENDM
                 
                 	.MACRO __GETBRSX2
                 	MOVW R26,R28
                 	SUBI R26,LOW(-@1)
                 	SBCI R27,HIGH(-@1)
                 	LD   R@0,X
                 	.ENDM
                 
                 	.MACRO __GETWRSX2
                 	MOVW R26,R28
                 	SUBI R26,LOW(-@2)
                 	SBCI R27,HIGH(-@2)
                 	LD   R@0,X+
                 	LD   R@1,X
                 	.ENDM
                 
                 	.MACRO __LSLW8SX
                 	MOVW R30,R28
                 	SUBI R30,LOW(-@0)
                 	SBCI R31,HIGH(-@0)
                 	LD   R31,Z
                 	CLR  R30
                 	.ENDM
                 
                 	.MACRO __PUTB1SX
                 	MOVW R26,R28
                 	SUBI R26,LOW(-@0)
                 	SBCI R27,HIGH(-@0)
                 	ST   X,R30
                 	.ENDM
                 
                 	.MACRO __PUTW1SX
                 	MOVW R26,R28
                 	SUBI R26,LOW(-@0)
                 	SBCI R27,HIGH(-@0)
                 	ST   X+,R30
                 	ST   X,R31
                 	.ENDM
                 
                 	.MACRO __PUTD1SX
                 	MOVW R26,R28
                 	SUBI R26,LOW(-@0)
                 	SBCI R27,HIGH(-@0)
                 	ST   X+,R30
                 	ST   X+,R31
                 	ST   X+,R22
                 	ST   X,R23
                 	.ENDM
                 
                 	.MACRO __CLRW1SX
                 	MOVW R26,R28
                 	SUBI R26,LOW(-@0)
                 	SBCI R27,HIGH(-@0)
                 	ST   X+,R30
                 	ST   X,R30
                 	.ENDM
                 
                 	.MACRO __CLRD1SX
                 	MOVW R26,R28
                 	SUBI R26,LOW(-@0)
                 	SBCI R27,HIGH(-@0)
                 	ST   X+,R30
                 	ST   X+,R30
                 	ST   X+,R30
                 	ST   X,R30
                 	.ENDM
                 
                 	.MACRO __PUTB2SX
                 	MOVW R30,R28
                 	SUBI R30,LOW(-@0)
                 	SBCI R31,HIGH(-@0)
                 	ST   Z,R26
                 	.ENDM
                 
                 	.MACRO __PUTW2SX
                 	MOVW R30,R28
                 	SUBI R30,LOW(-@0)
                 	SBCI R31,HIGH(-@0)
                 	ST   Z+,R26
                 	ST   Z,R27
                 	.ENDM
                 
                 	.MACRO __PUTD2SX
                 	MOVW R30,R28
                 	SUBI R30,LOW(-@0)
                 	SBCI R31,HIGH(-@0)
                 	ST   Z+,R26
                 	ST   Z+,R27
                 	ST   Z+,R24
                 	ST   Z,R25
                 	.ENDM
                 
                 	.MACRO __PUTBSRX
                 	MOVW R30,R28
                 	SUBI R30,LOW(-@1)
                 	SBCI R31,HIGH(-@1)
                 	ST   Z,R@0
                 	.ENDM
                 
                 	.MACRO __PUTWSRX
                 	MOVW R30,R28
                 	SUBI R30,LOW(-@2)
                 	SBCI R31,HIGH(-@2)
                 	ST   Z+,R@0
                 	ST   Z,R@1
                 	.ENDM
                 
                 	.MACRO __PUTB1SNX
                 	MOVW R26,R28
                 	SUBI R26,LOW(-@0)
                 	SBCI R27,HIGH(-@0)
                 	LD   R0,X+
                 	LD   R27,X
                 	MOV  R26,R0
                 	SUBI R26,LOW(-@1)
                 	SBCI R27,HIGH(-@1)
                 	ST   X,R30
                 	.ENDM
                 
                 	.MACRO __PUTW1SNX
                 	MOVW R26,R28
                 	SUBI R26,LOW(-@0)
                 	SBCI R27,HIGH(-@0)
                 	LD   R0,X+
                 	LD   R27,X
                 	MOV  R26,R0
                 	SUBI R26,LOW(-@1)
                 	SBCI R27,HIGH(-@1)
                 	ST   X+,R30
                 	ST   X,R31
                 	.ENDM
                 
                 	.MACRO __PUTD1SNX
                 	MOVW R26,R28
                 	SUBI R26,LOW(-@0)
                 	SBCI R27,HIGH(-@0)
                 	LD   R0,X+
                 	LD   R27,X
                 	MOV  R26,R0
                 	SUBI R26,LOW(-@1)
                 	SBCI R27,HIGH(-@1)
                 	ST   X+,R30
                 	ST   X+,R31
                 	ST   X+,R22
                 	ST   X,R23
                 	.ENDM
                 
                 	.MACRO __MULBRR
                 	MULS R@0,R@1
                 	MOVW R30,R0
                 	.ENDM
                 
                 	.MACRO __MULBRRU
                 	MUL  R@0,R@1
                 	MOVW R30,R0
                 	.ENDM
                 
                 	.MACRO __MULBRR0
                 	MULS R@0,R@1
                 	.ENDM
                 
                 	.MACRO __MULBRRU0
                 	MUL  R@0,R@1
                 	.ENDM
                 
                 	.MACRO __MULBNWRU
                 	LDI  R26,@2
                 	MUL  R26,R@0
                 	MOVW R30,R0
                 	MUL  R26,R@1
                 	ADD  R31,R0
                 	.ENDM
                 
                 ;NAME DEFINITIONS FOR GLOBAL VARIABLES ALLOCATED TO REGISTERS
                 	.DEF _var=R5
                 
                 	.CSEG
                 	.ORG 0x00
                 
                 ;START OF CODE MARKER
                 __START_OF_CODE:
                 
                 ;INTERRUPT VECTORS
000000 c021      	RJMP __RESET
000001 cffe      	RJMP 0x00
000002 cffd      	RJMP 0x00
000003 cffc      	RJMP 0x00
000004 cffb      	RJMP 0x00
000005 cffa      	RJMP 0x00
000006 cff9      	RJMP 0x00
000007 cff8      	RJMP 0x00
000008 cff7      	RJMP 0x00
000009 cff6      	RJMP 0x00
00000a cff5      	RJMP 0x00
00000b cff4      	RJMP 0x00
00000c cff3      	RJMP 0x00
00000d cff2      	RJMP 0x00
00000e cff1      	RJMP 0x00
00000f cff0      	RJMP 0x00
000010 cfef      	RJMP 0x00
000011 cfee      	RJMP 0x00
000012 cfed      	RJMP 0x00
000013 cfec      	RJMP 0x00
000014 cfeb      	RJMP 0x00
                 
                 ;REGISTER BIT VARIABLES INITIALIZATION
                 __REG_BIT_VARS:
000015 0000      	.DW  0x0000
                 
                 _0x3:
000016 063f
000017 4f5b
000018 6d66
000019 077c      	.DB  0x3F,0x6,0x5B,0x4F,0x66,0x6D,0x7C,0x7
00001a 6f7f      	.DB  0x7F,0x6F
                 
                 __GLOBAL_INI_TBL:
00001b 0001      	.DW  0x01
00001c 0002      	.DW  0x02
00001d 002a      	.DW  __REG_BIT_VARS*2
                 
00001e 000a      	.DW  0x0A
00001f 00e0      	.DW  _tabla7segmentos
000020 002c      	.DW  _0x3*2
                 
                 _0xFFFFFFFF:
000021 0000      	.DW  0
                 
                 #define __GLOBAL_INI_TBL_PRESENT 1
                 
                 __RESET:
000022 94f8      	CLI
000023 27ee      	CLR  R30
000024 bbec      	OUT  EECR,R30
                 
                 ;INTERRUPT VECTORS ARE PLACED
                 ;AT THE START OF FLASH
000025 e0f1      	LDI  R31,1
000026 bffb      	OUT  GICR,R31
000027 bfeb      	OUT  GICR,R30
000028 bfe5      	OUT  MCUCR,R30
                 
                 ;DISABLE WATCHDOG
000029 e1f8      	LDI  R31,0x18
00002a bdf1      	OUT  WDTCR,R31
00002b bde1      	OUT  WDTCR,R30
                 
                 ;CLEAR R2-R14
00002c e08d      	LDI  R24,(14-2)+1
00002d e0a2      	LDI  R26,2
00002e 27bb      	CLR  R27
                 __CLEAR_REG:
00002f 93ed      	ST   X+,R30
000030 958a      	DEC  R24
000031 f7e9      	BRNE __CLEAR_REG
                 
                 ;CLEAR SRAM
000032 e080      	LDI  R24,LOW(__CLEAR_SRAM_SIZE)
000033 e092      	LDI  R25,HIGH(__CLEAR_SRAM_SIZE)
000034 e6a0      	LDI  R26,__SRAM_START
                 __CLEAR_SRAM:
000035 93ed      	ST   X+,R30
000036 9701      	SBIW R24,1
000037 f7e9      	BRNE __CLEAR_SRAM
                 
                 ;GLOBAL VARIABLES INITIALIZATION
000038 e3e6      	LDI  R30,LOW(__GLOBAL_INI_TBL*2)
000039 e0f0      	LDI  R31,HIGH(__GLOBAL_INI_TBL*2)
                 __GLOBAL_INI_NEXT:
00003a 9185      	LPM  R24,Z+
00003b 9195      	LPM  R25,Z+
00003c 9700      	SBIW R24,0
00003d f061      	BREQ __GLOBAL_INI_END
00003e 91a5      	LPM  R26,Z+
00003f 91b5      	LPM  R27,Z+
000040 9005      	LPM  R0,Z+
000041 9015      	LPM  R1,Z+
000042 01bf      	MOVW R22,R30
000043 01f0      	MOVW R30,R0
                 __GLOBAL_INI_LOOP:
000044 9005      	LPM  R0,Z+
000045 920d      	ST   X+,R0
000046 9701      	SBIW R24,1
000047 f7e1      	BRNE __GLOBAL_INI_LOOP
000048 01fb      	MOVW R30,R22
000049 cff0      	RJMP __GLOBAL_INI_NEXT
                 __GLOBAL_INI_END:
                 
                 ;HARDWARE STACK POINTER INITIALIZATION
00004a e5ef      	LDI  R30,LOW(__SRAM_END-__HEAP_SIZE)
00004b bfed      	OUT  SPL,R30
00004c e0e2      	LDI  R30,HIGH(__SRAM_END-__HEAP_SIZE)
00004d bfee      	OUT  SPH,R30
                 
                 ;DATA STACK POINTER INITIALIZATION
00004e eec0      	LDI  R28,LOW(__SRAM_START+__DSTACK_SIZE)
00004f e0d0      	LDI  R29,HIGH(__SRAM_START+__DSTACK_SIZE)
                 
000050 c000      	RJMP _main
                 
                 	.ESEG
                 	.ORG 0x00
                 
                 	.DSEG
                 	.ORG 0xE0
                 
                 	.CSEG
                 ;/*****************************************************
                 ;This program was produced by the
                 ;CodeWizardAVR V2.05.0 Professional
                 ;Automatic Program Generator
                 ;© Copyright 1998-2010 Pavel Haiduc, HP InfoTech s.r.l.
                 ;http://www.hpinfotech.com
                 ;
                 ;Project :
                 ;Version :
                 ;Date    : 11/10/2018
                 ;Author  : NeVaDa
                 ;Company :
                 ;Comments:
                 ;
                 ;
                 ;Chip type               : ATmega8535
                 ;Program type            : Application
                 ;AVR Core Clock frequency: 1.000000 MHz
                 ;Memory model            : Small
                 ;External RAM size       : 0
                 ;Data Stack size         : 128
                 ;*****************************************************/
                 ;
                 ;#include <mega8535.h>
                 	#ifndef __SLEEP_DEFINED__
                 	#define __SLEEP_DEFINED__
                 	.EQU __se_bit=0x40
                 	.EQU __sm_mask=0xB0
                 	.EQU __sm_powerdown=0x20
                 	.EQU __sm_powersave=0x30
                 	.EQU __sm_standby=0xA0
                 	.EQU __sm_ext_standby=0xB0
                 	.EQU __sm_adc_noise_red=0x10
                 	.SET power_ctrl_reg=mcucr
                 	#endif
                 ;#include <delay.h>
                 ;#define boton PIND.0
                 ;#define boton_guarda PIND.1
                 ;bit botonp;
                 ;bit botona;
                 ;unsigned char var; //Ahora la variable se guarda en eeprom
                 ;const char tabla7segmentos [10]={0x3f,0x06,0x5b,0x4f,0x66,0x6d,0x7c,0x07,0x7f,0x6f};
                 
                 	.DSEG
                 ;eeprom char datoaguardar;
                 ;void checa_boton (void); // Aquí se declaran todas las funciones que se van usar
                 ;// Declare your global variables here
                 ;
                 ;void main(void)
                 ; 0000 0025 {
                 
                 	.CSEG
                 _main:
                 ; .FSTART _main
                 ; 0000 0026 // Declare your local variables here
                 ; 0000 0027 
                 ; 0000 0028 // Input/Output Ports initialization
                 ; 0000 0029 // Port A initialization
                 ; 0000 002A // Func7=Out Func6=Out Func5=Out Func4=Out Func3=Out Func2=Out Func1=Out Func0=Out
                 ; 0000 002B // State7=0 State6=0 State5=0 State4=0 State3=0 State2=0 State1=0 State0=0
                 ; 0000 002C PORTA=0x00;
000051 e0e0      	LDI  R30,LOW(0)
000052 bbeb      	OUT  0x1B,R30
                 ; 0000 002D DDRA=0xFF;
000053 efef      	LDI  R30,LOW(255)
000054 bbea      	OUT  0x1A,R30
                 ; 0000 002E 
                 ; 0000 002F // Port B initialization
                 ; 0000 0030 // Func7=In Func6=In Func5=In Func4=In Func3=In Func2=In Func1=In Func0=In
                 ; 0000 0031 // State7=T State6=T State5=T State4=T State3=T State2=T State1=T State0=T
                 ; 0000 0032 PORTB=0x00;
000055 e0e0      	LDI  R30,LOW(0)
000056 bbe8      	OUT  0x18,R30
                 ; 0000 0033 DDRB=0x00;
000057 bbe7      	OUT  0x17,R30
                 ; 0000 0034 
                 ; 0000 0035 // Port C initialization
                 ; 0000 0036 // Func7=In Func6=In Func5=In Func4=In Func3=In Func2=In Func1=In Func0=In
                 ; 0000 0037 // State7=T State6=T State5=T State4=T State3=T State2=T State1=T State0=T
                 ; 0000 0038 PORTC=0x00;
000058 bbe5      	OUT  0x15,R30
                 ; 0000 0039 DDRC=0x00;
000059 bbe4      	OUT  0x14,R30
                 ; 0000 003A 
                 ; 0000 003B // Port D initialization
                 ; 0000 003C // Func7=In Func6=In Func5=In Func4=In Func3=In Func2=In Func1=In Func0=In
                 ; 0000 003D // State7=T State6=T State5=T State4=T State3=T State2=T State1=T State0=T
                 ; 0000 003E PORTD=0x00;
00005a bbe2      	OUT  0x12,R30
                 ; 0000 003F DDRD=0x00;
00005b bbe1      	OUT  0x11,R30
                 ; 0000 0040 
                 ; 0000 0041 // Timer/Counter 0 initialization
                 ; 0000 0042 // Clock source: System Clock
                 ; 0000 0043 // Clock value: Timer 0 Stopped
                 ; 0000 0044 // Mode: Normal top=0xFF
                 ; 0000 0045 // OC0 output: Disconnected
                 ; 0000 0046 TCCR0=0x00;
00005c bfe3      	OUT  0x33,R30
                 ; 0000 0047 TCNT0=0x00;
00005d bfe2      	OUT  0x32,R30
                 ; 0000 0048 OCR0=0x00;
00005e bfec      	OUT  0x3C,R30
                 ; 0000 0049 
                 ; 0000 004A // Timer/Counter 1 initialization
                 ; 0000 004B // Clock source: System Clock
                 ; 0000 004C // Clock value: Timer1 Stopped
                 ; 0000 004D // Mode: Normal top=0xFFFF
                 ; 0000 004E // OC1A output: Discon.
                 ; 0000 004F // OC1B output: Discon.
                 ; 0000 0050 // Noise Canceler: Off
                 ; 0000 0051 // Input Capture on Falling Edge
                 ; 0000 0052 // Timer1 Overflow Interrupt: Off
                 ; 0000 0053 // Input Capture Interrupt: Off
                 ; 0000 0054 // Compare A Match Interrupt: Off
                 ; 0000 0055 // Compare B Match Interrupt: Off
                 ; 0000 0056 TCCR1A=0x00;
00005f bdef      	OUT  0x2F,R30
                 ; 0000 0057 TCCR1B=0x00;
000060 bdee      	OUT  0x2E,R30
                 ; 0000 0058 TCNT1H=0x00;
000061 bded      	OUT  0x2D,R30
                 ; 0000 0059 TCNT1L=0x00;
000062 bdec      	OUT  0x2C,R30
                 ; 0000 005A ICR1H=0x00;
000063 bde7      	OUT  0x27,R30
                 ; 0000 005B ICR1L=0x00;
000064 bde6      	OUT  0x26,R30
                 ; 0000 005C OCR1AH=0x00;
000065 bdeb      	OUT  0x2B,R30
                 ; 0000 005D OCR1AL=0x00;
000066 bdea      	OUT  0x2A,R30
                 ; 0000 005E OCR1BH=0x00;
000067 bde9      	OUT  0x29,R30
                 ; 0000 005F OCR1BL=0x00;
000068 bde8      	OUT  0x28,R30
                 ; 0000 0060 
                 ; 0000 0061 // Timer/Counter 2 initialization
                 ; 0000 0062 // Clock source: System Clock
                 ; 0000 0063 // Clock value: Timer2 Stopped
                 ; 0000 0064 // Mode: Normal top=0xFF
                 ; 0000 0065 // OC2 output: Disconnected
                 ; 0000 0066 ASSR=0x00;
000069 bde2      	OUT  0x22,R30
                 ; 0000 0067 TCCR2=0x00;
00006a bde5      	OUT  0x25,R30
                 ; 0000 0068 TCNT2=0x00;
00006b bde4      	OUT  0x24,R30
                 ; 0000 0069 OCR2=0x00;
00006c bde3      	OUT  0x23,R30
                 ; 0000 006A 
                 ; 0000 006B // External Interrupt(s) initialization
                 ; 0000 006C // INT0: Off
                 ; 0000 006D // INT1: Off
                 ; 0000 006E // INT2: Off
                 ; 0000 006F MCUCR=0x00;
00006d bfe5      	OUT  0x35,R30
                 ; 0000 0070 MCUCSR=0x00;
00006e bfe4      	OUT  0x34,R30
                 ; 0000 0071 
                 ; 0000 0072 // Timer(s)/Counter(s) Interrupt(s) initialization
                 ; 0000 0073 TIMSK=0x00;
00006f bfe9      	OUT  0x39,R30
                 ; 0000 0074 
                 ; 0000 0075 // USART initialization
                 ; 0000 0076 // USART disabled
                 ; 0000 0077 UCSRB=0x00;
000070 b9ea      	OUT  0xA,R30
                 ; 0000 0078 
                 ; 0000 0079 // Analog Comparator initialization
                 ; 0000 007A // Analog Comparator: Off
                 ; 0000 007B // Analog Comparator Input Capture by Timer/Counter 1: Off
                 ; 0000 007C ACSR=0x80;
000071 e8e0      	LDI  R30,LOW(128)
000072 b9e8      	OUT  0x8,R30
                 ; 0000 007D SFIOR=0x00;
000073 e0e0      	LDI  R30,LOW(0)
000074 bfe0      	OUT  0x30,R30
                 ; 0000 007E 
                 ; 0000 007F // ADC initialization
                 ; 0000 0080 // ADC disabled
                 ; 0000 0081 ADCSRA=0x00;
000075 b9e6      	OUT  0x6,R30
                 ; 0000 0082 
                 ; 0000 0083 // SPI initialization
                 ; 0000 0084 // SPI disabled
                 ; 0000 0085 SPCR=0x00;
000076 b9ed      	OUT  0xD,R30
                 ; 0000 0086 
                 ; 0000 0087 // TWI initialization
                 ; 0000 0088 // TWI disabled
                 ; 0000 0089 TWCR=0x00;
000077 bfe6      	OUT  0x36,R30
                 ; 0000 008A 
                 ; 0000 008B if (datoaguardar>10)
000078 d036      	RCALL SUBOPT_0x0
000079 d038      	RCALL __EEPROMRDB
00007a 30eb      	CPI  R30,LOW(0xB)
00007b f018      	BRLO _0x4
                 ; 0000 008C datoaguardar=0;
00007c d032      	RCALL SUBOPT_0x0
00007d e0e0      	LDI  R30,LOW(0)
00007e d03f      	RCALL __EEPROMWRB
                 ; 0000 008D var=datoaguardar;
                 _0x4:
00007f d02f      	RCALL SUBOPT_0x0
000080 d031      	RCALL __EEPROMRDB
000081 2e5e      	MOV  R5,R30
                 ; 0000 008E while (1)
                 _0x5:
                 ; 0000 008F       {
                 ; 0000 0090         checa_boton();
000082 d00e      	RCALL _checa_boton
                 ; 0000 0091         PORTA=~tabla7segmentos [var];
000083 2de5      	MOV  R30,R5
000084 e0f0      	LDI  R31,0
000085 52e0      	SUBI R30,LOW(-_tabla7segmentos)
000086 4fff      	SBCI R31,HIGH(-_tabla7segmentos)
000087 81e0      	LD   R30,Z
000088 95e0      	COM  R30
000089 bbeb      	OUT  0x1B,R30
                 ; 0000 0092         if (boton_guarda==0) //Si se presiona el botón de guardar
00008a 9981      	SBIC 0x10,1
00008b c003      	RJMP _0x8
                 ; 0000 0093             datoaguardar=var; //se grabara la eeprom con el valor de var
00008c 2de5      	MOV  R30,R5
00008d d021      	RCALL SUBOPT_0x0
00008e d02f      	RCALL __EEPROMWRB
                 ; 0000 0094       // Place your code here
                 ; 0000 0095 
                 ; 0000 0096       };
                 _0x8:
00008f cff2      	RJMP _0x5
                 ; 0000 0097 }
                 _0x9:
000090 cfff      	RJMP _0x9
                 ; .FEND
                 ;
                 ;void checa_boton (void)
                 ; 0000 009A {
                 _checa_boton:
                 ; .FSTART _checa_boton
                 ; 0000 009B     if (boton==0)
000091 9980      	SBIC 0x10,0
000092 c002      	RJMP _0xA
                 ; 0000 009C         botona=0;
000093 94e8      	CLT
000094 c001      	RJMP _0x13
                 ; 0000 009D     else
                 _0xA:
                 ; 0000 009E         botona=1;
000095 9468      	SET
                 _0x13:
000096 f821      	BLD  R2,1
                 ; 0000 009F     if ((botonp==1)&&(botona==0)) //hubo cambio de flanco de 1 a 0
000097 fe20      	SBRS R2,0
000098 c002      	RJMP _0xD
000099 fe21      	SBRS R2,1
00009a c001      	RJMP _0xE
                 _0xD:
00009b c008      	RJMP _0xC
                 _0xE:
                 ; 0000 00A0     {
                 ; 0000 00A1         var++; //Se incrementa la variable
00009c 9453      	INC  R5
                 ; 0000 00A2         if (var>=10)
00009d e0ea      	LDI  R30,LOW(10)
00009e 165e      	CP   R5,R30
00009f f008      	BRLO _0xF
                 ; 0000 00A3             var=0;
0000a0 2455      	CLR  R5
                 ; 0000 00A4             delay_ms(40); //Se coloca retardo de 40mS para eliminar rebotes
                 _0xF:
0000a1 e2a8      	LDI  R26,LOW(40)
0000a2 e0b0      	LDI  R27,0
0000a3 d02b      	RCALL _delay_ms
                 ; 0000 00A5     }
                 ; 0000 00A6     if ((botonp==0)&&(botona==1)) //hubo cambio de flanco de 0 a 1
                 _0xC:
0000a4 fc20      	SBRC R2,0
0000a5 c002      	RJMP _0x11
0000a6 fc21      	SBRC R2,1
0000a7 c001      	RJMP _0x12
                 _0x11:
0000a8 c003      	RJMP _0x10
                 _0x12:
                 ; 0000 00A7         delay_ms(40); //Se coloca retardo de 40mS para eliminar rebotes
0000a9 e2a8      	LDI  R26,LOW(40)
0000aa e0b0      	LDI  R27,0
0000ab d023      	RCALL _delay_ms
                 ; 0000 00A8     botonp=botona;
                 _0x10:
0000ac fa21      	BST  R2,1
0000ad f820      	BLD  R2,0
                 ; 0000 00A9 }
0000ae 9508      	RET
                 ; .FEND
                 
                 	.DSEG
                 _tabla7segmentos:
0000e0           	.BYTE 0xA
                 
                 	.ESEG
                 _datoaguardar:
000000           	.BYTE 0x1
                 
                 	.CSEG
                 ;OPTIMIZER ADDED SUBROUTINE, CALLED 4 TIMES, CODE SIZE REDUCTION:1 WORDS
                 SUBOPT_0x0:
0000af e0a0      	LDI  R26,LOW(_datoaguardar)
0000b0 e0b0      	LDI  R27,HIGH(_datoaguardar)
0000b1 9508      	RET
                 
                 ;RUNTIME LIBRARY
                 
                 	.CSEG
                 __EEPROMRDB:
0000b2 99e1      	SBIC EECR,EEWE
0000b3 cffe      	RJMP __EEPROMRDB
0000b4 93ff      	PUSH R31
0000b5 b7ff      	IN   R31,SREG
0000b6 94f8      	CLI
0000b7 bbae      	OUT  EEARL,R26
0000b8 bbbf      	OUT  EEARH,R27
0000b9 9ae0      	SBI  EECR,EERE
0000ba b3ed      	IN   R30,EEDR
0000bb bfff      	OUT  SREG,R31
0000bc 91ff      	POP  R31
0000bd 9508      	RET
                 
                 __EEPROMWRB:
0000be 9be1      	SBIS EECR,EEWE
0000bf c002      	RJMP __EEPROMWRB1
0000c0 95a8      	WDR
0000c1 cffc      	RJMP __EEPROMWRB
                 __EEPROMWRB1:
0000c2 b79f      	IN   R25,SREG
0000c3 94f8      	CLI
0000c4 bbae      	OUT  EEARL,R26
0000c5 bbbf      	OUT  EEARH,R27
0000c6 9ae0      	SBI  EECR,EERE
0000c7 b38d      	IN   R24,EEDR
0000c8 17e8      	CP   R30,R24
0000c9 f019      	BREQ __EEPROMWRB0
0000ca bbed      	OUT  EEDR,R30
0000cb 9ae2      	SBI  EECR,EEMWE
0000cc 9ae1      	SBI  EECR,EEWE
                 __EEPROMWRB0:
0000cd bf9f      	OUT  SREG,R25
0000ce 9508      	RET
                 
                 _delay_ms:
0000cf 9610      	adiw r26,0
0000d0 f039      	breq __delay_ms1
                 __delay_ms0:
0000d1 95a8      	wdr
                +
0000d2 ef8a     +LDI R24 , LOW ( 0xFA )
0000d3 e090     +LDI R25 , HIGH ( 0xFA )
                +__DELAY_USW_LOOP :
0000d4 9701     +SBIW R24 , 1
0000d5 f7f1     +BRNE __DELAY_USW_LOOP
                 	__DELAY_USW 0xFA
0000d6 9711      	sbiw r26,1
0000d7 f7c9      	brne __delay_ms0
                 __delay_ms1:
0000d8 9508      	ret
                 
                 ;END OF CODE MARKER
                 __END_OF_CODE:


RESOURCE USE INFORMATION
------------------------

Notice:
The register and instruction counts are symbol table hit counts,
and hence implicitly used resources are not counted, eg, the
'lpm' instruction without operands implicitly uses r0 and z,
none of which are counted.

x,y,z are separate entities in the symbol table and are
counted separately from r26..r31 here.

.dseg memory usage only counts static data declared with .byte

ATmega8535 register use summary:
r0 :   4 r1 :   1 r2 :   7 r3 :   0 r4 :   0 r5 :   6 r6 :   0 r7 :   0 
r8 :   0 r9 :   0 r10:   0 r11:   0 r12:   0 r13:   0 r14:   0 r15:   0 
r16:   0 r17:   0 r18:   0 r19:   0 r20:   0 r21:   0 r22:   2 r23:   0 
r24:  11 r25:   5 r26:  10 r27:   7 r28:   1 r29:   1 r30:  68 r31:  11 
x  :   3 y  :   0 z  :   8 
Registers used: 15 out of 35 (42.9%)

ATmega8535 instruction use summary:
.lds  :   0 .lds.l:   0 .sts  :   0 .sts.l:   0 adc   :   0 add   :   0 
adiw  :   1 and   :   0 andi  :   0 asr   :   0 bclr  :   0 bld   :   2 
brbc  :   0 brbs  :   0 brcc  :   0 brcs  :   0 break :   0 breq  :   3 
brge  :   0 brhc  :   0 brhs  :   0 brid  :   0 brie  :   0 brlo  :   2 
brlt  :   0 brmi  :   0 brne  :   5 brpl  :   0 brsh  :   0 brtc  :   0 
brts  :   0 brvc  :   0 brvs  :   0 bset  :   0 bst   :   1 cbi   :   0 
cbr   :   0 clc   :   0 clh   :   0 cli   :   3 cln   :   0 clr   :   3 
cls   :   0 clt   :   1 clv   :   0 clz   :   0 com   :   1 cp    :   2 
cpc   :   0 cpi   :   1 cpse  :   0 dec   :   1 des   :   0 eor   :   0 
fmul  :   0 fmuls :   0 fmulsu:   0 icall :   0 ijmp  :   0 in    :   4 
inc   :   1 ld    :   1 ldd   :   0 ldi   :  29 lds   :   0 lpm   :   7 
lsl   :   0 lsr   :   0 mov   :   3 movw  :   3 mul   :   0 muls  :   0 
mulsu :   0 neg   :   0 nop   :   0 or    :   0 ori   :   0 out   :  50 
pop   :   1 push  :   1 rcall :  11 ret   :   5 reti  :   0 rjmp  :  37 
rol   :   0 ror   :   0 sbc   :   0 sbci  :   1 sbi   :   4 sbic  :   3 
sbis  :   1 sbiw  :   5 sbr   :   0 sbrc  :   2 sbrs  :   2 sec   :   0 
seh   :   0 sei   :   0 sen   :   0 ser   :   0 ses   :   0 set   :   1 
sev   :   0 sez   :   0 sleep :   0 spm   :   0 st    :   3 std   :   0 
sts   :   0 sub   :   0 subi  :   1 swap  :   0 tst   :   0 wdr   :   2 

Instructions used: 37 out of 114 (32.5%)

ATmega8535 memory use summary [bytes]:
Segment   Begin    End      Code   Data   Used    Size   Use%
---------------------------------------------------------------
[.cseg] 0x000000 0x0001b2    408     26    434    8192   5.3%
[.dseg] 0x000060 0x0000ea      0     10     10     512   2.0%
[.eseg] 0x000000 0x000001      0      1      1     512   0.2%

Assembly complete, 0 errors, 1 warnings
