
AVRASM ver. 2.1.30  C:\Users\agust\Documents\ESCOM\Microcontroladores\Proyecto2\Debug\List\Proyecto2.asm Wed Mar 27 14:52:07 2019

C:\Users\agust\Documents\ESCOM\Microcontroladores\Proyecto2\Debug\List\Proyecto2.asm(1093): warning: Register r4 already defined by the .DEF directive
C:\Users\agust\Documents\ESCOM\Microcontroladores\Proyecto2\Debug\List\Proyecto2.asm(1094): warning: Register r5 already defined by the .DEF directive
C:\Users\agust\Documents\ESCOM\Microcontroladores\Proyecto2\Debug\List\Proyecto2.asm(1095): warning: Register r6 already defined by the .DEF directive
C:\Users\agust\Documents\ESCOM\Microcontroladores\Proyecto2\Debug\List\Proyecto2.asm(1096): warning: Register r7 already defined by the .DEF directive
C:\Users\agust\Documents\ESCOM\Microcontroladores\Proyecto2\Debug\List\Proyecto2.asm(1097): warning: Register r8 already defined by the .DEF directive
C:\Users\agust\Documents\ESCOM\Microcontroladores\Proyecto2\Debug\List\Proyecto2.asm(1098): warning: Register r9 already defined by the .DEF directive
C:\Users\agust\Documents\ESCOM\Microcontroladores\Proyecto2\Debug\List\Proyecto2.asm(1099): warning: Register r10 already defined by the .DEF directive
C:\Users\agust\Documents\ESCOM\Microcontroladores\Proyecto2\Debug\List\Proyecto2.asm(1100): warning: Register r11 already defined by the .DEF directive
C:\Users\agust\Documents\ESCOM\Microcontroladores\Proyecto2\Debug\List\Proyecto2.asm(1101): warning: Register r12 already defined by the .DEF directive
C:\Users\agust\Documents\ESCOM\Microcontroladores\Proyecto2\Debug\List\Proyecto2.asm(1102): warning: Register r13 already defined by the .DEF directive
                 
                 
                 ;CodeVisionAVR C Compiler V3.34 Evaluation
                 ;(C) Copyright 1998-2018 Pavel Haiduc, HP InfoTech s.r.l.
                 ;http://www.hpinfotech.com
                 
                 ;Build configuration    : Debug
                 ;Chip type              : ATmega8535
                 ;Program type           : Application
                 ;Clock frequency        : 1.000000 MHz
                 ;Memory model           : Small
                 ;Optimize for           : Size
                 ;(s)printf features     : int, width
                 ;(s)scanf features      : int, width
                 ;External RAM size      : 0
                 ;Data Stack size        : 128 byte(s)
                 ;Heap size              : 0 byte(s)
                 ;Promote 'char' to 'int': Yes
                 ;'char' is unsigned     : Yes
                 ;8 bit enums            : Yes
                 ;Global 'const' stored in FLASH: Yes
                 ;Enhanced function parameter passing: Mode 2
                 ;Enhanced core instructions: On
                 ;Automatic register allocation for global variables: On
                 ;Smart register allocation: On
                 
                 	#define _MODEL_SMALL_
                 
                 	#pragma AVRPART ADMIN PART_NAME ATmega8535
                 	#pragma AVRPART MEMORY PROG_FLASH 8192
                 	#pragma AVRPART MEMORY EEPROM 512
                 	#pragma AVRPART MEMORY INT_SRAM SIZE 512
                 	#pragma AVRPART MEMORY INT_SRAM START_ADDR 0x60
                 
                 	.LISTMAC
                 	.EQU UDRE=0x5
                 	.EQU RXC=0x7
                 	.EQU USR=0xB
                 	.EQU UDR=0xC
                 	.EQU SPSR=0xE
                 	.EQU SPDR=0xF
                 	.EQU EERE=0x0
                 	.EQU EEWE=0x1
                 	.EQU EEMWE=0x2
                 	.EQU EECR=0x1C
                 	.EQU EEDR=0x1D
                 	.EQU EEARL=0x1E
                 	.EQU EEARH=0x1F
                 	.EQU WDTCR=0x21
                 	.EQU MCUCR=0x35
                 	.EQU GICR=0x3B
                 	.EQU SPL=0x3D
                 	.EQU SPH=0x3E
                 	.EQU SREG=0x3F
                 
                 	.DEF R0X0=R0
                 	.DEF R0X1=R1
                 	.DEF R0X2=R2
                 	.DEF R0X3=R3
                 	.DEF R0X4=R4
                 	.DEF R0X5=R5
                 	.DEF R0X6=R6
                 	.DEF R0X7=R7
                 	.DEF R0X8=R8
                 	.DEF R0X9=R9
                 	.DEF R0XA=R10
                 	.DEF R0XB=R11
                 	.DEF R0XC=R12
                 	.DEF R0XD=R13
                 	.DEF R0XE=R14
                 	.DEF R0XF=R15
                 	.DEF R0X10=R16
                 	.DEF R0X11=R17
                 	.DEF R0X12=R18
                 	.DEF R0X13=R19
                 	.DEF R0X14=R20
                 	.DEF R0X15=R21
                 	.DEF R0X16=R22
                 	.DEF R0X17=R23
                 	.DEF R0X18=R24
                 	.DEF R0X19=R25
                 	.DEF R0X1A=R26
                 	.DEF R0X1B=R27
                 	.DEF R0X1C=R28
                 	.DEF R0X1D=R29
                 	.DEF R0X1E=R30
                 	.DEF R0X1F=R31
                 
                 	.EQU __SRAM_START=0x0060
                 	.EQU __SRAM_END=0x025F
                 	.EQU __DSTACK_SIZE=0x0080
                 	.EQU __HEAP_SIZE=0x0000
                 	.EQU __CLEAR_SRAM_SIZE=__SRAM_END-__SRAM_START+1
                 
                 	.MACRO __CPD1N
                 	CPI  R30,LOW(@0)
                 	LDI  R26,HIGH(@0)
                 	CPC  R31,R26
                 	LDI  R26,BYTE3(@0)
                 	CPC  R22,R26
                 	LDI  R26,BYTE4(@0)
                 	CPC  R23,R26
                 	.ENDM
                 
                 	.MACRO __CPD2N
                 	CPI  R26,LOW(@0)
                 	LDI  R30,HIGH(@0)
                 	CPC  R27,R30
                 	LDI  R30,BYTE3(@0)
                 	CPC  R24,R30
                 	LDI  R30,BYTE4(@0)
                 	CPC  R25,R30
                 	.ENDM
                 
                 	.MACRO __CPWRR
                 	CP   R@0,R@2
                 	CPC  R@1,R@3
                 	.ENDM
                 
                 	.MACRO __CPWRN
                 	CPI  R@0,LOW(@2)
                 	LDI  R30,HIGH(@2)
                 	CPC  R@1,R30
                 	.ENDM
                 
                 	.MACRO __ADDB1MN
                 	SUBI R30,LOW(-@0-(@1))
                 	.ENDM
                 
                 	.MACRO __ADDB2MN
                 	SUBI R26,LOW(-@0-(@1))
                 	.ENDM
                 
                 	.MACRO __ADDW1MN
                 	SUBI R30,LOW(-@0-(@1))
                 	SBCI R31,HIGH(-@0-(@1))
                 	.ENDM
                 
                 	.MACRO __ADDW2MN
                 	SUBI R26,LOW(-@0-(@1))
                 	SBCI R27,HIGH(-@0-(@1))
                 	.ENDM
                 
                 	.MACRO __ADDW1FN
                 	SUBI R30,LOW(-2*@0-(@1))
                 	SBCI R31,HIGH(-2*@0-(@1))
                 	.ENDM
                 
                 	.MACRO __ADDD1FN
                 	SUBI R30,LOW(-2*@0-(@1))
                 	SBCI R31,HIGH(-2*@0-(@1))
                 	SBCI R22,BYTE3(-2*@0-(@1))
                 	.ENDM
                 
                 	.MACRO __ADDD1N
                 	SUBI R30,LOW(-@0)
                 	SBCI R31,HIGH(-@0)
                 	SBCI R22,BYTE3(-@0)
                 	SBCI R23,BYTE4(-@0)
                 	.ENDM
                 
                 	.MACRO __ADDD2N
                 	SUBI R26,LOW(-@0)
                 	SBCI R27,HIGH(-@0)
                 	SBCI R24,BYTE3(-@0)
                 	SBCI R25,BYTE4(-@0)
                 	.ENDM
                 
                 	.MACRO __SUBD1N
                 	SUBI R30,LOW(@0)
                 	SBCI R31,HIGH(@0)
                 	SBCI R22,BYTE3(@0)
                 	SBCI R23,BYTE4(@0)
                 	.ENDM
                 
                 	.MACRO __SUBD2N
                 	SUBI R26,LOW(@0)
                 	SBCI R27,HIGH(@0)
                 	SBCI R24,BYTE3(@0)
                 	SBCI R25,BYTE4(@0)
                 	.ENDM
                 
                 	.MACRO __ANDBMNN
                 	LDS  R30,@0+(@1)
                 	ANDI R30,LOW(@2)
                 	STS  @0+(@1),R30
                 	.ENDM
                 
                 	.MACRO __ANDWMNN
                 	LDS  R30,@0+(@1)
                 	ANDI R30,LOW(@2)
                 	STS  @0+(@1),R30
                 	LDS  R30,@0+(@1)+1
                 	ANDI R30,HIGH(@2)
                 	STS  @0+(@1)+1,R30
                 	.ENDM
                 
                 	.MACRO __ANDD1N
                 	ANDI R30,LOW(@0)
                 	ANDI R31,HIGH(@0)
                 	ANDI R22,BYTE3(@0)
                 	ANDI R23,BYTE4(@0)
                 	.ENDM
                 
                 	.MACRO __ANDD2N
                 	ANDI R26,LOW(@0)
                 	ANDI R27,HIGH(@0)
                 	ANDI R24,BYTE3(@0)
                 	ANDI R25,BYTE4(@0)
                 	.ENDM
                 
                 	.MACRO __ORBMNN
                 	LDS  R30,@0+(@1)
                 	ORI  R30,LOW(@2)
                 	STS  @0+(@1),R30
                 	.ENDM
                 
                 	.MACRO __ORWMNN
                 	LDS  R30,@0+(@1)
                 	ORI  R30,LOW(@2)
                 	STS  @0+(@1),R30
                 	LDS  R30,@0+(@1)+1
                 	ORI  R30,HIGH(@2)
                 	STS  @0+(@1)+1,R30
                 	.ENDM
                 
                 	.MACRO __ORD1N
                 	ORI  R30,LOW(@0)
                 	ORI  R31,HIGH(@0)
                 	ORI  R22,BYTE3(@0)
                 	ORI  R23,BYTE4(@0)
                 	.ENDM
                 
                 	.MACRO __ORD2N
                 	ORI  R26,LOW(@0)
                 	ORI  R27,HIGH(@0)
                 	ORI  R24,BYTE3(@0)
                 	ORI  R25,BYTE4(@0)
                 	.ENDM
                 
                 	.MACRO __DELAY_USB
                 	LDI  R24,LOW(@0)
                 __DELAY_USB_LOOP:
                 	DEC  R24
                 	BRNE __DELAY_USB_LOOP
                 	.ENDM
                 
                 	.MACRO __DELAY_USW
                 	LDI  R24,LOW(@0)
                 	LDI  R25,HIGH(@0)
                 __DELAY_USW_LOOP:
                 	SBIW R24,1
                 	BRNE __DELAY_USW_LOOP
                 	.ENDM
                 
                 	.MACRO __GETD1S
                 	LDD  R30,Y+@0
                 	LDD  R31,Y+@0+1
                 	LDD  R22,Y+@0+2
                 	LDD  R23,Y+@0+3
                 	.ENDM
                 
                 	.MACRO __GETD2S
                 	LDD  R26,Y+@0
                 	LDD  R27,Y+@0+1
                 	LDD  R24,Y+@0+2
                 	LDD  R25,Y+@0+3
                 	.ENDM
                 
                 	.MACRO __PUTD1S
                 	STD  Y+@0,R30
                 	STD  Y+@0+1,R31
                 	STD  Y+@0+2,R22
                 	STD  Y+@0+3,R23
                 	.ENDM
                 
                 	.MACRO __PUTD2S
                 	STD  Y+@0,R26
                 	STD  Y+@0+1,R27
                 	STD  Y+@0+2,R24
                 	STD  Y+@0+3,R25
                 	.ENDM
                 
                 	.MACRO __PUTDZ2
                 	STD  Z+@0,R26
                 	STD  Z+@0+1,R27
                 	STD  Z+@0+2,R24
                 	STD  Z+@0+3,R25
                 	.ENDM
                 
                 	.MACRO __CLRD1S
                 	STD  Y+@0,R30
                 	STD  Y+@0+1,R30
                 	STD  Y+@0+2,R30
                 	STD  Y+@0+3,R30
                 	.ENDM
                 
                 	.MACRO __POINTB1MN
                 	LDI  R30,LOW(@0+(@1))
                 	.ENDM
                 
                 	.MACRO __POINTW1MN
                 	LDI  R30,LOW(@0+(@1))
                 	LDI  R31,HIGH(@0+(@1))
                 	.ENDM
                 
                 	.MACRO __POINTD1M
                 	LDI  R30,LOW(@0)
                 	LDI  R31,HIGH(@0)
                 	LDI  R22,BYTE3(@0)
                 	LDI  R23,BYTE4(@0)
                 	.ENDM
                 
                 	.MACRO __POINTW1FN
                 	LDI  R30,LOW(2*@0+(@1))
                 	LDI  R31,HIGH(2*@0+(@1))
                 	.ENDM
                 
                 	.MACRO __POINTD1FN
                 	LDI  R30,LOW(2*@0+(@1))
                 	LDI  R31,HIGH(2*@0+(@1))
                 	LDI  R22,BYTE3(2*@0+(@1))
                 	LDI  R23,BYTE4(2*@0+(@1))
                 	.ENDM
                 
                 	.MACRO __POINTB2MN
                 	LDI  R26,LOW(@0+(@1))
                 	.ENDM
                 
                 	.MACRO __POINTW2MN
                 	LDI  R26,LOW(@0+(@1))
                 	LDI  R27,HIGH(@0+(@1))
                 	.ENDM
                 
                 	.MACRO __POINTD2M
                 	LDI  R26,LOW(@0)
                 	LDI  R27,HIGH(@0)
                 	LDI  R24,BYTE3(@0)
                 	LDI  R25,BYTE4(@0)
                 	.ENDM
                 
                 	.MACRO __POINTW2FN
                 	LDI  R26,LOW(2*@0+(@1))
                 	LDI  R27,HIGH(2*@0+(@1))
                 	.ENDM
                 
                 	.MACRO __POINTD2FN
                 	LDI  R26,LOW(2*@0+(@1))
                 	LDI  R27,HIGH(2*@0+(@1))
                 	LDI  R24,BYTE3(2*@0+(@1))
                 	LDI  R25,BYTE4(2*@0+(@1))
                 	.ENDM
                 
                 	.MACRO __POINTBRM
                 	LDI  R@0,LOW(@1)
                 	.ENDM
                 
                 	.MACRO __POINTWRM
                 	LDI  R@0,LOW(@2)
                 	LDI  R@1,HIGH(@2)
                 	.ENDM
                 
                 	.MACRO __POINTBRMN
                 	LDI  R@0,LOW(@1+(@2))
                 	.ENDM
                 
                 	.MACRO __POINTWRMN
                 	LDI  R@0,LOW(@2+(@3))
                 	LDI  R@1,HIGH(@2+(@3))
                 	.ENDM
                 
                 	.MACRO __POINTWRFN
                 	LDI  R@0,LOW(@2*2+(@3))
                 	LDI  R@1,HIGH(@2*2+(@3))
                 	.ENDM
                 
                 	.MACRO __GETD1N
                 	LDI  R30,LOW(@0)
                 	LDI  R31,HIGH(@0)
                 	LDI  R22,BYTE3(@0)
                 	LDI  R23,BYTE4(@0)
                 	.ENDM
                 
                 	.MACRO __GETD2N
                 	LDI  R26,LOW(@0)
                 	LDI  R27,HIGH(@0)
                 	LDI  R24,BYTE3(@0)
                 	LDI  R25,BYTE4(@0)
                 	.ENDM
                 
                 	.MACRO __GETB1MN
                 	LDS  R30,@0+(@1)
                 	.ENDM
                 
                 	.MACRO __GETB1HMN
                 	LDS  R31,@0+(@1)
                 	.ENDM
                 
                 	.MACRO __GETW1MN
                 	LDS  R30,@0+(@1)
                 	LDS  R31,@0+(@1)+1
                 	.ENDM
                 
                 	.MACRO __GETD1MN
                 	LDS  R30,@0+(@1)
                 	LDS  R31,@0+(@1)+1
                 	LDS  R22,@0+(@1)+2
                 	LDS  R23,@0+(@1)+3
                 	.ENDM
                 
                 	.MACRO __GETBRMN
                 	LDS  R@0,@1+(@2)
                 	.ENDM
                 
                 	.MACRO __GETWRMN
                 	LDS  R@0,@2+(@3)
                 	LDS  R@1,@2+(@3)+1
                 	.ENDM
                 
                 	.MACRO __GETWRZ
                 	LDD  R@0,Z+@2
                 	LDD  R@1,Z+@2+1
                 	.ENDM
                 
                 	.MACRO __GETD2Z
                 	LDD  R26,Z+@0
                 	LDD  R27,Z+@0+1
                 	LDD  R24,Z+@0+2
                 	LDD  R25,Z+@0+3
                 	.ENDM
                 
                 	.MACRO __GETB2MN
                 	LDS  R26,@0+(@1)
                 	.ENDM
                 
                 	.MACRO __GETW2MN
                 	LDS  R26,@0+(@1)
                 	LDS  R27,@0+(@1)+1
                 	.ENDM
                 
                 	.MACRO __GETD2MN
                 	LDS  R26,@0+(@1)
                 	LDS  R27,@0+(@1)+1
                 	LDS  R24,@0+(@1)+2
                 	LDS  R25,@0+(@1)+3
                 	.ENDM
                 
                 	.MACRO __PUTB1MN
                 	STS  @0+(@1),R30
                 	.ENDM
                 
                 	.MACRO __PUTW1MN
                 	STS  @0+(@1),R30
                 	STS  @0+(@1)+1,R31
                 	.ENDM
                 
                 	.MACRO __PUTD1MN
                 	STS  @0+(@1),R30
                 	STS  @0+(@1)+1,R31
                 	STS  @0+(@1)+2,R22
                 	STS  @0+(@1)+3,R23
                 	.ENDM
                 
                 	.MACRO __PUTB1EN
                 	LDI  R26,LOW(@0+(@1))
                 	LDI  R27,HIGH(@0+(@1))
                 	RCALL __EEPROMWRB
                 	.ENDM
                 
                 	.MACRO __PUTW1EN
                 	LDI  R26,LOW(@0+(@1))
                 	LDI  R27,HIGH(@0+(@1))
                 	RCALL __EEPROMWRW
                 	.ENDM
                 
                 	.MACRO __PUTD1EN
                 	LDI  R26,LOW(@0+(@1))
                 	LDI  R27,HIGH(@0+(@1))
                 	RCALL __EEPROMWRD
                 	.ENDM
                 
                 	.MACRO __PUTBR0MN
                 	STS  @0+(@1),R0
                 	.ENDM
                 
                 	.MACRO __PUTBMRN
                 	STS  @0+(@1),R@2
                 	.ENDM
                 
                 	.MACRO __PUTWMRN
                 	STS  @0+(@1),R@2
                 	STS  @0+(@1)+1,R@3
                 	.ENDM
                 
                 	.MACRO __PUTBZR
                 	STD  Z+@1,R@0
                 	.ENDM
                 
                 	.MACRO __PUTWZR
                 	STD  Z+@2,R@0
                 	STD  Z+@2+1,R@1
                 	.ENDM
                 
                 	.MACRO __GETW1R
                 	MOV  R30,R@0
                 	MOV  R31,R@1
                 	.ENDM
                 
                 	.MACRO __GETW2R
                 	MOV  R26,R@0
                 	MOV  R27,R@1
                 	.ENDM
                 
                 	.MACRO __GETWRN
                 	LDI  R@0,LOW(@2)
                 	LDI  R@1,HIGH(@2)
                 	.ENDM
                 
                 	.MACRO __PUTW1R
                 	MOV  R@0,R30
                 	MOV  R@1,R31
                 	.ENDM
                 
                 	.MACRO __PUTW2R
                 	MOV  R@0,R26
                 	MOV  R@1,R27
                 	.ENDM
                 
                 	.MACRO __ADDWRN
                 	SUBI R@0,LOW(-@2)
                 	SBCI R@1,HIGH(-@2)
                 	.ENDM
                 
                 	.MACRO __ADDWRR
                 	ADD  R@0,R@2
                 	ADC  R@1,R@3
                 	.ENDM
                 
                 	.MACRO __SUBWRN
                 	SUBI R@0,LOW(@2)
                 	SBCI R@1,HIGH(@2)
                 	.ENDM
                 
                 	.MACRO __SUBWRR
                 	SUB  R@0,R@2
                 	SBC  R@1,R@3
                 	.ENDM
                 
                 	.MACRO __ANDWRN
                 	ANDI R@0,LOW(@2)
                 	ANDI R@1,HIGH(@2)
                 	.ENDM
                 
                 	.MACRO __ANDWRR
                 	AND  R@0,R@2
                 	AND  R@1,R@3
                 	.ENDM
                 
                 	.MACRO __ORWRN
                 	ORI  R@0,LOW(@2)
                 	ORI  R@1,HIGH(@2)
                 	.ENDM
                 
                 	.MACRO __ORWRR
                 	OR   R@0,R@2
                 	OR   R@1,R@3
                 	.ENDM
                 
                 	.MACRO __EORWRR
                 	EOR  R@0,R@2
                 	EOR  R@1,R@3
                 	.ENDM
                 
                 	.MACRO __GETWRS
                 	LDD  R@0,Y+@2
                 	LDD  R@1,Y+@2+1
                 	.ENDM
                 
                 	.MACRO __PUTBSR
                 	STD  Y+@1,R@0
                 	.ENDM
                 
                 	.MACRO __PUTWSR
                 	STD  Y+@2,R@0
                 	STD  Y+@2+1,R@1
                 	.ENDM
                 
                 	.MACRO __MOVEWRR
                 	MOV  R@0,R@2
                 	MOV  R@1,R@3
                 	.ENDM
                 
                 	.MACRO __INWR
                 	IN   R@0,@2
                 	IN   R@1,@2+1
                 	.ENDM
                 
                 	.MACRO __OUTWR
                 	OUT  @2+1,R@1
                 	OUT  @2,R@0
                 	.ENDM
                 
                 	.MACRO __CALL1MN
                 	LDS  R30,@0+(@1)
                 	LDS  R31,@0+(@1)+1
                 	ICALL
                 	.ENDM
                 
                 	.MACRO __CALL1FN
                 	LDI  R30,LOW(2*@0+(@1))
                 	LDI  R31,HIGH(2*@0+(@1))
                 	RCALL __GETW1PF
                 	ICALL
                 	.ENDM
                 
                 	.MACRO __CALL2EN
                 	PUSH R26
                 	PUSH R27
                 	LDI  R26,LOW(@0+(@1))
                 	LDI  R27,HIGH(@0+(@1))
                 	RCALL __EEPROMRDW
                 	POP  R27
                 	POP  R26
                 	ICALL
                 	.ENDM
                 
                 	.MACRO __CALL2EX
                 	SUBI R26,LOW(-@0)
                 	SBCI R27,HIGH(-@0)
                 	RCALL __EEPROMRDD
                 	ICALL
                 	.ENDM
                 
                 	.MACRO __GETW1STACK
                 	IN   R30,SPL
                 	IN   R31,SPH
                 	ADIW R30,@0+1
                 	LD   R0,Z+
                 	LD   R31,Z
                 	MOV  R30,R0
                 	.ENDM
                 
                 	.MACRO __GETD1STACK
                 	IN   R30,SPL
                 	IN   R31,SPH
                 	ADIW R30,@0+1
                 	LD   R0,Z+
                 	LD   R1,Z+
                 	LD   R22,Z
                 	MOVW R30,R0
                 	.ENDM
                 
                 	.MACRO __NBST
                 	BST  R@0,@1
                 	IN   R30,SREG
                 	LDI  R31,0x40
                 	EOR  R30,R31
                 	OUT  SREG,R30
                 	.ENDM
                 
                 
                 	.MACRO __PUTB1SN
                 	LDD  R26,Y+@0
                 	LDD  R27,Y+@0+1
                 	SUBI R26,LOW(-@1)
                 	SBCI R27,HIGH(-@1)
                 	ST   X,R30
                 	.ENDM
                 
                 	.MACRO __PUTW1SN
                 	LDD  R26,Y+@0
                 	LDD  R27,Y+@0+1
                 	SUBI R26,LOW(-@1)
                 	SBCI R27,HIGH(-@1)
                 	ST   X+,R30
                 	ST   X,R31
                 	.ENDM
                 
                 	.MACRO __PUTD1SN
                 	LDD  R26,Y+@0
                 	LDD  R27,Y+@0+1
                 	SUBI R26,LOW(-@1)
                 	SBCI R27,HIGH(-@1)
                 	RCALL __PUTDP1
                 	.ENDM
                 
                 	.MACRO __PUTB1SNS
                 	LDD  R26,Y+@0
                 	LDD  R27,Y+@0+1
                 	ADIW R26,@1
                 	ST   X,R30
                 	.ENDM
                 
                 	.MACRO __PUTW1SNS
                 	LDD  R26,Y+@0
                 	LDD  R27,Y+@0+1
                 	ADIW R26,@1
                 	ST   X+,R30
                 	ST   X,R31
                 	.ENDM
                 
                 	.MACRO __PUTD1SNS
                 	LDD  R26,Y+@0
                 	LDD  R27,Y+@0+1
                 	ADIW R26,@1
                 	RCALL __PUTDP1
                 	.ENDM
                 
                 	.MACRO __PUTB1PMN
                 	LDS  R26,@0
                 	LDS  R27,@0+1
                 	SUBI R26,LOW(-@1)
                 	SBCI R27,HIGH(-@1)
                 	ST   X,R30
                 	.ENDM
                 
                 	.MACRO __PUTW1PMN
                 	LDS  R26,@0
                 	LDS  R27,@0+1
                 	SUBI R26,LOW(-@1)
                 	SBCI R27,HIGH(-@1)
                 	ST   X+,R30
                 	ST   X,R31
                 	.ENDM
                 
                 	.MACRO __PUTD1PMN
                 	LDS  R26,@0
                 	LDS  R27,@0+1
                 	SUBI R26,LOW(-@1)
                 	SBCI R27,HIGH(-@1)
                 	RCALL __PUTDP1
                 	.ENDM
                 
                 	.MACRO __PUTB1PMNS
                 	LDS  R26,@0
                 	LDS  R27,@0+1
                 	ADIW R26,@1
                 	ST   X,R30
                 	.ENDM
                 
                 	.MACRO __PUTW1PMNS
                 	LDS  R26,@0
                 	LDS  R27,@0+1
                 	ADIW R26,@1
                 	ST   X+,R30
                 	ST   X,R31
                 	.ENDM
                 
                 	.MACRO __PUTD1PMNS
                 	LDS  R26,@0
                 	LDS  R27,@0+1
                 	ADIW R26,@1
                 	RCALL __PUTDP1
                 	.ENDM
                 
                 	.MACRO __PUTB1RN
                 	MOVW R26,R@0
                 	SUBI R26,LOW(-@1)
                 	SBCI R27,HIGH(-@1)
                 	ST   X,R30
                 	.ENDM
                 
                 	.MACRO __PUTW1RN
                 	MOVW R26,R@0
                 	SUBI R26,LOW(-@1)
                 	SBCI R27,HIGH(-@1)
                 	ST   X+,R30
                 	ST   X,R31
                 	.ENDM
                 
                 	.MACRO __PUTD1RN
                 	MOVW R26,R@0
                 	SUBI R26,LOW(-@1)
                 	SBCI R27,HIGH(-@1)
                 	RCALL __PUTDP1
                 	.ENDM
                 
                 	.MACRO __PUTB1RNS
                 	MOVW R26,R@0
                 	ADIW R26,@1
                 	ST   X,R30
                 	.ENDM
                 
                 	.MACRO __PUTW1RNS
                 	MOVW R26,R@0
                 	ADIW R26,@1
                 	ST   X+,R30
                 	ST   X,R31
                 	.ENDM
                 
                 	.MACRO __PUTD1RNS
                 	MOVW R26,R@0
                 	ADIW R26,@1
                 	RCALL __PUTDP1
                 	.ENDM
                 
                 	.MACRO __PUTB1RON
                 	MOV  R26,R@0
                 	MOV  R27,R@1
                 	SUBI R26,LOW(-@2)
                 	SBCI R27,HIGH(-@2)
                 	ST   X,R30
                 	.ENDM
                 
                 	.MACRO __PUTW1RON
                 	MOV  R26,R@0
                 	MOV  R27,R@1
                 	SUBI R26,LOW(-@2)
                 	SBCI R27,HIGH(-@2)
                 	ST   X+,R30
                 	ST   X,R31
                 	.ENDM
                 
                 	.MACRO __PUTD1RON
                 	MOV  R26,R@0
                 	MOV  R27,R@1
                 	SUBI R26,LOW(-@2)
                 	SBCI R27,HIGH(-@2)
                 	RCALL __PUTDP1
                 	.ENDM
                 
                 	.MACRO __PUTB1RONS
                 	MOV  R26,R@0
                 	MOV  R27,R@1
                 	ADIW R26,@2
                 	ST   X,R30
                 	.ENDM
                 
                 	.MACRO __PUTW1RONS
                 	MOV  R26,R@0
                 	MOV  R27,R@1
                 	ADIW R26,@2
                 	ST   X+,R30
                 	ST   X,R31
                 	.ENDM
                 
                 	.MACRO __PUTD1RONS
                 	MOV  R26,R@0
                 	MOV  R27,R@1
                 	ADIW R26,@2
                 	RCALL __PUTDP1
                 	.ENDM
                 
                 
                 	.MACRO __GETB1SX
                 	MOVW R30,R28
                 	SUBI R30,LOW(-@0)
                 	SBCI R31,HIGH(-@0)
                 	LD   R30,Z
                 	.ENDM
                 
                 	.MACRO __GETB1HSX
                 	MOVW R30,R28
                 	SUBI R30,LOW(-@0)
                 	SBCI R31,HIGH(-@0)
                 	LD   R31,Z
                 	.ENDM
                 
                 	.MACRO __GETW1SX
                 	MOVW R30,R28
                 	SUBI R30,LOW(-@0)
                 	SBCI R31,HIGH(-@0)
                 	LD   R0,Z+
                 	LD   R31,Z
                 	MOV  R30,R0
                 	.ENDM
                 
                 	.MACRO __GETD1SX
                 	MOVW R30,R28
                 	SUBI R30,LOW(-@0)
                 	SBCI R31,HIGH(-@0)
                 	LD   R0,Z+
                 	LD   R1,Z+
                 	LD   R22,Z+
                 	LD   R23,Z
                 	MOVW R30,R0
                 	.ENDM
                 
                 	.MACRO __GETB2SX
                 	MOVW R26,R28
                 	SUBI R26,LOW(-@0)
                 	SBCI R27,HIGH(-@0)
                 	LD   R26,X
                 	.ENDM
                 
                 	.MACRO __GETW2SX
                 	MOVW R26,R28
                 	SUBI R26,LOW(-@0)
                 	SBCI R27,HIGH(-@0)
                 	LD   R0,X+
                 	LD   R27,X
                 	MOV  R26,R0
                 	.ENDM
                 
                 	.MACRO __GETD2SX
                 	MOVW R26,R28
                 	SUBI R26,LOW(-@0)
                 	SBCI R27,HIGH(-@0)
                 	LD   R0,X+
                 	LD   R1,X+
                 	LD   R24,X+
                 	LD   R25,X
                 	MOVW R26,R0
                 	.ENDM
                 
                 	.MACRO __GETBRSX
                 	MOVW R30,R28
                 	SUBI R30,LOW(-@1)
                 	SBCI R31,HIGH(-@1)
                 	LD   R@0,Z
                 	.ENDM
                 
                 	.MACRO __GETWRSX
                 	MOVW R30,R28
                 	SUBI R30,LOW(-@2)
                 	SBCI R31,HIGH(-@2)
                 	LD   R@0,Z+
                 	LD   R@1,Z
                 	.ENDM
                 
                 	.MACRO __GETBRSX2
                 	MOVW R26,R28
                 	SUBI R26,LOW(-@1)
                 	SBCI R27,HIGH(-@1)
                 	LD   R@0,X
                 	.ENDM
                 
                 	.MACRO __GETWRSX2
                 	MOVW R26,R28
                 	SUBI R26,LOW(-@2)
                 	SBCI R27,HIGH(-@2)
                 	LD   R@0,X+
                 	LD   R@1,X
                 	.ENDM
                 
                 	.MACRO __LSLW8SX
                 	MOVW R30,R28
                 	SUBI R30,LOW(-@0)
                 	SBCI R31,HIGH(-@0)
                 	LD   R31,Z
                 	CLR  R30
                 	.ENDM
                 
                 	.MACRO __PUTB1SX
                 	MOVW R26,R28
                 	SUBI R26,LOW(-@0)
                 	SBCI R27,HIGH(-@0)
                 	ST   X,R30
                 	.ENDM
                 
                 	.MACRO __PUTW1SX
                 	MOVW R26,R28
                 	SUBI R26,LOW(-@0)
                 	SBCI R27,HIGH(-@0)
                 	ST   X+,R30
                 	ST   X,R31
                 	.ENDM
                 
                 	.MACRO __PUTD1SX
                 	MOVW R26,R28
                 	SUBI R26,LOW(-@0)
                 	SBCI R27,HIGH(-@0)
                 	ST   X+,R30
                 	ST   X+,R31
                 	ST   X+,R22
                 	ST   X,R23
                 	.ENDM
                 
                 	.MACRO __CLRW1SX
                 	MOVW R26,R28
                 	SUBI R26,LOW(-@0)
                 	SBCI R27,HIGH(-@0)
                 	ST   X+,R30
                 	ST   X,R30
                 	.ENDM
                 
                 	.MACRO __CLRD1SX
                 	MOVW R26,R28
                 	SUBI R26,LOW(-@0)
                 	SBCI R27,HIGH(-@0)
                 	ST   X+,R30
                 	ST   X+,R30
                 	ST   X+,R30
                 	ST   X,R30
                 	.ENDM
                 
                 	.MACRO __PUTB2SX
                 	MOVW R30,R28
                 	SUBI R30,LOW(-@0)
                 	SBCI R31,HIGH(-@0)
                 	ST   Z,R26
                 	.ENDM
                 
                 	.MACRO __PUTW2SX
                 	MOVW R30,R28
                 	SUBI R30,LOW(-@0)
                 	SBCI R31,HIGH(-@0)
                 	ST   Z+,R26
                 	ST   Z,R27
                 	.ENDM
                 
                 	.MACRO __PUTD2SX
                 	MOVW R30,R28
                 	SUBI R30,LOW(-@0)
                 	SBCI R31,HIGH(-@0)
                 	ST   Z+,R26
                 	ST   Z+,R27
                 	ST   Z+,R24
                 	ST   Z,R25
                 	.ENDM
                 
                 	.MACRO __PUTBSRX
                 	MOVW R30,R28
                 	SUBI R30,LOW(-@1)
                 	SBCI R31,HIGH(-@1)
                 	ST   Z,R@0
                 	.ENDM
                 
                 	.MACRO __PUTWSRX
                 	MOVW R30,R28
                 	SUBI R30,LOW(-@2)
                 	SBCI R31,HIGH(-@2)
                 	ST   Z+,R@0
                 	ST   Z,R@1
                 	.ENDM
                 
                 	.MACRO __PUTB1SNX
                 	MOVW R26,R28
                 	SUBI R26,LOW(-@0)
                 	SBCI R27,HIGH(-@0)
                 	LD   R0,X+
                 	LD   R27,X
                 	MOV  R26,R0
                 	SUBI R26,LOW(-@1)
                 	SBCI R27,HIGH(-@1)
                 	ST   X,R30
                 	.ENDM
                 
                 	.MACRO __PUTW1SNX
                 	MOVW R26,R28
                 	SUBI R26,LOW(-@0)
                 	SBCI R27,HIGH(-@0)
                 	LD   R0,X+
                 	LD   R27,X
                 	MOV  R26,R0
                 	SUBI R26,LOW(-@1)
                 	SBCI R27,HIGH(-@1)
                 	ST   X+,R30
                 	ST   X,R31
                 	.ENDM
                 
                 	.MACRO __PUTD1SNX
                 	MOVW R26,R28
                 	SUBI R26,LOW(-@0)
                 	SBCI R27,HIGH(-@0)
                 	LD   R0,X+
                 	LD   R27,X
                 	MOV  R26,R0
                 	SUBI R26,LOW(-@1)
                 	SBCI R27,HIGH(-@1)
                 	ST   X+,R30
                 	ST   X+,R31
                 	ST   X+,R22
                 	ST   X,R23
                 	.ENDM
                 
                 	.MACRO __MULBRR
                 	MULS R@0,R@1
                 	MOVW R30,R0
                 	.ENDM
                 
                 	.MACRO __MULBRRU
                 	MUL  R@0,R@1
                 	MOVW R30,R0
                 	.ENDM
                 
                 	.MACRO __MULBRR0
                 	MULS R@0,R@1
                 	.ENDM
                 
                 	.MACRO __MULBRRU0
                 	MUL  R@0,R@1
                 	.ENDM
                 
                 	.MACRO __MULBNWRU
                 	LDI  R26,@2
                 	MUL  R26,R@0
                 	MOVW R30,R0
                 	MUL  R26,R@1
                 	ADD  R31,R0
                 	.ENDM
                 
                 ;NAME DEFINITIONS FOR GLOBAL VARIABLES ALLOCATED TO REGISTERS
                 	.DEF _control=R4
                 	.DEF _control_msb=R5
                 	.DEF _control2=R6
                 	.DEF _control2_msb=R7
                 	.DEF _control3=R8
                 	.DEF _control3_msb=R9
                 	.DEF _i=R10
                 	.DEF _i_msb=R11
                 	.DEF _control4=R12
                 	.DEF _control4_msb=R13
                 
                 	.CSEG
                 	.ORG 0x00
                 
                 ;START OF CODE MARKER
                 __START_OF_CODE:
                 
                 ;INTERRUPT VECTORS
000000 c021      	RJMP __RESET
000001 cffe      	RJMP 0x00
000002 cffd      	RJMP 0x00
000003 cffc      	RJMP 0x00
000004 cffb      	RJMP 0x00
000005 cffa      	RJMP 0x00
000006 cff9      	RJMP 0x00
000007 cff8      	RJMP 0x00
000008 cff7      	RJMP 0x00
000009 cff6      	RJMP 0x00
00000a cff5      	RJMP 0x00
00000b cff4      	RJMP 0x00
00000c cff3      	RJMP 0x00
00000d cff2      	RJMP 0x00
00000e cff1      	RJMP 0x00
00000f cff0      	RJMP 0x00
000010 cfef      	RJMP 0x00
000011 cfee      	RJMP 0x00
000012 cfed      	RJMP 0x00
000013 cfec      	RJMP 0x00
000014 cfeb      	RJMP 0x00
                 
                 ;REGISTER BIT VARIABLES INITIALIZATION
                 __REG_BIT_VARS:
000015 0000      	.DW  0x0000
                 
                 ;GLOBAL REGISTER VARIABLES INITIALIZATION
                 __REG_VARS:
000016 0000
000017 0000      	.DB  0x0,0x0,0x0,0x0
000018 0000
000019 0000      	.DB  0x0,0x0,0x0,0x0
00001a 0000      	.DB  0x0,0x0
                 
                 
                 __GLOBAL_INI_TBL:
00001b 0002      	.DW  0x02
00001c 0002      	.DW  0x02
00001d 002a      	.DW  __REG_BIT_VARS*2
                 
00001e 000a      	.DW  0x0A
00001f 0004      	.DW  0x04
000020 002c      	.DW  __REG_VARS*2
                 
                 _0xFFFFFFFF:
000021 0000      	.DW  0
                 
                 #define __GLOBAL_INI_TBL_PRESENT 1
                 
                 __RESET:
000022 94f8      	CLI
000023 27ee      	CLR  R30
000024 bbec      	OUT  EECR,R30
                 
                 ;INTERRUPT VECTORS ARE PLACED
                 ;AT THE START OF FLASH
000025 e0f1      	LDI  R31,1
000026 bffb      	OUT  GICR,R31
000027 bfeb      	OUT  GICR,R30
000028 bfe5      	OUT  MCUCR,R30
                 
                 ;CLEAR R2-R14
000029 e08d      	LDI  R24,(14-2)+1
00002a e0a2      	LDI  R26,2
00002b 27bb      	CLR  R27
                 __CLEAR_REG:
00002c 93ed      	ST   X+,R30
00002d 958a      	DEC  R24
00002e f7e9      	BRNE __CLEAR_REG
                 
                 ;CLEAR SRAM
00002f e080      	LDI  R24,LOW(__CLEAR_SRAM_SIZE)
000030 e092      	LDI  R25,HIGH(__CLEAR_SRAM_SIZE)
000031 e6a0      	LDI  R26,__SRAM_START
                 __CLEAR_SRAM:
000032 93ed      	ST   X+,R30
000033 9701      	SBIW R24,1
000034 f7e9      	BRNE __CLEAR_SRAM
                 
                 ;GLOBAL VARIABLES INITIALIZATION
000035 e3e6      	LDI  R30,LOW(__GLOBAL_INI_TBL*2)
000036 e0f0      	LDI  R31,HIGH(__GLOBAL_INI_TBL*2)
                 __GLOBAL_INI_NEXT:
000037 9185      	LPM  R24,Z+
000038 9195      	LPM  R25,Z+
000039 9700      	SBIW R24,0
00003a f061      	BREQ __GLOBAL_INI_END
00003b 91a5      	LPM  R26,Z+
00003c 91b5      	LPM  R27,Z+
00003d 9005      	LPM  R0,Z+
00003e 9015      	LPM  R1,Z+
00003f 01bf      	MOVW R22,R30
000040 01f0      	MOVW R30,R0
                 __GLOBAL_INI_LOOP:
000041 9005      	LPM  R0,Z+
000042 920d      	ST   X+,R0
000043 9701      	SBIW R24,1
000044 f7e1      	BRNE __GLOBAL_INI_LOOP
000045 01fb      	MOVW R30,R22
000046 cff0      	RJMP __GLOBAL_INI_NEXT
                 __GLOBAL_INI_END:
                 
                 ;HARDWARE STACK POINTER INITIALIZATION
000047 e5ef      	LDI  R30,LOW(__SRAM_END-__HEAP_SIZE)
000048 bfed      	OUT  SPL,R30
000049 e0e2      	LDI  R30,HIGH(__SRAM_END-__HEAP_SIZE)
00004a bfee      	OUT  SPH,R30
                 
                 ;DATA STACK POINTER INITIALIZATION
00004b eec0      	LDI  R28,LOW(__SRAM_START+__DSTACK_SIZE)
00004c e0d0      	LDI  R29,HIGH(__SRAM_START+__DSTACK_SIZE)
                 
00004d c06c      	RJMP _main
                 
                 	.ESEG
                 	.ORG 0x00
                 
                 	.DSEG
                 	.ORG 0xE0
                 
                 	.CSEG
                 ;/*******************************************************
                 ;This program was created by the CodeWizardAVR V3.34
                 ;Automatic Program Generator
                 ;© Copyright 1998-2018 Pavel Haiduc, HP InfoTech s.r.l.
                 ;http://www.hpinfotech.com
                 ;
                 ;Project :
                 ;Version :
                 ;Date    : 13/03/2019
                 ;Author  :
                 ;Company :
                 ;Comments:
                 ;
                 ;
                 ;Chip type               : ATmega8535
                 ;Program type            : Application
                 ;AVR Core Clock frequency: 1.000000 MHz
                 ;Memory model            : Small
                 ;External RAM size       : 0
                 ;Data Stack size         : 128
                 ;*******************************************************/
                 ;
                 ;#include <mega8535.h>
                 	#ifndef __SLEEP_DEFINED__
                 	#define __SLEEP_DEFINED__
                 	.EQU __se_bit=0x40
                 	.EQU __sm_mask=0xB0
                 	.EQU __sm_powerdown=0x20
                 	.EQU __sm_powersave=0x30
                 	.EQU __sm_standby=0xA0
                 	.EQU __sm_ext_standby=0xB0
                 	.EQU __sm_adc_noise_red=0x10
                 	.SET power_ctrl_reg=mcucr
                 	#endif
                 ;#include <io.h>
                 ;#include <delay.h>
                 ;#define boton6 PINB.6
                 ;#define boton5 PINB.5
                 ;#define boton4 PINB.4
                 ;#define boton3 PINB.3
                 ;#define boton2 PINB.2
                 ;#define boton1 PINB.1
                 ;#define boton PINB.0
                 ;
                 ;bit botonp;
                 ;bit botonp1;
                 ;bit botonp2;
                 ;bit botonp3;
                 ;bit botonp4;
                 ;bit botonp5;
                 ;bit botonp6;
                 ;
                 ;bit botona;
                 ;bit botonb;
                 ;bit botonc;
                 ;bit botond;
                 ;bit botone;
                 ;bit botonf;
                 ;bit botong;
                 ;
                 ;int control=0, control2=0, control3=0, i=0, control4=0;
                 ;int movimientos[10]={0,0,0,0,0,0,0,0,0,0};
                 ;
                 ;void mover( int movimientos[] ){
                 ; 0000 0035 void mover( int movimientos[] ){
                 
                 	.CSEG
                 _mover:
                 ; .FSTART _mover
                 ; 0000 0036    for(i=0; i<10; i++){
00004e d16f      	RCALL __SAVELOCR2
00004f 018d      	MOVW R16,R26
                 ;	movimientos -> R16,R17
000050 24aa      	CLR  R10
000051 24bb      	CLR  R11
                 _0x4:
000052 d14a      	RCALL SUBOPT_0x0
000053 16ae      	CP   R10,R30
000054 06bf      	CPC  R11,R31
000055 f00c      	BRLT PC+2
000056 c05e      	RJMP _0x5
                 ; 0000 0037         if (movimientos[i]==0){
000057 d148      	RCALL SUBOPT_0x1
000058 d168      	RCALL __GETW1P
000059 9730      	SBIW R30,0
00005a f101      	BREQ _0x62
                 ; 0000 0038 
                 ; 0000 0039         delay_ms(500);
                 ; 0000 003A 
                 ; 0000 003B         }
                 ; 0000 003C         else if(movimientos[i]==1){  //Adelante
00005b d144      	RCALL SUBOPT_0x1
00005c d14a      	RCALL SUBOPT_0x2
00005d 30e1      	CPI  R30,LOW(0x1)
00005e e0a0      	LDI  R26,HIGH(0x1)
00005f 07fa      	CPC  R31,R26
000060 f411      	BRNE _0x8
                 ; 0000 003D             PORTD=0x01;
000061 e0e1      	LDI  R30,LOW(1)
000062 c017      	RJMP _0x63
                 ; 0000 003E             delay_ms(500);
                 ; 0000 003F         }else if( movimientos[i]==2){   //Atras
                 _0x8:
000063 d13c      	RCALL SUBOPT_0x1
000064 d142      	RCALL SUBOPT_0x2
000065 30e2      	CPI  R30,LOW(0x2)
000066 e0a0      	LDI  R26,HIGH(0x2)
000067 07fa      	CPC  R31,R26
000068 f411      	BRNE _0xA
                 ; 0000 0040             PORTD=0x02;
000069 e0e2      	LDI  R30,LOW(2)
00006a c00f      	RJMP _0x63
                 ; 0000 0041 
                 ; 0000 0042             delay_ms(500);
                 ; 0000 0043         }else if( movimientos[i]==3){   //A la derecha
                 _0xA:
00006b d134      	RCALL SUBOPT_0x1
00006c d13a      	RCALL SUBOPT_0x2
00006d 30e3      	CPI  R30,LOW(0x3)
00006e e0a0      	LDI  R26,HIGH(0x3)
00006f 07fa      	CPC  R31,R26
000070 f411      	BRNE _0xC
                 ; 0000 0044             PORTD=0x04;
000071 e0e4      	LDI  R30,LOW(4)
000072 c007      	RJMP _0x63
                 ; 0000 0045 
                 ; 0000 0046             delay_ms(500);
                 ; 0000 0047         }else if( movimientos[i]==4){   //A la izquierda
                 _0xC:
000073 d12c      	RCALL SUBOPT_0x1
000074 d132      	RCALL SUBOPT_0x2
000075 30e4      	CPI  R30,LOW(0x4)
000076 e0a0      	LDI  R26,HIGH(0x4)
000077 07fa      	CPC  R31,R26
000078 f429      	BRNE _0xE
                 ; 0000 0048             PORTD=0x08;
000079 e0e8      	LDI  R30,LOW(8)
                 _0x63:
00007a bbe2      	OUT  0x12,R30
                 ; 0000 0049 
                 ; 0000 004A             delay_ms(500);
                 _0x62:
00007b efa4      	LDI  R26,LOW(500)
00007c e0b1      	LDI  R27,HIGH(500)
00007d d147      	RCALL _delay_ms
                 ; 0000 004B         }
                 ; 0000 004C          //BOTON PAUSA
                 ; 0000 004D          if (boton6==0)
                 _0xE:
00007e 99b6      	SBIC 0x16,6
00007f c002      	RJMP _0xF
                 ; 0000 004E          botong=0;
000080 94e8      	CLT
000081 c001      	RJMP _0x64
                 ; 0000 004F          else
                 _0xF:
                 ; 0000 0050          botong=1;
000082 9468      	SET
                 _0x64:
000083 f835      	BLD  R3,5
                 ; 0000 0051             if ((botonp6==1)&&(botong==0)) //hubo cambio de flanco de 1 a 0
000084 fe26      	SBRS R2,6
000085 c002      	RJMP _0x12
000086 fe35      	SBRS R3,5
000087 c001      	RJMP _0x13
                 _0x12:
000088 c01e      	RJMP _0x11
                 _0x13:
                 ; 0000 0052             {
                 ; 0000 0053             PORTD=0x00;
000089 e0e0      	LDI  R30,LOW(0)
00008a bbe2      	OUT  0x12,R30
                 ; 0000 0054 
                 ; 0000 0055                 while (control4<1)
                 _0x14:
00008b d11e      	RCALL SUBOPT_0x3
00008c 16ce      	CP   R12,R30
00008d 06df      	CPC  R13,R31
00008e f4b4      	BRGE _0x16
                 ; 0000 0056                       {
                 ; 0000 0057                          //BOTON GO
                 ; 0000 0058                          if (boton4==0)
00008f 99b4      	SBIC 0x16,4
000090 c002      	RJMP _0x17
                 ; 0000 0059                          botone=0;
000091 94e8      	CLT
000092 c001      	RJMP _0x65
                 ; 0000 005A                          else
                 _0x17:
                 ; 0000 005B                          botone=1;
000093 9468      	SET
                 _0x65:
000094 f833      	BLD  R3,3
                 ; 0000 005C                          if ((botonp4==1)&&(botone==0)) //hubo cambio de flanco de 1 a 0
000095 fe24      	SBRS R2,4
000096 c002      	RJMP _0x1A
000097 fe33      	SBRS R3,3
000098 c001      	RJMP _0x1B
                 _0x1A:
000099 c002      	RJMP _0x19
                 _0x1B:
                 ; 0000 005D                          {
                 ; 0000 005E                             control4=1;
00009a d10f      	RCALL SUBOPT_0x3
00009b 016f      	MOVW R12,R30
                 ; 0000 005F                          }
                 ; 0000 0060                          if ((botonp4==0)&&(botone==1)) //hubo cambio de flanco de 0 a 1
                 _0x19:
00009c fc24      	SBRC R2,4
00009d c002      	RJMP _0x1D
00009e fc33      	SBRC R3,3
00009f c001      	RJMP _0x1E
                 _0x1D:
0000a0 c001      	RJMP _0x1C
                 _0x1E:
                 ; 0000 0061                          delay_ms(30);
0000a1 d10b      	RCALL SUBOPT_0x4
                 ; 0000 0062                          botonp4=botone;
                 _0x1C:
0000a2 fa33      	BST  R3,3
0000a3 f824      	BLD  R2,4
                 ; 0000 0063                       }
0000a4 cfe6      	RJMP _0x14
                 _0x16:
                 ; 0000 0064                 control4=0;
0000a5 24cc      	CLR  R12
0000a6 24dd      	CLR  R13
                 ; 0000 0065             }
                 ; 0000 0066          if ((botonp6==0)&&(botong==1)) //hubo cambio de flanco de 0 a 1
                 _0x11:
0000a7 fc26      	SBRC R2,6
0000a8 c002      	RJMP _0x20
0000a9 fc35      	SBRC R3,5
0000aa c001      	RJMP _0x21
                 _0x20:
0000ab c003      	RJMP _0x1F
                 _0x21:
                 ; 0000 0067          delay_ms(5);
0000ac e0a5      	LDI  R26,LOW(5)
0000ad e0b0      	LDI  R27,0
0000ae d116      	RCALL _delay_ms
                 ; 0000 0068          botonp6=botong;
                 _0x1F:
0000af fa35      	BST  R3,5
0000b0 f826      	BLD  R2,6
                 ; 0000 0069    }
0000b1 01f5      	MOVW R30,R10
0000b2 9631      	ADIW R30,1
0000b3 015f      	MOVW R10,R30
0000b4 cf9d      	RJMP _0x4
                 _0x5:
                 ; 0000 006A    PORTD=0x00;
0000b5 e0e0      	LDI  R30,LOW(0)
0000b6 bbe2      	OUT  0x12,R30
                 ; 0000 006B }
0000b7 9109      	LD   R16,Y+
0000b8 9119      	LD   R17,Y+
0000b9 9508      	RET
                 ; .FEND
                 ;
                 ;// Declare your global variables here
                 ;
                 ;void main(void)
                 ; 0000 0070 {
                 _main:
                 ; .FSTART _main
                 ; 0000 0071 // Declare your local variables here
                 ; 0000 0072 
                 ; 0000 0073 // Input/Output Ports initialization
                 ; 0000 0074 // Port A initialization
                 ; 0000 0075 // Function: Bit7=In Bit6=In Bit5=In Bit4=In Bit3=In Bit2=In Bit1=In Bit0=In
                 ; 0000 0076 DDRA=(0<<DDA7) | (0<<DDA6) | (0<<DDA5) | (0<<DDA4) | (0<<DDA3) | (0<<DDA2) | (0<<DDA1) | (0<<DDA0);
0000ba e0e0      	LDI  R30,LOW(0)
0000bb bbea      	OUT  0x1A,R30
                 ; 0000 0077 // State: Bit7=T Bit6=T Bit5=T Bit4=T Bit3=T Bit2=T Bit1=T Bit0=T
                 ; 0000 0078 PORTA=(0<<PORTA7) | (0<<PORTA6) | (0<<PORTA5) | (0<<PORTA4) | (0<<PORTA3) | (0<<PORTA2) | (0<<PORTA1) | (0<<PORTA0);
0000bc bbeb      	OUT  0x1B,R30
                 ; 0000 0079 
                 ; 0000 007A // Port B initialization
                 ; 0000 007B // Function: Bit7=In Bit6=In Bit5=In Bit4=In Bit3=In Bit2=In Bit1=In Bit0=In
                 ; 0000 007C DDRB=(0<<DDB7) | (0<<DDB6) | (0<<DDB5) | (0<<DDB4) | (0<<DDB3) | (0<<DDB2) | (0<<DDB1) | (0<<DDB0);
0000bd bbe7      	OUT  0x17,R30
                 ; 0000 007D // State: Bit7=T Bit6=T Bit5=T Bit4=T Bit3=T Bit2=T Bit1=T Bit0=T
                 ; 0000 007E PORTB=(0<<PORTB7) | (0<<PORTB6) | (0<<PORTB5) | (0<<PORTB4) | (0<<PORTB3) | (0<<PORTB2) | (0<<PORTB1) | (0<<PORTB0);
0000be bbe8      	OUT  0x18,R30
                 ; 0000 007F 
                 ; 0000 0080 // Port C initialization
                 ; 0000 0081 // Function: Bit7=In Bit6=In Bit5=In Bit4=In Bit3=In Bit2=In Bit1=In Bit0=In
                 ; 0000 0082 DDRC=(0<<DDC7) | (0<<DDC6) | (0<<DDC5) | (0<<DDC4) | (0<<DDC3) | (0<<DDC2) | (0<<DDC1) | (0<<DDC0);
0000bf bbe4      	OUT  0x14,R30
                 ; 0000 0083 // State: Bit7=T Bit6=T Bit5=T Bit4=T Bit3=T Bit2=T Bit1=T Bit0=T
                 ; 0000 0084 PORTC=(0<<PORTC7) | (0<<PORTC6) | (0<<PORTC5) | (0<<PORTC4) | (0<<PORTC3) | (0<<PORTC2) | (0<<PORTC1) | (0<<PORTC0);
0000c0 bbe5      	OUT  0x15,R30
                 ; 0000 0085 
                 ; 0000 0086 // Port D initialization
                 ; 0000 0087 // Function: Bit7=In Bit6=In Bit5=In Bit4=In Bit3=In Bit2=In Bit1=In Bit0=In
                 ; 0000 0088 DDRD=(0<<DDD7) | (0<<DDD6) | (0<<DDD5) | (0<<DDD4) | (0<<DDD3) | (0<<DDD2) | (0<<DDD1) | (0<<DDD0);
0000c1 bbe1      	OUT  0x11,R30
                 ; 0000 0089 // State: Bit7=T Bit6=T Bit5=T Bit4=T Bit3=T Bit2=T Bit1=T Bit0=T
                 ; 0000 008A PORTD=(0<<PORTD7) | (0<<PORTD6) | (0<<PORTD5) | (0<<PORTD4) | (0<<PORTD3) | (0<<PORTD2) | (0<<PORTD1) | (0<<PORTD0);
0000c2 bbe2      	OUT  0x12,R30
                 ; 0000 008B 
                 ; 0000 008C // Timer/Counter 0 initialization
                 ; 0000 008D // Clock source: System Clock
                 ; 0000 008E // Clock value: Timer 0 Stopped
                 ; 0000 008F // Mode: Normal top=0xFF
                 ; 0000 0090 // OC0 output: Disconnected
                 ; 0000 0091 TCCR0=(0<<WGM00) | (0<<COM01) | (0<<COM00) | (0<<WGM01) | (0<<CS02) | (0<<CS01) | (0<<CS00);
0000c3 bfe3      	OUT  0x33,R30
                 ; 0000 0092 TCNT0=0x00;
0000c4 bfe2      	OUT  0x32,R30
                 ; 0000 0093 OCR0=0x00;
0000c5 bfec      	OUT  0x3C,R30
                 ; 0000 0094 
                 ; 0000 0095 // Timer/Counter 1 initialization
                 ; 0000 0096 // Clock source: System Clock
                 ; 0000 0097 // Clock value: Timer1 Stopped
                 ; 0000 0098 // Mode: Normal top=0xFFFF
                 ; 0000 0099 // OC1A output: Disconnected
                 ; 0000 009A // OC1B output: Disconnected
                 ; 0000 009B // Noise Canceler: Off
                 ; 0000 009C // Input Capture on Falling Edge
                 ; 0000 009D // Timer1 Overflow Interrupt: Off
                 ; 0000 009E // Input Capture Interrupt: Off
                 ; 0000 009F // Compare A Match Interrupt: Off
                 ; 0000 00A0 // Compare B Match Interrupt: Off
                 ; 0000 00A1 TCCR1A=(0<<COM1A1) | (0<<COM1A0) | (0<<COM1B1) | (0<<COM1B0) | (0<<WGM11) | (0<<WGM10);
0000c6 bdef      	OUT  0x2F,R30
                 ; 0000 00A2 TCCR1B=(0<<ICNC1) | (0<<ICES1) | (0<<WGM13) | (0<<WGM12) | (0<<CS12) | (0<<CS11) | (0<<CS10);
0000c7 bdee      	OUT  0x2E,R30
                 ; 0000 00A3 TCNT1H=0x00;
0000c8 bded      	OUT  0x2D,R30
                 ; 0000 00A4 TCNT1L=0x00;
0000c9 bdec      	OUT  0x2C,R30
                 ; 0000 00A5 ICR1H=0x00;
0000ca bde7      	OUT  0x27,R30
                 ; 0000 00A6 ICR1L=0x00;
0000cb bde6      	OUT  0x26,R30
                 ; 0000 00A7 OCR1AH=0x00;
0000cc bdeb      	OUT  0x2B,R30
                 ; 0000 00A8 OCR1AL=0x00;
0000cd bdea      	OUT  0x2A,R30
                 ; 0000 00A9 OCR1BH=0x00;
0000ce bde9      	OUT  0x29,R30
                 ; 0000 00AA OCR1BL=0x00;
0000cf bde8      	OUT  0x28,R30
                 ; 0000 00AB 
                 ; 0000 00AC // Timer/Counter 2 initialization
                 ; 0000 00AD // Clock source: System Clock
                 ; 0000 00AE // Clock value: Timer2 Stopped
                 ; 0000 00AF // Mode: Normal top=0xFF
                 ; 0000 00B0 // OC2 output: Disconnected
                 ; 0000 00B1 ASSR=0<<AS2;
0000d0 bde2      	OUT  0x22,R30
                 ; 0000 00B2 TCCR2=(0<<WGM20) | (0<<COM21) | (0<<COM20) | (0<<WGM21) | (0<<CS22) | (0<<CS21) | (0<<CS20);
0000d1 bde5      	OUT  0x25,R30
                 ; 0000 00B3 TCNT2=0x00;
0000d2 bde4      	OUT  0x24,R30
                 ; 0000 00B4 OCR2=0x00;
0000d3 bde3      	OUT  0x23,R30
                 ; 0000 00B5 
                 ; 0000 00B6 // Timer(s)/Counter(s) Interrupt(s) initialization
                 ; 0000 00B7 TIMSK=(0<<OCIE2) | (0<<TOIE2) | (0<<TICIE1) | (0<<OCIE1A) | (0<<OCIE1B) | (0<<TOIE1) | (0<<OCIE0) | (0<<TOIE0);
0000d4 bfe9      	OUT  0x39,R30
                 ; 0000 00B8 
                 ; 0000 00B9 // External Interrupt(s) initialization
                 ; 0000 00BA // INT0: Off
                 ; 0000 00BB // INT1: Off
                 ; 0000 00BC // INT2: Off
                 ; 0000 00BD MCUCR=(0<<ISC11) | (0<<ISC10) | (0<<ISC01) | (0<<ISC00);
0000d5 bfe5      	OUT  0x35,R30
                 ; 0000 00BE MCUCSR=(0<<ISC2);
0000d6 bfe4      	OUT  0x34,R30
                 ; 0000 00BF 
                 ; 0000 00C0 // USART initialization
                 ; 0000 00C1 // USART disabled
                 ; 0000 00C2 UCSRB=(0<<RXCIE) | (0<<TXCIE) | (0<<UDRIE) | (0<<RXEN) | (0<<TXEN) | (0<<UCSZ2) | (0<<RXB8) | (0<<TXB8);
0000d7 b9ea      	OUT  0xA,R30
                 ; 0000 00C3 
                 ; 0000 00C4 // Analog Comparator initialization
                 ; 0000 00C5 // Analog Comparator: Off
                 ; 0000 00C6 // The Analog Comparator's positive input is
                 ; 0000 00C7 // connected to the AIN0 pin
                 ; 0000 00C8 // The Analog Comparator's negative input is
                 ; 0000 00C9 // connected to the AIN1 pin
                 ; 0000 00CA ACSR=(1<<ACD) | (0<<ACBG) | (0<<ACO) | (0<<ACI) | (0<<ACIE) | (0<<ACIC) | (0<<ACIS1) | (0<<ACIS0);
0000d8 e8e0      	LDI  R30,LOW(128)
0000d9 b9e8      	OUT  0x8,R30
                 ; 0000 00CB SFIOR=(0<<ACME);
0000da e0e0      	LDI  R30,LOW(0)
0000db bfe0      	OUT  0x30,R30
                 ; 0000 00CC 
                 ; 0000 00CD // ADC initialization
                 ; 0000 00CE // ADC disabled
                 ; 0000 00CF ADCSRA=(0<<ADEN) | (0<<ADSC) | (0<<ADATE) | (0<<ADIF) | (0<<ADIE) | (0<<ADPS2) | (0<<ADPS1) | (0<<ADPS0);
0000dc b9e6      	OUT  0x6,R30
                 ; 0000 00D0 
                 ; 0000 00D1 // SPI initialization
                 ; 0000 00D2 // SPI disabled
                 ; 0000 00D3 SPCR=(0<<SPIE) | (0<<SPE) | (0<<DORD) | (0<<MSTR) | (0<<CPOL) | (0<<CPHA) | (0<<SPR1) | (0<<SPR0);
0000dd b9ed      	OUT  0xD,R30
                 ; 0000 00D4 
                 ; 0000 00D5 // TWI initialization
                 ; 0000 00D6 // TWI disabled
                 ; 0000 00D7 TWCR=(0<<TWEA) | (0<<TWSTA) | (0<<TWSTO) | (0<<TWEN) | (0<<TWIE);
0000de bfe6      	OUT  0x36,R30
                 ; 0000 00D8 
                 ; 0000 00D9 while (1)
                 _0x22:
                 ; 0000 00DA       {
                 ; 0000 00DB         //BOTON GO
                 ; 0000 00DC          if (boton4==0)
0000df 99b4      	SBIC 0x16,4
0000e0 c002      	RJMP _0x25
                 ; 0000 00DD          botone=0;
0000e1 94e8      	CLT
0000e2 c001      	RJMP _0x66
                 ; 0000 00DE          else
                 _0x25:
                 ; 0000 00DF          botone=1;
0000e3 9468      	SET
                 _0x66:
0000e4 f833      	BLD  R3,3
                 ; 0000 00E0          if ((botonp4==1)&&(botone==0)) //hubo cambio de flanco de 1 a 0
0000e5 fe24      	SBRS R2,4
0000e6 c002      	RJMP _0x28
0000e7 fe33      	SBRS R3,3
0000e8 c001      	RJMP _0x29
                 _0x28:
0000e9 c003      	RJMP _0x27
                 _0x29:
                 ; 0000 00E1          {
                 ; 0000 00E2             control=3;
0000ea e0e3      	LDI  R30,LOW(3)
0000eb e0f0      	LDI  R31,HIGH(3)
0000ec 012f      	MOVW R4,R30
                 ; 0000 00E3          }
                 ; 0000 00E4          if ((botonp4==0)&&(botone==1)) //hubo cambio de flanco de 0 a 1
                 _0x27:
0000ed fc24      	SBRC R2,4
0000ee c002      	RJMP _0x2B
0000ef fc33      	SBRC R3,3
0000f0 c001      	RJMP _0x2C
                 _0x2B:
0000f1 c001      	RJMP _0x2A
                 _0x2C:
                 ; 0000 00E5          delay_ms(30);
0000f2 d0ba      	RCALL SUBOPT_0x4
                 ; 0000 00E6          botonp4=botone;
                 _0x2A:
0000f3 fa33      	BST  R3,3
0000f4 f824      	BLD  R2,4
                 ; 0000 00E7 
                 ; 0000 00E8          //BOTON CLEAR
                 ; 0000 00E9          if (boton5==0)
0000f5 99b5      	SBIC 0x16,5
0000f6 c002      	RJMP _0x2D
                 ; 0000 00EA          botonf=0;
0000f7 94e8      	CLT
0000f8 c001      	RJMP _0x67
                 ; 0000 00EB          else
                 _0x2D:
                 ; 0000 00EC          botonf=1;
0000f9 9468      	SET
                 _0x67:
0000fa f834      	BLD  R3,4
                 ; 0000 00ED             if ((botonp5==1)&&(botonf==0)) //hubo cambio de flanco de 1 a 0
0000fb fe25      	SBRS R2,5
0000fc c002      	RJMP _0x30
0000fd fe34      	SBRS R3,4
0000fe c001      	RJMP _0x31
                 _0x30:
0000ff c002      	RJMP _0x2F
                 _0x31:
                 ; 0000 00EE             {
                 ; 0000 00EF             control=1;
000100 d0a9      	RCALL SUBOPT_0x3
000101 012f      	MOVW R4,R30
                 ; 0000 00F0             }
                 ; 0000 00F1          if ((botonp5==0)&&(botonf==1)) //hubo cambio de flanco de 0 a 1
                 _0x2F:
000102 fc25      	SBRC R2,5
000103 c002      	RJMP _0x33
000104 fc34      	SBRC R3,4
000105 c001      	RJMP _0x34
                 _0x33:
000106 c001      	RJMP _0x32
                 _0x34:
                 ; 0000 00F2          delay_ms(30);
000107 d0a5      	RCALL SUBOPT_0x4
                 ; 0000 00F3          botonp5=botonf;
                 _0x32:
000108 fa34      	BST  R3,4
000109 f825      	BLD  R2,5
                 ; 0000 00F4 
                 ; 0000 00F5             if(control==0)
00010a 2c04      	MOV  R0,R4
00010b 2805      	OR   R0,R5
00010c f009      	BREQ PC+2
00010d c06c      	RJMP _0x35
                 ; 0000 00F6             {
                 ; 0000 00F7                 while(control2<1){
                 _0x36:
00010e d09b      	RCALL SUBOPT_0x3
00010f 166e      	CP   R6,R30
000110 067f      	CPC  R7,R31
000111 f00c      	BRLT PC+2
000112 c064      	RJMP _0x38
                 ; 0000 00F8                     //Avanza adelante
                 ; 0000 00F9                     if (boton==0)
000113 99b0      	SBIC 0x16,0
000114 c002      	RJMP _0x39
                 ; 0000 00FA                     botona=0;
000115 94e8      	CLT
000116 c001      	RJMP _0x68
                 ; 0000 00FB                     else
                 _0x39:
                 ; 0000 00FC                     botona=1;
000117 9468      	SET
                 _0x68:
000118 f827      	BLD  R2,7
                 ; 0000 00FD                         if ((botonp==1)&&(botona==0)) //hubo cambio de flanco de 1 a 0
000119 fe20      	SBRS R2,0
00011a c002      	RJMP _0x3C
00011b fe27      	SBRS R2,7
00011c c001      	RJMP _0x3D
                 _0x3C:
00011d c003      	RJMP _0x3B
                 _0x3D:
                 ; 0000 00FE                         {
                 ; 0000 00FF 
                 ; 0000 0100                          movimientos[control]=1;
00011e d091      	RCALL SUBOPT_0x5
00011f d08a      	RCALL SUBOPT_0x3
000120 d097      	RCALL SUBOPT_0x6
                 ; 0000 0101                          control++;
                 ; 0000 0102                         }
                 ; 0000 0103                     if ((botonp==0)&&(botona==1)) //hubo cambio de flanco de 0 a 1
                 _0x3B:
000121 fc20      	SBRC R2,0
000122 c002      	RJMP _0x3F
000123 fc27      	SBRC R2,7
000124 c001      	RJMP _0x40
                 _0x3F:
000125 c001      	RJMP _0x3E
                 _0x40:
                 ; 0000 0104                     delay_ms(30);
000126 d086      	RCALL SUBOPT_0x4
                 ; 0000 0105                     botonp=botona;
                 _0x3E:
000127 fa27      	BST  R2,7
000128 f820      	BLD  R2,0
                 ; 0000 0106                      //Boton atras
                 ; 0000 0107                     if (boton1==0)
000129 99b1      	SBIC 0x16,1
00012a c002      	RJMP _0x41
                 ; 0000 0108                     botonb=0;
00012b 94e8      	CLT
00012c c001      	RJMP _0x69
                 ; 0000 0109                     else
                 _0x41:
                 ; 0000 010A                     botonb=1;
00012d 9468      	SET
                 _0x69:
00012e f830      	BLD  R3,0
                 ; 0000 010B                         if ((botonp1==1)&&(botonb==0)) //hubo cambio de flanco de 1 a 0
00012f fe21      	SBRS R2,1
000130 c002      	RJMP _0x44
000131 fe30      	SBRS R3,0
000132 c001      	RJMP _0x45
                 _0x44:
000133 c004      	RJMP _0x43
                 _0x45:
                 ; 0000 010C                         {
                 ; 0000 010D 
                 ; 0000 010E                         movimientos[control]=2;
000134 d07b      	RCALL SUBOPT_0x5
000135 e0e2      	LDI  R30,LOW(2)
000136 e0f0      	LDI  R31,HIGH(2)
000137 d080      	RCALL SUBOPT_0x6
                 ; 0000 010F                         control++;
                 ; 0000 0110                         }
                 ; 0000 0111                     if ((botonp1==0)&&(botonb==1)) //hubo cambio de flanco de 0 a 1
                 _0x43:
000138 fc21      	SBRC R2,1
000139 c002      	RJMP _0x47
00013a fc30      	SBRC R3,0
00013b c001      	RJMP _0x48
                 _0x47:
00013c c001      	RJMP _0x46
                 _0x48:
                 ; 0000 0112                     delay_ms(30);
00013d d06f      	RCALL SUBOPT_0x4
                 ; 0000 0113                     botonp1=botonb;
                 _0x46:
00013e fa30      	BST  R3,0
00013f f821      	BLD  R2,1
                 ; 0000 0114 
                 ; 0000 0115                     //Avanza derecha
                 ; 0000 0116                     if (boton2==0)
000140 99b2      	SBIC 0x16,2
000141 c002      	RJMP _0x49
                 ; 0000 0117                     botonc=0;
000142 94e8      	CLT
000143 c001      	RJMP _0x6A
                 ; 0000 0118                     else
                 _0x49:
                 ; 0000 0119                     botonc=1;
000144 9468      	SET
                 _0x6A:
000145 f831      	BLD  R3,1
                 ; 0000 011A                         if ((botonp2==1)&&(botonc==0)) //hubo cambio de flanco de 1 a 0
000146 fe22      	SBRS R2,2
000147 c002      	RJMP _0x4C
000148 fe31      	SBRS R3,1
000149 c001      	RJMP _0x4D
                 _0x4C:
00014a c004      	RJMP _0x4B
                 _0x4D:
                 ; 0000 011B                         {
                 ; 0000 011C 
                 ; 0000 011D                         movimientos[control]=3;
00014b d064      	RCALL SUBOPT_0x5
00014c e0e3      	LDI  R30,LOW(3)
00014d e0f0      	LDI  R31,HIGH(3)
00014e d069      	RCALL SUBOPT_0x6
                 ; 0000 011E                         control++;
                 ; 0000 011F                         }
                 ; 0000 0120                     if ((botonp2==0)&&(botonc==1)) //hubo cambio de flanco de 0 a 1
                 _0x4B:
00014f fc22      	SBRC R2,2
000150 c002      	RJMP _0x4F
000151 fc31      	SBRC R3,1
000152 c001      	RJMP _0x50
                 _0x4F:
000153 c001      	RJMP _0x4E
                 _0x50:
                 ; 0000 0121                     delay_ms(30);
000154 d058      	RCALL SUBOPT_0x4
                 ; 0000 0122                     botonp2=botonc;
                 _0x4E:
000155 fa31      	BST  R3,1
000156 f822      	BLD  R2,2
                 ; 0000 0123 
                 ; 0000 0124                     //Avanza izquierda
                 ; 0000 0125                     if (boton3==0)
000157 99b3      	SBIC 0x16,3
000158 c002      	RJMP _0x51
                 ; 0000 0126                     botond=0;
000159 94e8      	CLT
00015a c001      	RJMP _0x6B
                 ; 0000 0127                     else
                 _0x51:
                 ; 0000 0128                     botond=1;
00015b 9468      	SET
                 _0x6B:
00015c f832      	BLD  R3,2
                 ; 0000 0129                         if ((botonp3==1)&&(botond==0)) //hubo cambio de flanco de 1 a 0
00015d fe23      	SBRS R2,3
00015e c002      	RJMP _0x54
00015f fe32      	SBRS R3,2
000160 c001      	RJMP _0x55
                 _0x54:
000161 c004      	RJMP _0x53
                 _0x55:
                 ; 0000 012A                         {
                 ; 0000 012B 
                 ; 0000 012C                          movimientos[control]=4;
000162 d04d      	RCALL SUBOPT_0x5
000163 e0e4      	LDI  R30,LOW(4)
000164 e0f0      	LDI  R31,HIGH(4)
000165 d052      	RCALL SUBOPT_0x6
                 ; 0000 012D                         control++;
                 ; 0000 012E                         }
                 ; 0000 012F                     if ((botonp3==0)&&(botond==1)) //hubo cambio de flanco de 0 a 1
                 _0x53:
000166 fc23      	SBRC R2,3
000167 c002      	RJMP _0x57
000168 fc32      	SBRC R3,2
000169 c001      	RJMP _0x58
                 _0x57:
00016a c001      	RJMP _0x56
                 _0x58:
                 ; 0000 0130                     delay_ms(30);
00016b d041      	RCALL SUBOPT_0x4
                 ; 0000 0131                     botonp3=botond;
                 _0x56:
00016c fa32      	BST  R3,2
00016d f823      	BLD  R2,3
                 ; 0000 0132 
                 ; 0000 0133                     if(control==10){
00016e d02e      	RCALL SUBOPT_0x0
00016f 15e4      	CP   R30,R4
000170 05f5      	CPC  R31,R5
000171 f421      	BRNE _0x59
                 ; 0000 0134                        control2=1;
000172 d037      	RCALL SUBOPT_0x3
000173 013f      	MOVW R6,R30
                 ; 0000 0135                        control=10;
000174 d028      	RCALL SUBOPT_0x0
000175 012f      	MOVW R4,R30
                 ; 0000 0136                     }
                 ; 0000 0137                 }
                 _0x59:
000176 cf97      	RJMP _0x36
                 _0x38:
                 ; 0000 0138             control2=0;
000177 2466      	CLR  R6
000178 2477      	CLR  R7
                 ; 0000 0139             }else if(control==1){
000179 c021      	RJMP _0x5A
                 _0x35:
00017a d02f      	RCALL SUBOPT_0x3
00017b 15e4      	CP   R30,R4
00017c 05f5      	CPC  R31,R5
00017d f499      	BRNE _0x5B
                 ; 0000 013A 
                 ; 0000 013B                 while(control3<8){
                 _0x5C:
00017e e0e8      	LDI  R30,LOW(8)
00017f e0f0      	LDI  R31,HIGH(8)
000180 168e      	CP   R8,R30
000181 069f      	CPC  R9,R31
000182 f44c      	BRGE _0x5E
                 ; 0000 013C 
                 ; 0000 013D                      movimientos[control]=0;
000183 d02c      	RCALL SUBOPT_0x5
000184 e0e0      	LDI  R30,LOW(0)
000185 e0f0      	LDI  R31,HIGH(0)
000186 93ed      	ST   X+,R30
000187 93fc      	ST   X,R31
                 ; 0000 013E                     control3++;
000188 01f4      	MOVW R30,R8
000189 9631      	ADIW R30,1
00018a 014f      	MOVW R8,R30
                 ; 0000 013F                 }
00018b cff2      	RJMP _0x5C
                 _0x5E:
                 ; 0000 0140                 control3=0;
00018c 2488      	CLR  R8
00018d 2499      	CLR  R9
                 ; 0000 0141                 control=0;
00018e 2444      	CLR  R4
00018f 2455      	CLR  R5
                 ; 0000 0142             }else if(control==3){
000190 c00a      	RJMP _0x5F
                 _0x5B:
000191 e0e3      	LDI  R30,LOW(3)
000192 e0f0      	LDI  R31,HIGH(3)
000193 15e4      	CP   R30,R4
000194 05f5      	CPC  R31,R5
000195 f429      	BRNE _0x60
                 ; 0000 0143                 mover(movimientos);
000196 eea0      	LDI  R26,LOW(_movimientos)
000197 e0b0      	LDI  R27,HIGH(_movimientos)
000198 deb5      	RCALL _mover
                 ; 0000 0144                 control=10;
000199 d003      	RCALL SUBOPT_0x0
00019a 012f      	MOVW R4,R30
                 ; 0000 0145             }
                 ; 0000 0146 
                 ; 0000 0147       }
                 _0x60:
                 _0x5F:
                 _0x5A:
00019b cf43      	RJMP _0x22
                 ; 0000 0148 }
                 _0x61:
00019c cfff      	RJMP _0x61
                 ; .FEND
                 
                 	.DSEG
                 _movimientos:
0000e0           	.BYTE 0x14
                 
                 	.CSEG
                 ;OPTIMIZER ADDED SUBROUTINE, CALLED 4 TIMES, CODE SIZE REDUCTION:1 WORDS
                 SUBOPT_0x0:
00019d e0ea      	LDI  R30,LOW(10)
00019e e0f0      	LDI  R31,HIGH(10)
00019f 9508      	RET
                 
                 ;OPTIMIZER ADDED SUBROUTINE, CALLED 5 TIMES, CODE SIZE REDUCTION:18 WORDS
                 SUBOPT_0x1:
0001a0 01f5      	MOVW R30,R10
0001a1 01d8      	MOVW R26,R16
0001a2 0fee      	LSL  R30
0001a3 1fff      	ROL  R31
0001a4 0fae      	ADD  R26,R30
0001a5 1fbf      	ADC  R27,R31
0001a6 9508      	RET
                 
                 ;OPTIMIZER ADDED SUBROUTINE, CALLED 4 TIMES, CODE SIZE REDUCTION:1 WORDS
                 SUBOPT_0x2:
0001a7 91ed      	LD   R30,X+
0001a8 91fd      	LD   R31,X+
0001a9 9508      	RET
                 
                 ;OPTIMIZER ADDED SUBROUTINE, CALLED 7 TIMES, CODE SIZE REDUCTION:4 WORDS
                 SUBOPT_0x3:
0001aa e0e1      	LDI  R30,LOW(1)
0001ab e0f0      	LDI  R31,HIGH(1)
0001ac 9508      	RET
                 
                 ;OPTIMIZER ADDED SUBROUTINE, CALLED 7 TIMES, CODE SIZE REDUCTION:10 WORDS
                 SUBOPT_0x4:
0001ad e1ae      	LDI  R26,LOW(30)
0001ae e0b0      	LDI  R27,0
0001af c015      	RJMP _delay_ms
                 
                 ;OPTIMIZER ADDED SUBROUTINE, CALLED 5 TIMES, CODE SIZE REDUCTION:22 WORDS
                 SUBOPT_0x5:
0001b0 01f2      	MOVW R30,R4
0001b1 eea0      	LDI  R26,LOW(_movimientos)
0001b2 e0b0      	LDI  R27,HIGH(_movimientos)
0001b3 0fee      	LSL  R30
0001b4 1fff      	ROL  R31
0001b5 0fae      	ADD  R26,R30
0001b6 1fbf      	ADC  R27,R31
0001b7 9508      	RET
                 
                 ;OPTIMIZER ADDED SUBROUTINE, CALLED 4 TIMES, CODE SIZE REDUCTION:10 WORDS
                 SUBOPT_0x6:
0001b8 93ed      	ST   X+,R30
0001b9 93fc      	ST   X,R31
0001ba 01f2      	MOVW R30,R4
0001bb 9631      	ADIW R30,1
0001bc 012f      	MOVW R4,R30
0001bd 9508      	RET
                 
                 ;RUNTIME LIBRARY
                 
                 	.CSEG
                 __SAVELOCR2:
0001be 931a      	ST   -Y,R17
0001bf 930a      	ST   -Y,R16
0001c0 9508      	RET
                 
                 __GETW1P:
0001c1 91ed      	LD   R30,X+
0001c2 91fc      	LD   R31,X
0001c3 9711      	SBIW R26,1
0001c4 9508      	RET
                 
                 _delay_ms:
0001c5 9610      	adiw r26,0
0001c6 f039      	breq __delay_ms1
                 __delay_ms0:
0001c7 95a8      	wdr
                +
0001c8 ef8a     +LDI R24 , LOW ( 0xFA )
0001c9 e090     +LDI R25 , HIGH ( 0xFA )
                +__DELAY_USW_LOOP :
0001ca 9701     +SBIW R24 , 1
0001cb f7f1     +BRNE __DELAY_USW_LOOP
                 	__DELAY_USW 0xFA
0001cc 9711      	sbiw r26,1
0001cd f7c9      	brne __delay_ms0
                 __delay_ms1:
0001ce 9508      	ret
                 
                 ;END OF CODE MARKER
                 __END_OF_CODE:


RESOURCE USE INFORMATION
------------------------

Notice:
The register and instruction counts are symbol table hit counts,
and hence implicitly used resources are not counted, eg, the
'lpm' instruction without operands implicitly uses r0 and z,
none of which are counted.

x,y,z are separate entities in the symbol table and are
counted separately from r26..r31 here.

.dseg memory usage only counts static data declared with .byte

ATmega8535 register use summary:
r0 :   6 r1 :   1 r2 :  28 r3 :  28 r4 :  12 r5 :   5 r6 :   3 r7 :   2 
r8 :   4 r9 :   2 r10:   5 r11:   2 r12:   3 r13:   2 r14:   0 r15:   0 
r16:   4 r17:   2 r18:   0 r19:   0 r20:   0 r21:   0 r22:   2 r23:   0 
r24:   9 r25:   3 r26:  23 r27:   9 r28:   1 r29:   1 r30: 106 r31:  31 
x  :  11 y  :   4 z  :   7 
Registers used: 28 out of 35 (80.0%)

ATmega8535 instruction use summary:
.lds  :   0 .lds.l:   0 .sts  :   0 .sts.l:   0 adc   :   2 add   :   2 
adiw  :   4 and   :   0 andi  :   0 asr   :   0 bclr  :   0 bld   :  16 
brbc  :   0 brbs  :   0 brcc  :   0 brcs  :   0 break :   0 breq  :   4 
brge  :   2 brhc  :   0 brhs  :   0 brid  :   0 brie  :   0 brlo  :   0 
brlt  :   2 brmi  :   0 brne  :  12 brpl  :   0 brsh  :   0 brtc  :   0 
brts  :   0 brvc  :   0 brvs  :   0 bset  :   0 bst   :   8 cbi   :   0 
cbr   :   0 clc   :   0 clh   :   0 cli   :   1 cln   :   0 clr   :  12 
cls   :   0 clt   :   8 clv   :   0 clz   :   0 com   :   0 cp    :   7 
cpc   :  11 cpi   :   4 cpse  :   0 dec   :   1 des   :   0 eor   :   0 
fmul  :   0 fmuls :   0 fmulsu:   0 icall :   0 ijmp  :   0 in    :   0 
inc   :   0 ld    :   6 ldd   :   0 ldi   :  55 lds   :   0 lpm   :   7 
lsl   :   2 lsr   :   0 mov   :   1 movw  :  19 mul   :   0 muls  :   0 
mulsu :   0 neg   :   0 nop   :   0 or    :   1 ori   :   0 out   :  43 
pop   :   0 push  :   0 rcall :  41 ret   :  10 reti  :   0 rjmp  : 102 
rol   :   2 ror   :   0 sbc   :   0 sbci  :   0 sbi   :   0 sbic  :   8 
sbis  :   0 sbiw  :   7 sbr   :   0 sbrc  :  16 sbrs  :  16 sec   :   0 
seh   :   0 sei   :   0 sen   :   0 ser   :   0 ses   :   0 set   :   8 
sev   :   0 sez   :   0 sleep :   0 spm   :   0 st    :   9 std   :   0 
sts   :   0 sub   :   0 subi  :   0 swap  :   0 tst   :   0 wdr   :   1 

Instructions used: 35 out of 114 (30.7%)

ATmega8535 memory use summary [bytes]:
Segment   Begin    End      Code   Data   Used    Size   Use%
---------------------------------------------------------------
[.cseg] 0x000000 0x00039e    900     26    926    8192  11.3%
[.dseg] 0x000060 0x0000f4      0     20     20     512   3.9%
[.eseg] 0x000000 0x000000      0      0      0     512   0.0%

Assembly complete, 0 errors, 10 warnings
