Design: 04:57 a.m., Viernes, 08 de Diciembre de 2017
Design: Opening design "F:\DSD\automata\vhd\detector\detector.adf"
ELBREAD: Elaboration process.
ELBREAD: Elaboration time 0.0 [s].
Compilation with file reorder...
File: F:\DSD\automata\vhd\detector.vhd
Compile Entity "det"
Compile Architecture "DSMB" of Entity "det"
Top-Level unit detected
Entity  =>   det
Compile success 0 Errors 0 Warnings  Analysis time :  0.2 [s]
ELBREAD: Elaboration process.
ELBREAD: Elaboration time 0.0 [s].
ELBREAD: Elaboration process.
ELBREAD: Elaboration time 0.0 [s].
KERNEL: Main thread initiated.
KERNEL: Kernel process initialization phase.
ELAB2: Elaboration final pass...
ELAB2: Elaboration final pass complete - time: 0.0 [s].
KERNEL: Kernel process initialization done.
04:58 a.m., Viernes, 08 de Diciembre de 2017
Simulation has been initialized
Selected Top-Level: det (DSMB)
KERNEL: stopped at time: 100 ns
KERNEL: stopped at time: 200 ns
KERNEL: stopped at time: 300 ns
KERNEL: stopped at time: 400 ns
KERNEL: stopped at time: 500 ns
KERNEL: stopped at time: 600 ns
KERNEL: stopped at time: 700 ns
KERNEL: stopped at time: 800 ns
KERNEL: stopped at time: 900 ns
KERNEL: stopped at time: 1 us
KERNEL: stopped at time: 1100 ns
KERNEL: stopped at time: 1200 ns
KERNEL: stopped at time: 1300 ns
KERNEL: stopped at time: 1400 ns
KERNEL: stopped at time: 1500 ns
KERNEL: stopped at time: 1600 ns
KERNEL: stopped at time: 1700 ns
KERNEL: stopped at time: 1800 ns
KERNEL: stopped at time: 1900 ns
KERNEL: stopped at time: 2 us
KERNEL: stopped at time: 2100 ns
KERNEL: stopped at time: 2200 ns
Simulation has been stopped
