
vhdlfe V6.3 IR 35:  VHDL parser
Thu Nov 30 16:18:51 2017

Setting library 'work' to directory 'lc22v10'

vhdlfe:  No errors.


vhdlfe V6.3 IR 35:  VHDL parser
Thu Nov 30 16:19:14 2017

Setting library 'work' to directory 'lc22v10'

vhdlfe:  No errors.


vhdlfe V6.3 IR 35:  VHDL parser
Thu Nov 30 16:20:20 2017

Setting library 'work' to directory 'lc22v10'

vhdlfe:  No errors.


vhdlfe V6.3 IR 35:  VHDL parser
Thu Nov 30 16:20:48 2017

Setting library 'work' to directory 'lc22v10'

vhdlfe:  No errors.


vhdlfe V6.3 IR 35:  VHDL parser
Thu Nov 30 16:25:19 2017

Setting library 'work' to directory 'lc22v10'

vhdlfe:  No errors.


vhdlfe V6.3 IR 35:  VHDL parser
Thu Nov 30 16:25:27 2017

Setting library 'work' to directory 'lc22v10'

vhdlfe:  No errors.


vhdlfe V6.3 IR 35:  VHDL parser
Thu Nov 30 16:27:44 2017

Setting library 'work' to directory 'lc22v10'

vhdlfe:  No errors.


vhdlfe V6.3 IR 35:  VHDL parser
Thu Nov 30 16:29:16 2017

Setting library 'work' to directory 'lc22v10'

vhdlfe:  No errors.


vhdlfe V6.3 IR 35:  VHDL parser
Fri Dec 08 04:33:58 2017

Setting library 'work' to directory 'lc22v10'

vhdlfe:  No errors.


vhdlfe V6.3 IR 35:  VHDL parser
Fri Dec 08 04:35:52 2017

Setting library 'work' to directory 'lc22v10'

vhdlfe:  No errors.


vhdlfe V6.3 IR 35:  VHDL parser
Fri Dec 08 04:36:11 2017

Setting library 'work' to directory 'lc22v10'

vhdlfe:  No errors.


vhdlfe V6.3 IR 35:  VHDL parser
Fri Dec 08 04:36:23 2017

Setting library 'work' to directory 'lc22v10'

vhdlfe:  No errors.


vhdlfe V6.3 IR 35:  VHDL parser
Fri Dec 08 04:38:13 2017

Setting library 'work' to directory 'lc22v10'

vhdlfe:  No errors.


vhdlfe V6.3 IR 35:  VHDL parser
Fri Dec 08 04:38:24 2017

Setting library 'work' to directory 'lc22v10'

vhdlfe:  No errors.


vhdlfe V6.3 IR 35:  VHDL parser
Fri Dec 08 04:41:37 2017

Setting library 'work' to directory 'lc22v10'

vhdlfe:  No errors.

